vscode-ansible-on-pull-request-hzqqm-init

STEP-INIT

Build Initialize: quay.io/redhat-user-workloads/ansible-lightspeed-tenant/vscode-ansible:on-pr-da032a67562c37d150c0228654c9a8b7bbaec5a6

Determine if Image Already Exists


vscode-ansible-on-pull-request-hzqqm-clone-repository

STEP-CLONE

INFO: Using mounted CA bundle: /mnt/trusted-ca/ca-bundle.crt
{"level":"info","ts":1762347662.0510917,"caller":"git/git.go:176","msg":"Successfully cloned https://github.com/ansible/vscode-ansible @ da032a67562c37d150c0228654c9a8b7bbaec5a6 (grafted, HEAD) in path /workspace/output/source"}
{"level":"info","ts":1762347662.0843513,"caller":"git/git.go:215","msg":"Successfully initialized and updated submodules in path /workspace/output/source"}
Merge option disabled. Using checked-out revision da032a67562c37d150c0228654c9a8b7bbaec5a6 directly.


STEP-SYMLINK-CHECK

Running symlink check


vscode-ansible-on-pull-request-hzqqm-prefetch-dependencies

STEP-SANITIZE-CACHI2-CONFIG-FILE-WITH-YQ



STEP-PREFETCH-DEPENDENCIES

No prefetch will be performed because no input was provided for cachi2 fetch-deps


vscode-ansible-on-pull-request-hzqqm-build-container

STEP-BUILD

[2025-11-05T13:01:46,449065793+00:00] Update CA trust
INFO: Using mounted CA bundle: /mnt/trusted-ca/ca-bundle.crt
'/mnt/trusted-ca/ca-bundle.crt' -> '/etc/pki/ca-trust/source/anchors/ca-bundle.crt'
[2025-11-05T13:01:47,389885381+00:00] Prepare Dockerfile
Checking if /var/workdir/cachi2/output/bom.json exists.
Could not find prefetched sbom. No content_sets found for ICM
[2025-11-05T13:01:47,396446498+00:00] Prepare system (architecture: x86_64)
[2025-11-05T13:01:47,456062975+00:00] Setup prefetched
[2025-11-05T13:01:47,458794251+00:00] Register sub-man
Adding the entitlement to the build
[2025-11-05T13:01:47,462914671+00:00] Add secrets
[2025-11-05T13:01:47,471485701+00:00] Run buildah build
[2025-11-05T13:01:47,472518193+00:00] buildah build --volume /tmp/entitlement:/etc/pki/entitlement --label build-date=2025-11-05T13:01:47 --label architecture=x86_64 --label vcs-type=git --label vcs-ref=da032a67562c37d150c0228654c9a8b7bbaec5a6 --label quay.expires-after=5d --tls-verify=true --no-cache --ulimit nofile=4096:4096 -f /tmp/vscode-ansible.Containerfile.5zKdVc -t quay.io/redhat-user-workloads/ansible-lightspeed-tenant/vscode-ansible:on-pr-da032a67562c37d150c0228654c9a8b7bbaec5a6 .
STEP 1/8: FROM node:lts-slim
Resolved "node" as an alias (/etc/containers/registries.conf.d/000-shortnames.conf)
Trying to pull docker.io/library/node:lts-slim...
Getting image source signatures
Copying blob sha256:e44e74b9921ae8f87191b6d56846b487db91316fb3a30c301e975b3d142ed612
Copying blob sha256:1adabd6b0d6b8acfa4ad149a984df0977135a7babf423538c7284a02744a4ee8
Copying blob sha256:7c3cdb4c7d9520f7e4309498de556dd7011cb0f9ff69433b04f7114a88c8a7e5
Copying blob sha256:cb66305e1c064e8bfb10565500dab2ad66c70f3ccb1741753c10e58fd158df53
Copying blob sha256:a86ca67250bb26cfb6399365e7f69be000c8b193cbc39a7cd29196eb058a0ab5
Copying config sha256:8e9744b805b4d282153269b076ed713722972cc13ef0c05bb73a764f51adafb8
Writing manifest to image destination
STEP 2/8: WORKDIR /usr/src/app
STEP 3/8: RUN corepack enable
STEP 4/8: RUN apt-get update &&     apt-get install -y python3 python3-pip unzip git git-lfs &&     rm -rf /var/lib/apt/lists/*
Get:1 http://deb.debian.org/debian bookworm InRelease [151 kB]
Get:2 http://deb.debian.org/debian bookworm-updates InRelease [55.4 kB]
Get:3 http://deb.debian.org/debian-security bookworm-security InRelease [48.0 kB]
Get:4 http://deb.debian.org/debian bookworm/main amd64 Packages [8791 kB]
Get:5 http://deb.debian.org/debian bookworm-updates/main amd64 Packages [6924 B]
Get:6 http://deb.debian.org/debian-security bookworm-security/main amd64 Packages [284 kB]
Fetched 9337 kB in 1s (11.7 MB/s)
Reading package lists...
Reading package lists...
Building dependency tree...
Reading state information...
The following additional packages will be installed:
  binutils binutils-common binutils-x86-64-linux-gnu build-essential bzip2
  ca-certificates cpp cpp-12 dirmngr dpkg-dev fakeroot fontconfig-config
  fonts-dejavu-core g++ g++-12 gcc gcc-12 git-man gnupg gnupg-l10n gnupg-utils
  gpg gpg-agent gpg-wks-client gpg-wks-server gpgconf gpgsm javascript-common
  krb5-locales less libabsl20220623 libalgorithm-diff-perl
  libalgorithm-diff-xs-perl libalgorithm-merge-perl libaom3 libasan8
  libassuan0 libatomic1 libavif15 libbinutils libbrotli1 libbsd0 libc-dev-bin
  libc-devtools libc6-dev libcbor0.8 libcc1-0 libcrypt-dev libctf-nobfd0
  libctf0 libcurl3-gnutls libdav1d6 libde265-0 libdeflate0 libdpkg-perl
  libedit2 liberror-perl libexpat1 libexpat1-dev libfakeroot libfido2-1
  libfile-fcntllock-perl libfontconfig1 libfreetype6 libgav1-1 libgcc-12-dev
  libgd3 libgdbm-compat4 libgdbm6 libgomp1 libgpm2 libgprofng0
  libgssapi-krb5-2 libheif1 libisl23 libitm1 libjansson4 libjbig0
  libjpeg62-turbo libjs-jquery libjs-sphinxdoc libjs-underscore libk5crypto3
  libkeyutils1 libkrb5-3 libkrb5support0 libksba8 libldap-2.5-0 libldap-common
  liblerc4 liblocale-gettext-perl liblsan0 libmpc3 libmpfr6 libncursesw6
  libnghttp2-14 libnpth0 libnsl-dev libnsl2 libnuma1 libperl5.36 libpng16-16
  libpsl5 libpython3-dev libpython3-stdlib libpython3.11 libpython3.11-dev
  libpython3.11-minimal libpython3.11-stdlib libquadmath0 librav1e0
  libreadline8 librtmp1 libsasl2-2 libsasl2-modules libsasl2-modules-db
  libsqlite3-0 libssh2-1 libssl3 libstdc++-12-dev libsvtav1enc1 libtiff6
  libtirpc-common libtirpc-dev libtirpc3 libtsan2 libubsan1 libwebp7 libx11-6
  libx11-data libx265-199 libxau6 libxcb1 libxdmcp6 libxext6 libxmuu1 libxpm4
  libyuv0 linux-libc-dev make manpages manpages-dev media-types netbase
  openssh-client openssl patch perl perl-modules-5.36 pinentry-curses
  publicsuffix python3-dev python3-distutils python3-lib2to3 python3-minimal
  python3-pkg-resources python3-setuptools python3-wheel python3.11
  python3.11-dev python3.11-minimal readline-common rpcsvc-proto xauth
  xz-utils zlib1g-dev
Suggested packages:
  binutils-doc bzip2-doc cpp-doc gcc-12-locales cpp-12-doc dbus-user-session
  libpam-systemd pinentry-gnome3 tor debian-keyring g++-multilib
  g++-12-multilib gcc-12-doc gcc-multilib autoconf automake libtool flex bison
  gdb gcc-doc gcc-12-multilib gettext-base git-daemon-run
  | git-daemon-sysvinit git-doc git-email git-gui gitk gitweb git-cvs
  git-mediawiki git-svn parcimonie xloadimage scdaemon apache2 | lighttpd
  | httpd glibc-doc sensible-utils bzr libgd-tools gdbm-l10n gpm krb5-doc
  krb5-user libsasl2-modules-gssapi-mit | libsasl2-modules-gssapi-heimdal
  libsasl2-modules-ldap libsasl2-modules-otp libsasl2-modules-sql
  libstdc++-12-doc make-doc man-browser keychain libpam-ssh monkeysphere
  ssh-askpass ed diffutils-doc perl-doc libterm-readline-gnu-perl
  | libterm-readline-perl-perl libtap-harness-archive-perl pinentry-doc
  python3-doc python3-tk python3-venv python-setuptools-doc python3.11-venv
  python3.11-doc binfmt-support readline-doc zip
The following NEW packages will be installed:
  binutils binutils-common binutils-x86-64-linux-gnu build-essential bzip2
  ca-certificates cpp cpp-12 dirmngr dpkg-dev fakeroot fontconfig-config
  fonts-dejavu-core g++ g++-12 gcc gcc-12 git git-lfs git-man gnupg gnupg-l10n
  gnupg-utils gpg gpg-agent gpg-wks-client gpg-wks-server gpgconf gpgsm
  javascript-common krb5-locales less libabsl20220623 libalgorithm-diff-perl
  libalgorithm-diff-xs-perl libalgorithm-merge-perl libaom3 libasan8
  libassuan0 libatomic1 libavif15 libbinutils libbrotli1 libbsd0 libc-dev-bin
  libc-devtools libc6-dev libcbor0.8 libcc1-0 libcrypt-dev libctf-nobfd0
  libctf0 libcurl3-gnutls libdav1d6 libde265-0 libdeflate0 libdpkg-perl
  libedit2 liberror-perl libexpat1 libexpat1-dev libfakeroot libfido2-1
  libfile-fcntllock-perl libfontconfig1 libfreetype6 libgav1-1 libgcc-12-dev
  libgd3 libgdbm-compat4 libgdbm6 libgomp1 libgpm2 libgprofng0
  libgssapi-krb5-2 libheif1 libisl23 libitm1 libjansson4 libjbig0
  libjpeg62-turbo libjs-jquery libjs-sphinxdoc libjs-underscore libk5crypto3
  libkeyutils1 libkrb5-3 libkrb5support0 libksba8 libldap-2.5-0 libldap-common
  liblerc4 liblocale-gettext-perl liblsan0 libmpc3 libmpfr6 libncursesw6
  libnghttp2-14 libnpth0 libnsl-dev libnsl2 libnuma1 libperl5.36 libpng16-16
  libpsl5 libpython3-dev libpython3-stdlib libpython3.11 libpython3.11-dev
  libpython3.11-minimal libpython3.11-stdlib libquadmath0 librav1e0
  libreadline8 librtmp1 libsasl2-2 libsasl2-modules libsasl2-modules-db
  libsqlite3-0 libssh2-1 libssl3 libstdc++-12-dev libsvtav1enc1 libtiff6
  libtirpc-common libtirpc-dev libtirpc3 libtsan2 libubsan1 libwebp7 libx11-6
  libx11-data libx265-199 libxau6 libxcb1 libxdmcp6 libxext6 libxmuu1 libxpm4
  libyuv0 linux-libc-dev make manpages manpages-dev media-types netbase
  openssh-client openssl patch perl perl-modules-5.36 pinentry-curses
  publicsuffix python3 python3-dev python3-distutils python3-lib2to3
  python3-minimal python3-pip python3-pkg-resources python3-setuptools
  python3-wheel python3.11 python3.11-dev python3.11-minimal readline-common
  rpcsvc-proto unzip xauth xz-utils zlib1g-dev
0 upgraded, 171 newly installed, 0 to remove and 0 not upgraded.
Need to get 136 MB of archives.
After this operation, 545 MB of additional disk space will be used.
Get:1 http://deb.debian.org/debian bookworm/main amd64 perl-modules-5.36 all 5.36.0-7+deb12u3 [2815 kB]
Get:2 http://deb.debian.org/debian bookworm/main amd64 libgdbm6 amd64 1.23-3 [72.2 kB]
Get:3 http://deb.debian.org/debian bookworm/main amd64 libgdbm-compat4 amd64 1.23-3 [48.2 kB]
Get:4 http://deb.debian.org/debian bookworm/main amd64 libperl5.36 amd64 5.36.0-7+deb12u3 [4196 kB]
Get:5 http://deb.debian.org/debian bookworm/main amd64 perl amd64 5.36.0-7+deb12u3 [239 kB]
Get:6 http://deb.debian.org/debian bookworm/main amd64 liblocale-gettext-perl amd64 1.07-5 [15.4 kB]
Get:7 http://deb.debian.org/debian-security bookworm-security/main amd64 libssl3 amd64 3.0.17-1~deb12u3 [2028 kB]
Get:8 http://deb.debian.org/debian bookworm/main amd64 libpython3.11-minimal amd64 3.11.2-6+deb12u6 [817 kB]
Get:9 http://deb.debian.org/debian bookworm/main amd64 libexpat1 amd64 2.5.0-1+deb12u2 [99.9 kB]
Get:10 http://deb.debian.org/debian bookworm/main amd64 python3.11-minimal amd64 3.11.2-6+deb12u6 [2064 kB]
Get:11 http://deb.debian.org/debian bookworm/main amd64 python3-minimal amd64 3.11.2-1+b1 [26.3 kB]
Get:12 http://deb.debian.org/debian bookworm/main amd64 media-types all 10.0.0 [26.1 kB]
Get:13 http://deb.debian.org/debian bookworm/main amd64 libncursesw6 amd64 6.4-4 [134 kB]
Get:14 http://deb.debian.org/debian bookworm/main amd64 libkrb5support0 amd64 1.20.1-2+deb12u4 [33.2 kB]
Get:15 http://deb.debian.org/debian bookworm/main amd64 libk5crypto3 amd64 1.20.1-2+deb12u4 [79.8 kB]
Get:16 http://deb.debian.org/debian bookworm/main amd64 libkeyutils1 amd64 1.6.3-2 [8808 B]
Get:17 http://deb.debian.org/debian bookworm/main amd64 libkrb5-3 amd64 1.20.1-2+deb12u4 [334 kB]
Get:18 http://deb.debian.org/debian bookworm/main amd64 libgssapi-krb5-2 amd64 1.20.1-2+deb12u4 [135 kB]
Get:19 http://deb.debian.org/debian bookworm/main amd64 libtirpc-common all 1.3.3+ds-1 [14.0 kB]
Get:20 http://deb.debian.org/debian bookworm/main amd64 libtirpc3 amd64 1.3.3+ds-1 [85.2 kB]
Get:21 http://deb.debian.org/debian bookworm/main amd64 libnsl2 amd64 1.3.0-2 [39.5 kB]
Get:22 http://deb.debian.org/debian bookworm/main amd64 readline-common all 8.2-1.3 [69.0 kB]
Get:23 http://deb.debian.org/debian bookworm/main amd64 libreadline8 amd64 8.2-1.3 [166 kB]
Get:24 http://deb.debian.org/debian bookworm/main amd64 libsqlite3-0 amd64 3.40.1-2+deb12u2 [839 kB]
Get:25 http://deb.debian.org/debian bookworm/main amd64 libpython3.11-stdlib amd64 3.11.2-6+deb12u6 [1798 kB]
Get:26 http://deb.debian.org/debian bookworm/main amd64 python3.11 amd64 3.11.2-6+deb12u6 [573 kB]
Get:27 http://deb.debian.org/debian bookworm/main amd64 libpython3-stdlib amd64 3.11.2-1+b1 [9312 B]
Get:28 http://deb.debian.org/debian bookworm/main amd64 python3 amd64 3.11.2-1+b1 [26.3 kB]
Get:29 http://deb.debian.org/debian bookworm/main amd64 less amd64 590-2.1~deb12u2 [132 kB]
Get:30 http://deb.debian.org/debian bookworm/main amd64 netbase all 6.4 [12.8 kB]
Get:31 http://deb.debian.org/debian bookworm/main amd64 bzip2 amd64 1.0.8-5+b1 [49.8 kB]
Get:32 http://deb.debian.org/debian-security bookworm-security/main amd64 openssl amd64 3.0.17-1~deb12u3 [1434 kB]
Get:33 http://deb.debian.org/debian bookworm/main amd64 ca-certificates all 20230311+deb12u1 [155 kB]
Get:34 http://deb.debian.org/debian bookworm/main amd64 krb5-locales all 1.20.1-2+deb12u4 [63.4 kB]
Get:35 http://deb.debian.org/debian bookworm/main amd64 manpages all 6.03-2 [1332 kB]
Get:36 http://deb.debian.org/debian bookworm/main amd64 libbsd0 amd64 0.11.7-2 [117 kB]
Get:37 http://deb.debian.org/debian bookworm/main amd64 libedit2 amd64 3.1-20221030-2 [93.0 kB]
Get:38 http://deb.debian.org/debian bookworm/main amd64 libcbor0.8 amd64 0.8.0-2+b1 [27.4 kB]
Get:39 http://deb.debian.org/debian bookworm/main amd64 libfido2-1 amd64 1.12.0-2+b1 [77.2 kB]
Get:40 http://deb.debian.org/debian bookworm/main amd64 openssh-client amd64 1:9.2p1-2+deb12u7 [992 kB]
Get:41 http://deb.debian.org/debian bookworm/main amd64 xz-utils amd64 5.4.1-1 [471 kB]
Get:42 http://deb.debian.org/debian bookworm/main amd64 binutils-common amd64 2.40-2 [2487 kB]
Get:43 http://deb.debian.org/debian bookworm/main amd64 libbinutils amd64 2.40-2 [572 kB]
Get:44 http://deb.debian.org/debian bookworm/main amd64 libctf-nobfd0 amd64 2.40-2 [153 kB]
Get:45 http://deb.debian.org/debian bookworm/main amd64 libctf0 amd64 2.40-2 [89.8 kB]
Get:46 http://deb.debian.org/debian bookworm/main amd64 libgprofng0 amd64 2.40-2 [812 kB]
Get:47 http://deb.debian.org/debian bookworm/main amd64 libjansson4 amd64 2.14-2 [40.8 kB]
Get:48 http://deb.debian.org/debian bookworm/main amd64 binutils-x86-64-linux-gnu amd64 2.40-2 [2246 kB]
Get:49 http://deb.debian.org/debian bookworm/main amd64 binutils amd64 2.40-2 [65.0 kB]
Get:50 http://deb.debian.org/debian bookworm/main amd64 libc-dev-bin amd64 2.36-9+deb12u13 [47.4 kB]
Get:51 http://deb.debian.org/debian-security bookworm-security/main amd64 linux-libc-dev amd64 6.1.153-1 [2192 kB]
Get:52 http://deb.debian.org/debian bookworm/main amd64 libcrypt-dev amd64 1:4.4.33-2 [118 kB]
Get:53 http://deb.debian.org/debian bookworm/main amd64 libtirpc-dev amd64 1.3.3+ds-1 [191 kB]
Get:54 http://deb.debian.org/debian bookworm/main amd64 libnsl-dev amd64 1.3.0-2 [66.4 kB]
Get:55 http://deb.debian.org/debian bookworm/main amd64 rpcsvc-proto amd64 1.4.3-1 [63.3 kB]
Get:56 http://deb.debian.org/debian bookworm/main amd64 libc6-dev amd64 2.36-9+deb12u13 [1904 kB]
Get:57 http://deb.debian.org/debian bookworm/main amd64 libisl23 amd64 0.25-1.1 [683 kB]
Get:58 http://deb.debian.org/debian bookworm/main amd64 libmpfr6 amd64 4.2.0-1 [701 kB]
Get:59 http://deb.debian.org/debian bookworm/main amd64 libmpc3 amd64 1.3.1-1 [51.5 kB]
Get:60 http://deb.debian.org/debian bookworm/main amd64 cpp-12 amd64 12.2.0-14+deb12u1 [9768 kB]
Get:61 http://deb.debian.org/debian bookworm/main amd64 cpp amd64 4:12.2.0-3 [6836 B]
Get:62 http://deb.debian.org/debian bookworm/main amd64 libcc1-0 amd64 12.2.0-14+deb12u1 [41.7 kB]
Get:63 http://deb.debian.org/debian bookworm/main amd64 libgomp1 amd64 12.2.0-14+deb12u1 [116 kB]
Get:64 http://deb.debian.org/debian bookworm/main amd64 libitm1 amd64 12.2.0-14+deb12u1 [26.1 kB]
Get:65 http://deb.debian.org/debian bookworm/main amd64 libatomic1 amd64 12.2.0-14+deb12u1 [9376 B]
Get:66 http://deb.debian.org/debian bookworm/main amd64 libasan8 amd64 12.2.0-14+deb12u1 [2193 kB]
Get:67 http://deb.debian.org/debian bookworm/main amd64 liblsan0 amd64 12.2.0-14+deb12u1 [969 kB]
Get:68 http://deb.debian.org/debian bookworm/main amd64 libtsan2 amd64 12.2.0-14+deb12u1 [2197 kB]
Get:69 http://deb.debian.org/debian bookworm/main amd64 libubsan1 amd64 12.2.0-14+deb12u1 [883 kB]
Get:70 http://deb.debian.org/debian bookworm/main amd64 libquadmath0 amd64 12.2.0-14+deb12u1 [145 kB]
Get:71 http://deb.debian.org/debian bookworm/main amd64 libgcc-12-dev amd64 12.2.0-14+deb12u1 [2437 kB]
Get:72 http://deb.debian.org/debian bookworm/main amd64 gcc-12 amd64 12.2.0-14+deb12u1 [19.3 MB]
Get:73 http://deb.debian.org/debian bookworm/main amd64 gcc amd64 4:12.2.0-3 [5216 B]
Get:74 http://deb.debian.org/debian bookworm/main amd64 libstdc++-12-dev amd64 12.2.0-14+deb12u1 [2047 kB]
Get:75 http://deb.debian.org/debian bookworm/main amd64 g++-12 amd64 12.2.0-14+deb12u1 [10.7 MB]
Get:76 http://deb.debian.org/debian bookworm/main amd64 g++ amd64 4:12.2.0-3 [1356 B]
Get:77 http://deb.debian.org/debian bookworm/main amd64 make amd64 4.3-4.1 [396 kB]
Get:78 http://deb.debian.org/debian bookworm/main amd64 libdpkg-perl all 1.21.22 [603 kB]
Get:79 http://deb.debian.org/debian bookworm/main amd64 patch amd64 2.7.6-7 [128 kB]
Get:80 http://deb.debian.org/debian bookworm/main amd64 dpkg-dev all 1.21.22 [1353 kB]
Get:81 http://deb.debian.org/debian bookworm/main amd64 build-essential amd64 12.9 [7704 B]
Get:82 http://deb.debian.org/debian bookworm/main amd64 libassuan0 amd64 2.5.5-5 [48.5 kB]
Get:83 http://deb.debian.org/debian bookworm/main amd64 gpgconf amd64 2.2.40-1.1+deb12u1 [564 kB]
Get:84 http://deb.debian.org/debian bookworm/main amd64 libksba8 amd64 1.6.3-2 [128 kB]
Get:85 http://deb.debian.org/debian bookworm/main amd64 libsasl2-modules-db amd64 2.1.28+dfsg-10 [20.3 kB]
Get:86 http://deb.debian.org/debian bookworm/main amd64 libsasl2-2 amd64 2.1.28+dfsg-10 [59.7 kB]
Get:87 http://deb.debian.org/debian bookworm/main amd64 libldap-2.5-0 amd64 2.5.13+dfsg-5 [183 kB]
Get:88 http://deb.debian.org/debian bookworm/main amd64 libnpth0 amd64 1.6-3 [19.0 kB]
Get:89 http://deb.debian.org/debian bookworm/main amd64 dirmngr amd64 2.2.40-1.1+deb12u1 [792 kB]
Get:90 http://deb.debian.org/debian bookworm/main amd64 libfakeroot amd64 1.31-1.2 [28.3 kB]
Get:91 http://deb.debian.org/debian bookworm/main amd64 fakeroot amd64 1.31-1.2 [66.9 kB]
Get:92 http://deb.debian.org/debian bookworm/main amd64 fonts-dejavu-core all 2.37-6 [1068 kB]
Get:93 http://deb.debian.org/debian bookworm/main amd64 fontconfig-config amd64 2.14.1-4 [315 kB]
Get:94 http://deb.debian.org/debian bookworm/main amd64 libbrotli1 amd64 1.0.9-2+b6 [275 kB]
Get:95 http://deb.debian.org/debian bookworm/main amd64 libnghttp2-14 amd64 1.52.0-1+deb12u2 [73.0 kB]
Get:96 http://deb.debian.org/debian bookworm/main amd64 libpsl5 amd64 0.21.2-1 [58.7 kB]
Get:97 http://deb.debian.org/debian bookworm/main amd64 librtmp1 amd64 2.4+20151223.gitfa8646d.1-2+b2 [60.8 kB]
Get:98 http://deb.debian.org/debian bookworm/main amd64 libssh2-1 amd64 1.10.0-3+b1 [179 kB]
Get:99 http://deb.debian.org/debian bookworm/main amd64 libcurl3-gnutls amd64 7.88.1-10+deb12u14 [386 kB]
Get:100 http://deb.debian.org/debian bookworm/main amd64 liberror-perl all 0.17029-2 [29.0 kB]
Get:101 http://deb.debian.org/debian bookworm/main amd64 git-man all 1:2.39.5-0+deb12u2 [2053 kB]
Get:102 http://deb.debian.org/debian bookworm/main amd64 git amd64 1:2.39.5-0+deb12u2 [7260 kB]
Get:103 http://deb.debian.org/debian bookworm/main amd64 git-lfs amd64 3.3.0-1+deb12u1 [3489 kB]
Get:104 http://deb.debian.org/debian bookworm/main amd64 gnupg-l10n all 2.2.40-1.1+deb12u1 [1093 kB]
Get:105 http://deb.debian.org/debian bookworm/main amd64 gnupg-utils amd64 2.2.40-1.1+deb12u1 [927 kB]
Get:106 http://deb.debian.org/debian bookworm/main amd64 gpg amd64 2.2.40-1.1+deb12u1 [949 kB]
Get:107 http://deb.debian.org/debian bookworm/main amd64 pinentry-curses amd64 1.2.1-1 [77.4 kB]
Get:108 http://deb.debian.org/debian bookworm/main amd64 gpg-agent amd64 2.2.40-1.1+deb12u1 [694 kB]
Get:109 http://deb.debian.org/debian bookworm/main amd64 gpg-wks-client amd64 2.2.40-1.1+deb12u1 [540 kB]
Get:110 http://deb.debian.org/debian bookworm/main amd64 gpg-wks-server amd64 2.2.40-1.1+deb12u1 [531 kB]
Get:111 http://deb.debian.org/debian bookworm/main amd64 gpgsm amd64 2.2.40-1.1+deb12u1 [671 kB]
Get:112 http://deb.debian.org/debian bookworm/main amd64 gnupg all 2.2.40-1.1+deb12u1 [846 kB]
Get:113 http://deb.debian.org/debian bookworm/main amd64 javascript-common all 11+nmu1 [6260 B]
Get:114 http://deb.debian.org/debian bookworm/main amd64 libabsl20220623 amd64 20220623.1-1+deb12u2 [391 kB]
Get:115 http://deb.debian.org/debian bookworm/main amd64 libalgorithm-diff-perl all 1.201-1 [43.3 kB]
Get:116 http://deb.debian.org/debian bookworm/main amd64 libalgorithm-diff-xs-perl amd64 0.04-8+b1 [11.4 kB]
Get:117 http://deb.debian.org/debian bookworm/main amd64 libalgorithm-merge-perl all 0.08-5 [11.8 kB]
Get:118 http://deb.debian.org/debian bookworm/main amd64 libaom3 amd64 3.6.0-1+deb12u2 [1850 kB]
Get:119 http://deb.debian.org/debian bookworm/main amd64 libdav1d6 amd64 1.0.0-2+deb12u1 [513 kB]
Get:120 http://deb.debian.org/debian bookworm/main amd64 libgav1-1 amd64 0.18.0-1+b1 [332 kB]
Get:121 http://deb.debian.org/debian bookworm/main amd64 librav1e0 amd64 0.5.1-6 [763 kB]
Get:122 http://deb.debian.org/debian bookworm/main amd64 libsvtav1enc1 amd64 1.4.1+dfsg-1 [2121 kB]
Get:123 http://deb.debian.org/debian bookworm/main amd64 libjpeg62-turbo amd64 1:2.1.5-2 [166 kB]
Get:124 http://deb.debian.org/debian bookworm/main amd64 libyuv0 amd64 0.0~git20230123.b2528b0-1 [168 kB]
Get:125 http://deb.debian.org/debian bookworm/main amd64 libavif15 amd64 0.11.1-1+deb12u1 [94.4 kB]
Get:126 http://deb.debian.org/debian bookworm/main amd64 libpng16-16 amd64 1.6.39-2 [276 kB]
Get:127 http://deb.debian.org/debian bookworm/main amd64 libfreetype6 amd64 2.12.1+dfsg-5+deb12u4 [398 kB]
Get:128 http://deb.debian.org/debian bookworm/main amd64 libfontconfig1 amd64 2.14.1-4 [386 kB]
Get:129 http://deb.debian.org/debian bookworm/main amd64 libde265-0 amd64 1.0.11-1+deb12u2 [185 kB]
Get:130 http://deb.debian.org/debian bookworm/main amd64 libnuma1 amd64 2.0.16-1 [21.0 kB]
Get:131 http://deb.debian.org/debian bookworm/main amd64 libx265-199 amd64 3.5-2+b1 [1150 kB]
Get:132 http://deb.debian.org/debian bookworm/main amd64 libheif1 amd64 1.15.1-1+deb12u1 [215 kB]
Get:133 http://deb.debian.org/debian bookworm/main amd64 libdeflate0 amd64 1.14-1 [61.4 kB]
Get:134 http://deb.debian.org/debian bookworm/main amd64 libjbig0 amd64 2.1-6.1 [31.7 kB]
Get:135 http://deb.debian.org/debian bookworm/main amd64 liblerc4 amd64 4.0.0+ds-2 [170 kB]
Get:136 http://deb.debian.org/debian bookworm/main amd64 libwebp7 amd64 1.2.4-0.2+deb12u1 [286 kB]
Get:137 http://deb.debian.org/debian-security bookworm-security/main amd64 libtiff6 amd64 4.5.0-6+deb12u3 [316 kB]
Get:138 http://deb.debian.org/debian bookworm/main amd64 libxau6 amd64 1:1.0.9-1 [19.7 kB]
Get:139 http://deb.debian.org/debian bookworm/main amd64 libxdmcp6 amd64 1:1.1.2-3 [26.3 kB]
Get:140 http://deb.debian.org/debian bookworm/main amd64 libxcb1 amd64 1.15-1 [144 kB]
Get:141 http://deb.debian.org/debian bookworm/main amd64 libx11-data all 2:1.8.4-2+deb12u2 [292 kB]
Get:142 http://deb.debian.org/debian bookworm/main amd64 libx11-6 amd64 2:1.8.4-2+deb12u2 [760 kB]
Get:143 http://deb.debian.org/debian bookworm/main amd64 libxpm4 amd64 1:3.5.12-1.1+deb12u1 [48.6 kB]
Get:144 http://deb.debian.org/debian bookworm/main amd64 libgd3 amd64 2.3.3-9 [124 kB]
Get:145 http://deb.debian.org/debian bookworm/main amd64 libc-devtools amd64 2.36-9+deb12u13 [55.0 kB]
Get:146 http://deb.debian.org/debian bookworm/main amd64 libexpat1-dev amd64 2.5.0-1+deb12u2 [151 kB]
Get:147 http://deb.debian.org/debian bookworm/main amd64 libfile-fcntllock-perl amd64 0.22-4+b1 [34.8 kB]
Get:148 http://deb.debian.org/debian bookworm/main amd64 libgpm2 amd64 1.20.7-10+b1 [14.2 kB]
Get:149 http://deb.debian.org/debian bookworm/main amd64 libjs-jquery all 3.6.1+dfsg+~3.5.14-1 [326 kB]
Get:150 http://deb.debian.org/debian bookworm/main amd64 libjs-underscore all 1.13.4~dfsg+~1.11.4-3 [116 kB]
Get:151 http://deb.debian.org/debian bookworm/main amd64 libjs-sphinxdoc all 5.3.0-4 [130 kB]
Get:152 http://deb.debian.org/debian bookworm/main amd64 libldap-common all 2.5.13+dfsg-5 [29.3 kB]
Get:153 http://deb.debian.org/debian bookworm/main amd64 libpython3.11 amd64 3.11.2-6+deb12u6 [1987 kB]
Get:154 http://deb.debian.org/debian bookworm/main amd64 zlib1g-dev amd64 1:1.2.13.dfsg-1 [916 kB]
Get:155 http://deb.debian.org/debian bookworm/main amd64 libpython3.11-dev amd64 3.11.2-6+deb12u6 [4742 kB]
Get:156 http://deb.debian.org/debian bookworm/main amd64 libpython3-dev amd64 3.11.2-1+b1 [9572 B]
Get:157 http://deb.debian.org/debian bookworm/main amd64 libsasl2-modules amd64 2.1.28+dfsg-10 [66.6 kB]
Get:158 http://deb.debian.org/debian bookworm/main amd64 libxext6 amd64 2:1.3.4-1+b1 [52.9 kB]
Get:159 http://deb.debian.org/debian bookworm/main amd64 libxmuu1 amd64 2:1.1.3-3 [23.9 kB]
Get:160 http://deb.debian.org/debian bookworm/main amd64 manpages-dev all 6.03-2 [2030 kB]
Get:161 http://deb.debian.org/debian bookworm/main amd64 publicsuffix all 20230209.2326-1 [126 kB]
Get:162 http://deb.debian.org/debian bookworm/main amd64 python3.11-dev amd64 3.11.2-6+deb12u6 [615 kB]
Get:163 http://deb.debian.org/debian bookworm/main amd64 python3-lib2to3 all 3.11.2-3 [76.3 kB]
Get:164 http://deb.debian.org/debian bookworm/main amd64 python3-distutils all 3.11.2-3 [131 kB]
Get:165 http://deb.debian.org/debian bookworm/main amd64 python3-dev amd64 3.11.2-1+b1 [26.2 kB]
Get:166 http://deb.debian.org/debian bookworm/main amd64 python3-pkg-resources all 66.1.1-1+deb12u2 [297 kB]
Get:167 http://deb.debian.org/debian bookworm/main amd64 python3-setuptools all 66.1.1-1+deb12u2 [522 kB]
Get:168 http://deb.debian.org/debian bookworm/main amd64 python3-wheel all 0.38.4-2 [30.8 kB]
Get:169 http://deb.debian.org/debian bookworm/main amd64 python3-pip all 23.0.1+dfsg-1 [1325 kB]
Get:170 http://deb.debian.org/debian bookworm/main amd64 unzip amd64 6.0-28 [166 kB]
Get:171 http://deb.debian.org/debian bookworm/main amd64 xauth amd64 1:1.1.2-1 [36.0 kB]
debconf: delaying package configuration, since apt-utils is not installed
Fetched 136 MB in 0s (275 MB/s)
Selecting previously unselected package perl-modules-5.36.
(Reading database ... (Reading database ... 5%(Reading database ... 10%(Reading database ... 15%(Reading database ... 20%(Reading database ... 25%(Reading database ... 30%(Reading database ... 35%(Reading database ... 40%(Reading database ... 45%(Reading database ... 50%(Reading database ... 55%(Reading database ... 60%(Reading database ... 65%(Reading database ... 70%(Reading database ... 75%(Reading database ... 80%(Reading database ... 85%(Reading database ... 90%(Reading database ... 95%(Reading database ... 100%(Reading database ... 6095 files and directories currently installed.)
Preparing to unpack .../0-perl-modules-5.36_5.36.0-7+deb12u3_all.deb ...
Unpacking perl-modules-5.36 (5.36.0-7+deb12u3) ...
Selecting previously unselected package libgdbm6:amd64.
Preparing to unpack .../1-libgdbm6_1.23-3_amd64.deb ...
Unpacking libgdbm6:amd64 (1.23-3) ...
Selecting previously unselected package libgdbm-compat4:amd64.
Preparing to unpack .../2-libgdbm-compat4_1.23-3_amd64.deb ...
Unpacking libgdbm-compat4:amd64 (1.23-3) ...
Selecting previously unselected package libperl5.36:amd64.
Preparing to unpack .../3-libperl5.36_5.36.0-7+deb12u3_amd64.deb ...
Unpacking libperl5.36:amd64 (5.36.0-7+deb12u3) ...
Selecting previously unselected package perl.
Preparing to unpack .../4-perl_5.36.0-7+deb12u3_amd64.deb ...
Unpacking perl (5.36.0-7+deb12u3) ...
Selecting previously unselected package liblocale-gettext-perl.
Preparing to unpack .../5-liblocale-gettext-perl_1.07-5_amd64.deb ...
Unpacking liblocale-gettext-perl (1.07-5) ...
Selecting previously unselected package libssl3:amd64.
Preparing to unpack .../6-libssl3_3.0.17-1~deb12u3_amd64.deb ...
Unpacking libssl3:amd64 (3.0.17-1~deb12u3) ...
Selecting previously unselected package libpython3.11-minimal:amd64.
Preparing to unpack .../7-libpython3.11-minimal_3.11.2-6+deb12u6_amd64.deb ...
Unpacking libpython3.11-minimal:amd64 (3.11.2-6+deb12u6) ...
Selecting previously unselected package libexpat1:amd64.
Preparing to unpack .../8-libexpat1_2.5.0-1+deb12u2_amd64.deb ...
Unpacking libexpat1:amd64 (2.5.0-1+deb12u2) ...
Selecting previously unselected package python3.11-minimal.
Preparing to unpack .../9-python3.11-minimal_3.11.2-6+deb12u6_amd64.deb ...
Unpacking python3.11-minimal (3.11.2-6+deb12u6) ...
Setting up libssl3:amd64 (3.0.17-1~deb12u3) ...
Setting up libpython3.11-minimal:amd64 (3.11.2-6+deb12u6) ...
Setting up libexpat1:amd64 (2.5.0-1+deb12u2) ...
Setting up python3.11-minimal (3.11.2-6+deb12u6) ...
Selecting previously unselected package python3-minimal.
(Reading database ... (Reading database ... 5%(Reading database ... 10%(Reading database ... 15%(Reading database ... 20%(Reading database ... 25%(Reading database ... 30%(Reading database ... 35%(Reading database ... 40%(Reading database ... 45%(Reading database ... 50%(Reading database ... 55%(Reading database ... 60%(Reading database ... 65%(Reading database ... 70%(Reading database ... 75%(Reading database ... 80%(Reading database ... 85%(Reading database ... 90%(Reading database ... 95%(Reading database ... 100%(Reading database ... 8442 files and directories currently installed.)
Preparing to unpack .../00-python3-minimal_3.11.2-1+b1_amd64.deb ...
Unpacking python3-minimal (3.11.2-1+b1) ...
Selecting previously unselected package media-types.
Preparing to unpack .../01-media-types_10.0.0_all.deb ...
Unpacking media-types (10.0.0) ...
Selecting previously unselected package libncursesw6:amd64.
Preparing to unpack .../02-libncursesw6_6.4-4_amd64.deb ...
Unpacking libncursesw6:amd64 (6.4-4) ...
Selecting previously unselected package libkrb5support0:amd64.
Preparing to unpack .../03-libkrb5support0_1.20.1-2+deb12u4_amd64.deb ...
Unpacking libkrb5support0:amd64 (1.20.1-2+deb12u4) ...
Selecting previously unselected package libk5crypto3:amd64.
Preparing to unpack .../04-libk5crypto3_1.20.1-2+deb12u4_amd64.deb ...
Unpacking libk5crypto3:amd64 (1.20.1-2+deb12u4) ...
Selecting previously unselected package libkeyutils1:amd64.
Preparing to unpack .../05-libkeyutils1_1.6.3-2_amd64.deb ...
Unpacking libkeyutils1:amd64 (1.6.3-2) ...
Selecting previously unselected package libkrb5-3:amd64.
Preparing to unpack .../06-libkrb5-3_1.20.1-2+deb12u4_amd64.deb ...
Unpacking libkrb5-3:amd64 (1.20.1-2+deb12u4) ...
Selecting previously unselected package libgssapi-krb5-2:amd64.
Preparing to unpack .../07-libgssapi-krb5-2_1.20.1-2+deb12u4_amd64.deb ...
Unpacking libgssapi-krb5-2:amd64 (1.20.1-2+deb12u4) ...
Selecting previously unselected package libtirpc-common.
Preparing to unpack .../08-libtirpc-common_1.3.3+ds-1_all.deb ...
Unpacking libtirpc-common (1.3.3+ds-1) ...
Selecting previously unselected package libtirpc3:amd64.
Preparing to unpack .../09-libtirpc3_1.3.3+ds-1_amd64.deb ...
Unpacking libtirpc3:amd64 (1.3.3+ds-1) ...
Selecting previously unselected package libnsl2:amd64.
Preparing to unpack .../10-libnsl2_1.3.0-2_amd64.deb ...
Unpacking libnsl2:amd64 (1.3.0-2) ...
Selecting previously unselected package readline-common.
Preparing to unpack .../11-readline-common_8.2-1.3_all.deb ...
Unpacking readline-common (8.2-1.3) ...
Selecting previously unselected package libreadline8:amd64.
Preparing to unpack .../12-libreadline8_8.2-1.3_amd64.deb ...
Unpacking libreadline8:amd64 (8.2-1.3) ...
Selecting previously unselected package libsqlite3-0:amd64.
Preparing to unpack .../13-libsqlite3-0_3.40.1-2+deb12u2_amd64.deb ...
Unpacking libsqlite3-0:amd64 (3.40.1-2+deb12u2) ...
Selecting previously unselected package libpython3.11-stdlib:amd64.
Preparing to unpack .../14-libpython3.11-stdlib_3.11.2-6+deb12u6_amd64.deb ...
Unpacking libpython3.11-stdlib:amd64 (3.11.2-6+deb12u6) ...
Selecting previously unselected package python3.11.
Preparing to unpack .../15-python3.11_3.11.2-6+deb12u6_amd64.deb ...
Unpacking python3.11 (3.11.2-6+deb12u6) ...
Selecting previously unselected package libpython3-stdlib:amd64.
Preparing to unpack .../16-libpython3-stdlib_3.11.2-1+b1_amd64.deb ...
Unpacking libpython3-stdlib:amd64 (3.11.2-1+b1) ...
Setting up python3-minimal (3.11.2-1+b1) ...
Selecting previously unselected package python3.
(Reading database ... (Reading database ... 5%(Reading database ... 10%(Reading database ... 15%(Reading database ... 20%(Reading database ... 25%(Reading database ... 30%(Reading database ... 35%(Reading database ... 40%(Reading database ... 45%(Reading database ... 50%(Reading database ... 55%(Reading database ... 60%(Reading database ... 65%(Reading database ... 70%(Reading database ... 75%(Reading database ... 80%(Reading database ... 85%(Reading database ... 90%(Reading database ... 95%(Reading database ... 100%(Reading database ... 8949 files and directories currently installed.)
Preparing to unpack .../000-python3_3.11.2-1+b1_amd64.deb ...
Unpacking python3 (3.11.2-1+b1) ...
Selecting previously unselected package less.
Preparing to unpack .../001-less_590-2.1~deb12u2_amd64.deb ...
Unpacking less (590-2.1~deb12u2) ...
Selecting previously unselected package netbase.
Preparing to unpack .../002-netbase_6.4_all.deb ...
Unpacking netbase (6.4) ...
Selecting previously unselected package bzip2.
Preparing to unpack .../003-bzip2_1.0.8-5+b1_amd64.deb ...
Unpacking bzip2 (1.0.8-5+b1) ...
Selecting previously unselected package openssl.
Preparing to unpack .../004-openssl_3.0.17-1~deb12u3_amd64.deb ...
Unpacking openssl (3.0.17-1~deb12u3) ...
Selecting previously unselected package ca-certificates.
Preparing to unpack .../005-ca-certificates_20230311+deb12u1_all.deb ...
Unpacking ca-certificates (20230311+deb12u1) ...
Selecting previously unselected package krb5-locales.
Preparing to unpack .../006-krb5-locales_1.20.1-2+deb12u4_all.deb ...
Unpacking krb5-locales (1.20.1-2+deb12u4) ...
Selecting previously unselected package manpages.
Preparing to unpack .../007-manpages_6.03-2_all.deb ...
Unpacking manpages (6.03-2) ...
Selecting previously unselected package libbsd0:amd64.
Preparing to unpack .../008-libbsd0_0.11.7-2_amd64.deb ...
Unpacking libbsd0:amd64 (0.11.7-2) ...
Selecting previously unselected package libedit2:amd64.
Preparing to unpack .../009-libedit2_3.1-20221030-2_amd64.deb ...
Unpacking libedit2:amd64 (3.1-20221030-2) ...
Selecting previously unselected package libcbor0.8:amd64.
Preparing to unpack .../010-libcbor0.8_0.8.0-2+b1_amd64.deb ...
Unpacking libcbor0.8:amd64 (0.8.0-2+b1) ...
Selecting previously unselected package libfido2-1:amd64.
Preparing to unpack .../011-libfido2-1_1.12.0-2+b1_amd64.deb ...
Unpacking libfido2-1:amd64 (1.12.0-2+b1) ...
Selecting previously unselected package openssh-client.
Preparing to unpack .../012-openssh-client_1%3a9.2p1-2+deb12u7_amd64.deb ...
Unpacking openssh-client (1:9.2p1-2+deb12u7) ...
Selecting previously unselected package xz-utils.
Preparing to unpack .../013-xz-utils_5.4.1-1_amd64.deb ...
Unpacking xz-utils (5.4.1-1) ...
Selecting previously unselected package binutils-common:amd64.
Preparing to unpack .../014-binutils-common_2.40-2_amd64.deb ...
Unpacking binutils-common:amd64 (2.40-2) ...
Selecting previously unselected package libbinutils:amd64.
Preparing to unpack .../015-libbinutils_2.40-2_amd64.deb ...
Unpacking libbinutils:amd64 (2.40-2) ...
Selecting previously unselected package libctf-nobfd0:amd64.
Preparing to unpack .../016-libctf-nobfd0_2.40-2_amd64.deb ...
Unpacking libctf-nobfd0:amd64 (2.40-2) ...
Selecting previously unselected package libctf0:amd64.
Preparing to unpack .../017-libctf0_2.40-2_amd64.deb ...
Unpacking libctf0:amd64 (2.40-2) ...
Selecting previously unselected package libgprofng0:amd64.
Preparing to unpack .../018-libgprofng0_2.40-2_amd64.deb ...
Unpacking libgprofng0:amd64 (2.40-2) ...
Selecting previously unselected package libjansson4:amd64.
Preparing to unpack .../019-libjansson4_2.14-2_amd64.deb ...
Unpacking libjansson4:amd64 (2.14-2) ...
Selecting previously unselected package binutils-x86-64-linux-gnu.
Preparing to unpack .../020-binutils-x86-64-linux-gnu_2.40-2_amd64.deb ...
Unpacking binutils-x86-64-linux-gnu (2.40-2) ...
Selecting previously unselected package binutils.
Preparing to unpack .../021-binutils_2.40-2_amd64.deb ...
Unpacking binutils (2.40-2) ...
Selecting previously unselected package libc-dev-bin.
Preparing to unpack .../022-libc-dev-bin_2.36-9+deb12u13_amd64.deb ...
Unpacking libc-dev-bin (2.36-9+deb12u13) ...
Selecting previously unselected package linux-libc-dev:amd64.
Preparing to unpack .../023-linux-libc-dev_6.1.153-1_amd64.deb ...
Unpacking linux-libc-dev:amd64 (6.1.153-1) ...
Selecting previously unselected package libcrypt-dev:amd64.
Preparing to unpack .../024-libcrypt-dev_1%3a4.4.33-2_amd64.deb ...
Unpacking libcrypt-dev:amd64 (1:4.4.33-2) ...
Selecting previously unselected package libtirpc-dev:amd64.
Preparing to unpack .../025-libtirpc-dev_1.3.3+ds-1_amd64.deb ...
Unpacking libtirpc-dev:amd64 (1.3.3+ds-1) ...
Selecting previously unselected package libnsl-dev:amd64.
Preparing to unpack .../026-libnsl-dev_1.3.0-2_amd64.deb ...
Unpacking libnsl-dev:amd64 (1.3.0-2) ...
Selecting previously unselected package rpcsvc-proto.
Preparing to unpack .../027-rpcsvc-proto_1.4.3-1_amd64.deb ...
Unpacking rpcsvc-proto (1.4.3-1) ...
Selecting previously unselected package libc6-dev:amd64.
Preparing to unpack .../028-libc6-dev_2.36-9+deb12u13_amd64.deb ...
Unpacking libc6-dev:amd64 (2.36-9+deb12u13) ...
Selecting previously unselected package libisl23:amd64.
Preparing to unpack .../029-libisl23_0.25-1.1_amd64.deb ...
Unpacking libisl23:amd64 (0.25-1.1) ...
Selecting previously unselected package libmpfr6:amd64.
Preparing to unpack .../030-libmpfr6_4.2.0-1_amd64.deb ...
Unpacking libmpfr6:amd64 (4.2.0-1) ...
Selecting previously unselected package libmpc3:amd64.
Preparing to unpack .../031-libmpc3_1.3.1-1_amd64.deb ...
Unpacking libmpc3:amd64 (1.3.1-1) ...
Selecting previously unselected package cpp-12.
Preparing to unpack .../032-cpp-12_12.2.0-14+deb12u1_amd64.deb ...
Unpacking cpp-12 (12.2.0-14+deb12u1) ...
Selecting previously unselected package cpp.
Preparing to unpack .../033-cpp_4%3a12.2.0-3_amd64.deb ...
Unpacking cpp (4:12.2.0-3) ...
Selecting previously unselected package libcc1-0:amd64.
Preparing to unpack .../034-libcc1-0_12.2.0-14+deb12u1_amd64.deb ...
Unpacking libcc1-0:amd64 (12.2.0-14+deb12u1) ...
Selecting previously unselected package libgomp1:amd64.
Preparing to unpack .../035-libgomp1_12.2.0-14+deb12u1_amd64.deb ...
Unpacking libgomp1:amd64 (12.2.0-14+deb12u1) ...
Selecting previously unselected package libitm1:amd64.
Preparing to unpack .../036-libitm1_12.2.0-14+deb12u1_amd64.deb ...
Unpacking libitm1:amd64 (12.2.0-14+deb12u1) ...
Selecting previously unselected package libatomic1:amd64.
Preparing to unpack .../037-libatomic1_12.2.0-14+deb12u1_amd64.deb ...
Unpacking libatomic1:amd64 (12.2.0-14+deb12u1) ...
Selecting previously unselected package libasan8:amd64.
Preparing to unpack .../038-libasan8_12.2.0-14+deb12u1_amd64.deb ...
Unpacking libasan8:amd64 (12.2.0-14+deb12u1) ...
Selecting previously unselected package liblsan0:amd64.
Preparing to unpack .../039-liblsan0_12.2.0-14+deb12u1_amd64.deb ...
Unpacking liblsan0:amd64 (12.2.0-14+deb12u1) ...
Selecting previously unselected package libtsan2:amd64.
Preparing to unpack .../040-libtsan2_12.2.0-14+deb12u1_amd64.deb ...
Unpacking libtsan2:amd64 (12.2.0-14+deb12u1) ...
Selecting previously unselected package libubsan1:amd64.
Preparing to unpack .../041-libubsan1_12.2.0-14+deb12u1_amd64.deb ...
Unpacking libubsan1:amd64 (12.2.0-14+deb12u1) ...
Selecting previously unselected package libquadmath0:amd64.
Preparing to unpack .../042-libquadmath0_12.2.0-14+deb12u1_amd64.deb ...
Unpacking libquadmath0:amd64 (12.2.0-14+deb12u1) ...
Selecting previously unselected package libgcc-12-dev:amd64.
Preparing to unpack .../043-libgcc-12-dev_12.2.0-14+deb12u1_amd64.deb ...
Unpacking libgcc-12-dev:amd64 (12.2.0-14+deb12u1) ...
Selecting previously unselected package gcc-12.
Preparing to unpack .../044-gcc-12_12.2.0-14+deb12u1_amd64.deb ...
Unpacking gcc-12 (12.2.0-14+deb12u1) ...
Selecting previously unselected package gcc.
Preparing to unpack .../045-gcc_4%3a12.2.0-3_amd64.deb ...
Unpacking gcc (4:12.2.0-3) ...
Selecting previously unselected package libstdc++-12-dev:amd64.
Preparing to unpack .../046-libstdc++-12-dev_12.2.0-14+deb12u1_amd64.deb ...
Unpacking libstdc++-12-dev:amd64 (12.2.0-14+deb12u1) ...
Selecting previously unselected package g++-12.
Preparing to unpack .../047-g++-12_12.2.0-14+deb12u1_amd64.deb ...
Unpacking g++-12 (12.2.0-14+deb12u1) ...
Selecting previously unselected package g++.
Preparing to unpack .../048-g++_4%3a12.2.0-3_amd64.deb ...
Unpacking g++ (4:12.2.0-3) ...
Selecting previously unselected package make.
Preparing to unpack .../049-make_4.3-4.1_amd64.deb ...
Unpacking make (4.3-4.1) ...
Selecting previously unselected package libdpkg-perl.
Preparing to unpack .../050-libdpkg-perl_1.21.22_all.deb ...
Unpacking libdpkg-perl (1.21.22) ...
Selecting previously unselected package patch.
Preparing to unpack .../051-patch_2.7.6-7_amd64.deb ...
Unpacking patch (2.7.6-7) ...
Selecting previously unselected package dpkg-dev.
Preparing to unpack .../052-dpkg-dev_1.21.22_all.deb ...
Unpacking dpkg-dev (1.21.22) ...
Selecting previously unselected package build-essential.
Preparing to unpack .../053-build-essential_12.9_amd64.deb ...
Unpacking build-essential (12.9) ...
Selecting previously unselected package libassuan0:amd64.
Preparing to unpack .../054-libassuan0_2.5.5-5_amd64.deb ...
Unpacking libassuan0:amd64 (2.5.5-5) ...
Selecting previously unselected package gpgconf.
Preparing to unpack .../055-gpgconf_2.2.40-1.1+deb12u1_amd64.deb ...
Unpacking gpgconf (2.2.40-1.1+deb12u1) ...
Selecting previously unselected package libksba8:amd64.
Preparing to unpack .../056-libksba8_1.6.3-2_amd64.deb ...
Unpacking libksba8:amd64 (1.6.3-2) ...
Selecting previously unselected package libsasl2-modules-db:amd64.
Preparing to unpack .../057-libsasl2-modules-db_2.1.28+dfsg-10_amd64.deb ...
Unpacking libsasl2-modules-db:amd64 (2.1.28+dfsg-10) ...
Selecting previously unselected package libsasl2-2:amd64.
Preparing to unpack .../058-libsasl2-2_2.1.28+dfsg-10_amd64.deb ...
Unpacking libsasl2-2:amd64 (2.1.28+dfsg-10) ...
Selecting previously unselected package libldap-2.5-0:amd64.
Preparing to unpack .../059-libldap-2.5-0_2.5.13+dfsg-5_amd64.deb ...
Unpacking libldap-2.5-0:amd64 (2.5.13+dfsg-5) ...
Selecting previously unselected package libnpth0:amd64.
Preparing to unpack .../060-libnpth0_1.6-3_amd64.deb ...
Unpacking libnpth0:amd64 (1.6-3) ...
Selecting previously unselected package dirmngr.
Preparing to unpack .../061-dirmngr_2.2.40-1.1+deb12u1_amd64.deb ...
Unpacking dirmngr (2.2.40-1.1+deb12u1) ...
Selecting previously unselected package libfakeroot:amd64.
Preparing to unpack .../062-libfakeroot_1.31-1.2_amd64.deb ...
Unpacking libfakeroot:amd64 (1.31-1.2) ...
Selecting previously unselected package fakeroot.
Preparing to unpack .../063-fakeroot_1.31-1.2_amd64.deb ...
Unpacking fakeroot (1.31-1.2) ...
Selecting previously unselected package fonts-dejavu-core.
Preparing to unpack .../064-fonts-dejavu-core_2.37-6_all.deb ...
Unpacking fonts-dejavu-core (2.37-6) ...
Selecting previously unselected package fontconfig-config.
Preparing to unpack .../065-fontconfig-config_2.14.1-4_amd64.deb ...
Unpacking fontconfig-config (2.14.1-4) ...
Selecting previously unselected package libbrotli1:amd64.
Preparing to unpack .../066-libbrotli1_1.0.9-2+b6_amd64.deb ...
Unpacking libbrotli1:amd64 (1.0.9-2+b6) ...
Selecting previously unselected package libnghttp2-14:amd64.
Preparing to unpack .../067-libnghttp2-14_1.52.0-1+deb12u2_amd64.deb ...
Unpacking libnghttp2-14:amd64 (1.52.0-1+deb12u2) ...
Selecting previously unselected package libpsl5:amd64.
Preparing to unpack .../068-libpsl5_0.21.2-1_amd64.deb ...
Unpacking libpsl5:amd64 (0.21.2-1) ...
Selecting previously unselected package librtmp1:amd64.
Preparing to unpack .../069-librtmp1_2.4+20151223.gitfa8646d.1-2+b2_amd64.deb ...
Unpacking librtmp1:amd64 (2.4+20151223.gitfa8646d.1-2+b2) ...
Selecting previously unselected package libssh2-1:amd64.
Preparing to unpack .../070-libssh2-1_1.10.0-3+b1_amd64.deb ...
Unpacking libssh2-1:amd64 (1.10.0-3+b1) ...
Selecting previously unselected package libcurl3-gnutls:amd64.
Preparing to unpack .../071-libcurl3-gnutls_7.88.1-10+deb12u14_amd64.deb ...
Unpacking libcurl3-gnutls:amd64 (7.88.1-10+deb12u14) ...
Selecting previously unselected package liberror-perl.
Preparing to unpack .../072-liberror-perl_0.17029-2_all.deb ...
Unpacking liberror-perl (0.17029-2) ...
Selecting previously unselected package git-man.
Preparing to unpack .../073-git-man_1%3a2.39.5-0+deb12u2_all.deb ...
Unpacking git-man (1:2.39.5-0+deb12u2) ...
Selecting previously unselected package git.
Preparing to unpack .../074-git_1%3a2.39.5-0+deb12u2_amd64.deb ...
Unpacking git (1:2.39.5-0+deb12u2) ...
Selecting previously unselected package git-lfs.
Preparing to unpack .../075-git-lfs_3.3.0-1+deb12u1_amd64.deb ...
Unpacking git-lfs (3.3.0-1+deb12u1) ...
Selecting previously unselected package gnupg-l10n.
Preparing to unpack .../076-gnupg-l10n_2.2.40-1.1+deb12u1_all.deb ...
Unpacking gnupg-l10n (2.2.40-1.1+deb12u1) ...
Selecting previously unselected package gnupg-utils.
Preparing to unpack .../077-gnupg-utils_2.2.40-1.1+deb12u1_amd64.deb ...
Unpacking gnupg-utils (2.2.40-1.1+deb12u1) ...
Selecting previously unselected package gpg.
Preparing to unpack .../078-gpg_2.2.40-1.1+deb12u1_amd64.deb ...
Unpacking gpg (2.2.40-1.1+deb12u1) ...
Selecting previously unselected package pinentry-curses.
Preparing to unpack .../079-pinentry-curses_1.2.1-1_amd64.deb ...
Unpacking pinentry-curses (1.2.1-1) ...
Selecting previously unselected package gpg-agent.
Preparing to unpack .../080-gpg-agent_2.2.40-1.1+deb12u1_amd64.deb ...
Unpacking gpg-agent (2.2.40-1.1+deb12u1) ...
Selecting previously unselected package gpg-wks-client.
Preparing to unpack .../081-gpg-wks-client_2.2.40-1.1+deb12u1_amd64.deb ...
Unpacking gpg-wks-client (2.2.40-1.1+deb12u1) ...
Selecting previously unselected package gpg-wks-server.
Preparing to unpack .../082-gpg-wks-server_2.2.40-1.1+deb12u1_amd64.deb ...
Unpacking gpg-wks-server (2.2.40-1.1+deb12u1) ...
Selecting previously unselected package gpgsm.
Preparing to unpack .../083-gpgsm_2.2.40-1.1+deb12u1_amd64.deb ...
Unpacking gpgsm (2.2.40-1.1+deb12u1) ...
Selecting previously unselected package gnupg.
Preparing to unpack .../084-gnupg_2.2.40-1.1+deb12u1_all.deb ...
Unpacking gnupg (2.2.40-1.1+deb12u1) ...
Selecting previously unselected package javascript-common.
Preparing to unpack .../085-javascript-common_11+nmu1_all.deb ...
Unpacking javascript-common (11+nmu1) ...
Selecting previously unselected package libabsl20220623:amd64.
Preparing to unpack .../086-libabsl20220623_20220623.1-1+deb12u2_amd64.deb ...
Unpacking libabsl20220623:amd64 (20220623.1-1+deb12u2) ...
Selecting previously unselected package libalgorithm-diff-perl.
Preparing to unpack .../087-libalgorithm-diff-perl_1.201-1_all.deb ...
Unpacking libalgorithm-diff-perl (1.201-1) ...
Selecting previously unselected package libalgorithm-diff-xs-perl:amd64.
Preparing to unpack .../088-libalgorithm-diff-xs-perl_0.04-8+b1_amd64.deb ...
Unpacking libalgorithm-diff-xs-perl:amd64 (0.04-8+b1) ...
Selecting previously unselected package libalgorithm-merge-perl.
Preparing to unpack .../089-libalgorithm-merge-perl_0.08-5_all.deb ...
Unpacking libalgorithm-merge-perl (0.08-5) ...
Selecting previously unselected package libaom3:amd64.
Preparing to unpack .../090-libaom3_3.6.0-1+deb12u2_amd64.deb ...
Unpacking libaom3:amd64 (3.6.0-1+deb12u2) ...
Selecting previously unselected package libdav1d6:amd64.
Preparing to unpack .../091-libdav1d6_1.0.0-2+deb12u1_amd64.deb ...
Unpacking libdav1d6:amd64 (1.0.0-2+deb12u1) ...
Selecting previously unselected package libgav1-1:amd64.
Preparing to unpack .../092-libgav1-1_0.18.0-1+b1_amd64.deb ...
Unpacking libgav1-1:amd64 (0.18.0-1+b1) ...
Selecting previously unselected package librav1e0:amd64.
Preparing to unpack .../093-librav1e0_0.5.1-6_amd64.deb ...
Unpacking librav1e0:amd64 (0.5.1-6) ...
Selecting previously unselected package libsvtav1enc1:amd64.
Preparing to unpack .../094-libsvtav1enc1_1.4.1+dfsg-1_amd64.deb ...
Unpacking libsvtav1enc1:amd64 (1.4.1+dfsg-1) ...
Selecting previously unselected package libjpeg62-turbo:amd64.
Preparing to unpack .../095-libjpeg62-turbo_1%3a2.1.5-2_amd64.deb ...
Unpacking libjpeg62-turbo:amd64 (1:2.1.5-2) ...
Selecting previously unselected package libyuv0:amd64.
Preparing to unpack .../096-libyuv0_0.0~git20230123.b2528b0-1_amd64.deb ...
Unpacking libyuv0:amd64 (0.0~git20230123.b2528b0-1) ...
Selecting previously unselected package libavif15:amd64.
Preparing to unpack .../097-libavif15_0.11.1-1+deb12u1_amd64.deb ...
Unpacking libavif15:amd64 (0.11.1-1+deb12u1) ...
Selecting previously unselected package libpng16-16:amd64.
Preparing to unpack .../098-libpng16-16_1.6.39-2_amd64.deb ...
Unpacking libpng16-16:amd64 (1.6.39-2) ...
Selecting previously unselected package libfreetype6:amd64.
Preparing to unpack .../099-libfreetype6_2.12.1+dfsg-5+deb12u4_amd64.deb ...
Unpacking libfreetype6:amd64 (2.12.1+dfsg-5+deb12u4) ...
Selecting previously unselected package libfontconfig1:amd64.
Preparing to unpack .../100-libfontconfig1_2.14.1-4_amd64.deb ...
Unpacking libfontconfig1:amd64 (2.14.1-4) ...
Selecting previously unselected package libde265-0:amd64.
Preparing to unpack .../101-libde265-0_1.0.11-1+deb12u2_amd64.deb ...
Unpacking libde265-0:amd64 (1.0.11-1+deb12u2) ...
Selecting previously unselected package libnuma1:amd64.
Preparing to unpack .../102-libnuma1_2.0.16-1_amd64.deb ...
Unpacking libnuma1:amd64 (2.0.16-1) ...
Selecting previously unselected package libx265-199:amd64.
Preparing to unpack .../103-libx265-199_3.5-2+b1_amd64.deb ...
Unpacking libx265-199:amd64 (3.5-2+b1) ...
Selecting previously unselected package libheif1:amd64.
Preparing to unpack .../104-libheif1_1.15.1-1+deb12u1_amd64.deb ...
Unpacking libheif1:amd64 (1.15.1-1+deb12u1) ...
Selecting previously unselected package libdeflate0:amd64.
Preparing to unpack .../105-libdeflate0_1.14-1_amd64.deb ...
Unpacking libdeflate0:amd64 (1.14-1) ...
Selecting previously unselected package libjbig0:amd64.
Preparing to unpack .../106-libjbig0_2.1-6.1_amd64.deb ...
Unpacking libjbig0:amd64 (2.1-6.1) ...
Selecting previously unselected package liblerc4:amd64.
Preparing to unpack .../107-liblerc4_4.0.0+ds-2_amd64.deb ...
Unpacking liblerc4:amd64 (4.0.0+ds-2) ...
Selecting previously unselected package libwebp7:amd64.
Preparing to unpack .../108-libwebp7_1.2.4-0.2+deb12u1_amd64.deb ...
Unpacking libwebp7:amd64 (1.2.4-0.2+deb12u1) ...
Selecting previously unselected package libtiff6:amd64.
Preparing to unpack .../109-libtiff6_4.5.0-6+deb12u3_amd64.deb ...
Unpacking libtiff6:amd64 (4.5.0-6+deb12u3) ...
Selecting previously unselected package libxau6:amd64.
Preparing to unpack .../110-libxau6_1%3a1.0.9-1_amd64.deb ...
Unpacking libxau6:amd64 (1:1.0.9-1) ...
Selecting previously unselected package libxdmcp6:amd64.
Preparing to unpack .../111-libxdmcp6_1%3a1.1.2-3_amd64.deb ...
Unpacking libxdmcp6:amd64 (1:1.1.2-3) ...
Selecting previously unselected package libxcb1:amd64.
Preparing to unpack .../112-libxcb1_1.15-1_amd64.deb ...
Unpacking libxcb1:amd64 (1.15-1) ...
Selecting previously unselected package libx11-data.
Preparing to unpack .../113-libx11-data_2%3a1.8.4-2+deb12u2_all.deb ...
Unpacking libx11-data (2:1.8.4-2+deb12u2) ...
Selecting previously unselected package libx11-6:amd64.
Preparing to unpack .../114-libx11-6_2%3a1.8.4-2+deb12u2_amd64.deb ...
Unpacking libx11-6:amd64 (2:1.8.4-2+deb12u2) ...
Selecting previously unselected package libxpm4:amd64.
Preparing to unpack .../115-libxpm4_1%3a3.5.12-1.1+deb12u1_amd64.deb ...
Unpacking libxpm4:amd64 (1:3.5.12-1.1+deb12u1) ...
Selecting previously unselected package libgd3:amd64.
Preparing to unpack .../116-libgd3_2.3.3-9_amd64.deb ...
Unpacking libgd3:amd64 (2.3.3-9) ...
Selecting previously unselected package libc-devtools.
Preparing to unpack .../117-libc-devtools_2.36-9+deb12u13_amd64.deb ...
Unpacking libc-devtools (2.36-9+deb12u13) ...
Selecting previously unselected package libexpat1-dev:amd64.
Preparing to unpack .../118-libexpat1-dev_2.5.0-1+deb12u2_amd64.deb ...
Unpacking libexpat1-dev:amd64 (2.5.0-1+deb12u2) ...
Selecting previously unselected package libfile-fcntllock-perl.
Preparing to unpack .../119-libfile-fcntllock-perl_0.22-4+b1_amd64.deb ...
Unpacking libfile-fcntllock-perl (0.22-4+b1) ...
Selecting previously unselected package libgpm2:amd64.
Preparing to unpack .../120-libgpm2_1.20.7-10+b1_amd64.deb ...
Unpacking libgpm2:amd64 (1.20.7-10+b1) ...
Selecting previously unselected package libjs-jquery.
Preparing to unpack .../121-libjs-jquery_3.6.1+dfsg+~3.5.14-1_all.deb ...
Unpacking libjs-jquery (3.6.1+dfsg+~3.5.14-1) ...
Selecting previously unselected package libjs-underscore.
Preparing to unpack .../122-libjs-underscore_1.13.4~dfsg+~1.11.4-3_all.deb ...
Unpacking libjs-underscore (1.13.4~dfsg+~1.11.4-3) ...
Selecting previously unselected package libjs-sphinxdoc.
Preparing to unpack .../123-libjs-sphinxdoc_5.3.0-4_all.deb ...
Unpacking libjs-sphinxdoc (5.3.0-4) ...
Selecting previously unselected package libldap-common.
Preparing to unpack .../124-libldap-common_2.5.13+dfsg-5_all.deb ...
Unpacking libldap-common (2.5.13+dfsg-5) ...
Selecting previously unselected package libpython3.11:amd64.
Preparing to unpack .../125-libpython3.11_3.11.2-6+deb12u6_amd64.deb ...
Unpacking libpython3.11:amd64 (3.11.2-6+deb12u6) ...
Selecting previously unselected package zlib1g-dev:amd64.
Preparing to unpack .../126-zlib1g-dev_1%3a1.2.13.dfsg-1_amd64.deb ...
Unpacking zlib1g-dev:amd64 (1:1.2.13.dfsg-1) ...
Selecting previously unselected package libpython3.11-dev:amd64.
Preparing to unpack .../127-libpython3.11-dev_3.11.2-6+deb12u6_amd64.deb ...
Unpacking libpython3.11-dev:amd64 (3.11.2-6+deb12u6) ...
Selecting previously unselected package libpython3-dev:amd64.
Preparing to unpack .../128-libpython3-dev_3.11.2-1+b1_amd64.deb ...
Unpacking libpython3-dev:amd64 (3.11.2-1+b1) ...
Selecting previously unselected package libsasl2-modules:amd64.
Preparing to unpack .../129-libsasl2-modules_2.1.28+dfsg-10_amd64.deb ...
Unpacking libsasl2-modules:amd64 (2.1.28+dfsg-10) ...
Selecting previously unselected package libxext6:amd64.
Preparing to unpack .../130-libxext6_2%3a1.3.4-1+b1_amd64.deb ...
Unpacking libxext6:amd64 (2:1.3.4-1+b1) ...
Selecting previously unselected package libxmuu1:amd64.
Preparing to unpack .../131-libxmuu1_2%3a1.1.3-3_amd64.deb ...
Unpacking libxmuu1:amd64 (2:1.1.3-3) ...
Selecting previously unselected package manpages-dev.
Preparing to unpack .../132-manpages-dev_6.03-2_all.deb ...
Unpacking manpages-dev (6.03-2) ...
Selecting previously unselected package publicsuffix.
Preparing to unpack .../133-publicsuffix_20230209.2326-1_all.deb ...
Unpacking publicsuffix (20230209.2326-1) ...
Selecting previously unselected package python3.11-dev.
Preparing to unpack .../134-python3.11-dev_3.11.2-6+deb12u6_amd64.deb ...
Unpacking python3.11-dev (3.11.2-6+deb12u6) ...
Selecting previously unselected package python3-lib2to3.
Preparing to unpack .../135-python3-lib2to3_3.11.2-3_all.deb ...
Unpacking python3-lib2to3 (3.11.2-3) ...
Selecting previously unselected package python3-distutils.
Preparing to unpack .../136-python3-distutils_3.11.2-3_all.deb ...
Unpacking python3-distutils (3.11.2-3) ...
Selecting previously unselected package python3-dev.
Preparing to unpack .../137-python3-dev_3.11.2-1+b1_amd64.deb ...
Unpacking python3-dev (3.11.2-1+b1) ...
Selecting previously unselected package python3-pkg-resources.
Preparing to unpack .../138-python3-pkg-resources_66.1.1-1+deb12u2_all.deb ...
Unpacking python3-pkg-resources (66.1.1-1+deb12u2) ...
Selecting previously unselected package python3-setuptools.
Preparing to unpack .../139-python3-setuptools_66.1.1-1+deb12u2_all.deb ...
Unpacking python3-setuptools (66.1.1-1+deb12u2) ...
Selecting previously unselected package python3-wheel.
Preparing to unpack .../140-python3-wheel_0.38.4-2_all.deb ...
Unpacking python3-wheel (0.38.4-2) ...
Selecting previously unselected package python3-pip.
Preparing to unpack .../141-python3-pip_23.0.1+dfsg-1_all.deb ...
Unpacking python3-pip (23.0.1+dfsg-1) ...
Selecting previously unselected package unzip.
Preparing to unpack .../142-unzip_6.0-28_amd64.deb ...
Unpacking unzip (6.0-28) ...
Selecting previously unselected package xauth.
Preparing to unpack .../143-xauth_1%3a1.1.2-1_amd64.deb ...
Unpacking xauth (1:1.1.2-1) ...
Setting up libksba8:amd64 (1.6.3-2) ...
Setting up media-types (10.0.0) ...
Setting up javascript-common (11+nmu1) ...
Setting up libaom3:amd64 (3.6.0-1+deb12u2) ...
Setting up libabsl20220623:amd64 (20220623.1-1+deb12u2) ...
Setting up libxau6:amd64 (1:1.0.9-1) ...
Setting up libkeyutils1:amd64 (1.6.3-2) ...
Setting up libpsl5:amd64 (0.21.2-1) ...
Setting up libgpm2:amd64 (1.20.7-10+b1) ...
Setting up liblerc4:amd64 (4.0.0+ds-2) ...
Setting up manpages (6.03-2) ...
Setting up libtirpc-common (1.3.3+ds-1) ...
Setting up unzip (6.0-28) ...
Setting up libcbor0.8:amd64 (0.8.0-2+b1) ...
Setting up libbrotli1:amd64 (1.0.9-2+b6) ...
Setting up libsqlite3-0:amd64 (3.40.1-2+deb12u2) ...
Setting up libsasl2-modules:amd64 (2.1.28+dfsg-10) ...
Setting up binutils-common:amd64 (2.40-2) ...
Setting up libnghttp2-14:amd64 (1.52.0-1+deb12u2) ...
Setting up libdeflate0:amd64 (1.14-1) ...
Setting up less (590-2.1~deb12u2) ...
Setting up linux-libc-dev:amd64 (6.1.153-1) ...
Setting up libctf-nobfd0:amd64 (2.40-2) ...
Setting up libnpth0:amd64 (1.6-3) ...
Setting up krb5-locales (1.20.1-2+deb12u4) ...
Setting up libsvtav1enc1:amd64 (1.4.1+dfsg-1) ...
Setting up libassuan0:amd64 (2.5.5-5) ...
Setting up libgomp1:amd64 (12.2.0-14+deb12u1) ...
Setting up bzip2 (1.0.8-5+b1) ...
Setting up libldap-common (2.5.13+dfsg-5) ...
Setting up libjbig0:amd64 (2.1-6.1) ...
Setting up librav1e0:amd64 (0.5.1-6) ...
Setting up libfakeroot:amd64 (1.31-1.2) ...
Setting up libjansson4:amd64 (2.14-2) ...
Setting up libkrb5support0:amd64 (1.20.1-2+deb12u4) ...
Setting up libsasl2-modules-db:amd64 (2.1.28+dfsg-10) ...
Setting up fakeroot (1.31-1.2) ...
update-alternatives: using /usr/bin/fakeroot-sysv to provide /usr/bin/fakeroot (fakeroot) in auto mode
update-alternatives: warning: skip creation of /usr/share/man/man1/fakeroot.1.gz because associated file /usr/share/man/man1/fakeroot-sysv.1.gz (of link group fakeroot) doesn't exist
update-alternatives: warning: skip creation of /usr/share/man/man1/faked.1.gz because associated file /usr/share/man/man1/faked-sysv.1.gz (of link group fakeroot) doesn't exist
update-alternatives: warning: skip creation of /usr/share/man/es/man1/fakeroot.1.gz because associated file /usr/share/man/es/man1/fakeroot-sysv.1.gz (of link group fakeroot) doesn't exist
update-alternatives: warning: skip creation of /usr/share/man/es/man1/faked.1.gz because associated file /usr/share/man/es/man1/faked-sysv.1.gz (of link group fakeroot) doesn't exist
update-alternatives: warning: skip creation of /usr/share/man/fr/man1/fakeroot.1.gz because associated file /usr/share/man/fr/man1/fakeroot-sysv.1.gz (of link group fakeroot) doesn't exist
update-alternatives: warning: skip creation of /usr/share/man/fr/man1/faked.1.gz because associated file /usr/share/man/fr/man1/faked-sysv.1.gz (of link group fakeroot) doesn't exist
update-alternatives: warning: skip creation of /usr/share/man/sv/man1/fakeroot.1.gz because associated file /usr/share/man/sv/man1/fakeroot-sysv.1.gz (of link group fakeroot) doesn't exist
update-alternatives: warning: skip creation of /usr/share/man/sv/man1/faked.1.gz because associated file /usr/share/man/sv/man1/faked-sysv.1.gz (of link group fakeroot) doesn't exist
Setting up perl-modules-5.36 (5.36.0-7+deb12u3) ...
Setting up rpcsvc-proto (1.4.3-1) ...
Setting up libjpeg62-turbo:amd64 (1:2.1.5-2) ...
Setting up libx11-data (2:1.8.4-2+deb12u2) ...
Setting up make (4.3-4.1) ...
Setting up libmpfr6:amd64 (4.2.0-1) ...
Setting up gnupg-l10n (2.2.40-1.1+deb12u1) ...
Setting up librtmp1:amd64 (2.4+20151223.gitfa8646d.1-2+b2) ...
Setting up xz-utils (5.4.1-1) ...
update-alternatives: using /usr/bin/xz to provide /usr/bin/lzma (lzma) in auto mode
update-alternatives: warning: skip creation of /usr/share/man/man1/lzma.1.gz because associated file /usr/share/man/man1/xz.1.gz (of link group lzma) doesn't exist
update-alternatives: warning: skip creation of /usr/share/man/man1/unlzma.1.gz because associated file /usr/share/man/man1/unxz.1.gz (of link group lzma) doesn't exist
update-alternatives: warning: skip creation of /usr/share/man/man1/lzcat.1.gz because associated file /usr/share/man/man1/xzcat.1.gz (of link group lzma) doesn't exist
update-alternatives: warning: skip creation of /usr/share/man/man1/lzmore.1.gz because associated file /usr/share/man/man1/xzmore.1.gz (of link group lzma) doesn't exist
update-alternatives: warning: skip creation of /usr/share/man/man1/lzless.1.gz because associated file /usr/share/man/man1/xzless.1.gz (of link group lzma) doesn't exist
update-alternatives: warning: skip creation of /usr/share/man/man1/lzdiff.1.gz because associated file /usr/share/man/man1/xzdiff.1.gz (of link group lzma) doesn't exist
update-alternatives: warning: skip creation of /usr/share/man/man1/lzcmp.1.gz because associated file /usr/share/man/man1/xzcmp.1.gz (of link group lzma) doesn't exist
update-alternatives: warning: skip creation of /usr/share/man/man1/lzgrep.1.gz because associated file /usr/share/man/man1/xzgrep.1.gz (of link group lzma) doesn't exist
update-alternatives: warning: skip creation of /usr/share/man/man1/lzegrep.1.gz because associated file /usr/share/man/man1/xzegrep.1.gz (of link group lzma) doesn't exist
update-alternatives: warning: skip creation of /usr/share/man/man1/lzfgrep.1.gz because associated file /usr/share/man/man1/xzfgrep.1.gz (of link group lzma) doesn't exist
Setting up libquadmath0:amd64 (12.2.0-14+deb12u1) ...
Setting up libpng16-16:amd64 (1.6.39-2) ...
Setting up libmpc3:amd64 (1.3.1-1) ...
Setting up libatomic1:amd64 (12.2.0-14+deb12u1) ...
Setting up patch (2.7.6-7) ...
Setting up fonts-dejavu-core (2.37-6) ...
Setting up libgav1-1:amd64 (0.18.0-1+b1) ...
Setting up libncursesw6:amd64 (6.4-4) ...
Setting up libk5crypto3:amd64 (1.20.1-2+deb12u4) ...
Setting up libdav1d6:amd64 (1.0.0-2+deb12u1) ...
Setting up libsasl2-2:amd64 (2.1.28+dfsg-10) ...
Setting up libwebp7:amd64 (1.2.4-0.2+deb12u1) ...
Setting up libubsan1:amd64 (12.2.0-14+deb12u1) ...
Setting up libnuma1:amd64 (2.0.16-1) ...
Setting up libcrypt-dev:amd64 (1:4.4.33-2) ...
Setting up libtiff6:amd64 (4.5.0-6+deb12u3) ...
Setting up libasan8:amd64 (12.2.0-14+deb12u1) ...
Setting up git-man (1:2.39.5-0+deb12u2) ...
Setting up libssh2-1:amd64 (1.10.0-3+b1) ...
Setting up netbase (6.4) ...
Setting up libkrb5-3:amd64 (1.20.1-2+deb12u4) ...
Setting up libtsan2:amd64 (12.2.0-14+deb12u1) ...
Setting up libjs-jquery (3.6.1+dfsg+~3.5.14-1) ...
Setting up libbinutils:amd64 (2.40-2) ...
Setting up libfido2-1:amd64 (1.12.0-2+b1) ...
Setting up libisl23:amd64 (0.25-1.1) ...
Setting up libde265-0:amd64 (1.0.11-1+deb12u2) ...
Setting up libc-dev-bin (2.36-9+deb12u13) ...
Setting up openssl (3.0.17-1~deb12u3) ...
Setting up libbsd0:amd64 (0.11.7-2) ...
Setting up libyuv0:amd64 (0.0~git20230123.b2528b0-1) ...
Setting up readline-common (8.2-1.3) ...
Setting up publicsuffix (20230209.2326-1) ...
Setting up libcc1-0:amd64 (12.2.0-14+deb12u1) ...
Setting up liblocale-gettext-perl (1.07-5) ...
Setting up liblsan0:amd64 (12.2.0-14+deb12u1) ...
Setting up libitm1:amd64 (12.2.0-14+deb12u1) ...
Setting up libgdbm6:amd64 (1.23-3) ...
Setting up libjs-underscore (1.13.4~dfsg+~1.11.4-3) ...
Setting up libctf0:amd64 (2.40-2) ...
Setting up pinentry-curses (1.2.1-1) ...
Setting up manpages-dev (6.03-2) ...
Setting up libxdmcp6:amd64 (1:1.1.2-3) ...
Setting up cpp-12 (12.2.0-14+deb12u1) ...
Setting up libxcb1:amd64 (1.15-1) ...
Setting up libavif15:amd64 (0.11.1-1+deb12u1) ...
Setting up fontconfig-config (2.14.1-4) ...
debconf: unable to initialize frontend: Dialog
debconf: (TERM is not set, so the dialog frontend is not usable.)
debconf: falling back to frontend: Readline
debconf: unable to initialize frontend: Readline
debconf: (This frontend requires a controlling tty.)
debconf: falling back to frontend: Teletype
Setting up libedit2:amd64 (3.1-20221030-2) ...
Setting up libreadline8:amd64 (8.2-1.3) ...
Setting up libldap-2.5-0:amd64 (2.5.13+dfsg-5) ...
Setting up ca-certificates (20230311+deb12u1) ...
debconf: unable to initialize frontend: Dialog
debconf: (TERM is not set, so the dialog frontend is not usable.)
debconf: falling back to frontend: Readline
debconf: unable to initialize frontend: Readline
debconf: (This frontend requires a controlling tty.)
debconf: falling back to frontend: Teletype
Updating certificates in /etc/ssl/certs...
142 added, 0 removed; done.
Setting up libgprofng0:amd64 (2.40-2) ...
Setting up libfreetype6:amd64 (2.12.1+dfsg-5+deb12u4) ...
Setting up libgcc-12-dev:amd64 (12.2.0-14+deb12u1) ...
Setting up libgssapi-krb5-2:amd64 (1.20.1-2+deb12u4) ...
Setting up libgdbm-compat4:amd64 (1.23-3) ...
Setting up libjs-sphinxdoc (5.3.0-4) ...
Setting up libx265-199:amd64 (3.5-2+b1) ...
Setting up cpp (4:12.2.0-3) ...
Setting up gpgconf (2.2.40-1.1+deb12u1) ...
Setting up libx11-6:amd64 (2:1.8.4-2+deb12u2) ...
Setting up libfontconfig1:amd64 (2.14.1-4) ...
Setting up libperl5.36:amd64 (5.36.0-7+deb12u3) ...
Setting up libxmuu1:amd64 (2:1.1.3-3) ...
Setting up gpg (2.2.40-1.1+deb12u1) ...
Setting up gnupg-utils (2.2.40-1.1+deb12u1) ...
Setting up binutils-x86-64-linux-gnu (2.40-2) ...
Setting up libtirpc3:amd64 (1.3.3+ds-1) ...
Setting up gpg-agent (2.2.40-1.1+deb12u1) ...
Setting up libxpm4:amd64 (1:3.5.12-1.1+deb12u1) ...
Setting up openssh-client (1:9.2p1-2+deb12u7) ...
Setting up gpgsm (2.2.40-1.1+deb12u1) ...
Setting up libheif1:amd64 (1.15.1-1+deb12u1) ...
Setting up libxext6:amd64 (2:1.3.4-1+b1) ...
Setting up libcurl3-gnutls:amd64 (7.88.1-10+deb12u14) ...
Setting up binutils (2.40-2) ...
Setting up dirmngr (2.2.40-1.1+deb12u1) ...
Setting up perl (5.36.0-7+deb12u3) ...
Setting up libtirpc-dev:amd64 (1.3.3+ds-1) ...
Setting up gcc-12 (12.2.0-14+deb12u1) ...
Setting up libgd3:amd64 (2.3.3-9) ...
Setting up libdpkg-perl (1.21.22) ...
Setting up gpg-wks-server (2.2.40-1.1+deb12u1) ...
Setting up xauth (1:1.1.2-1) ...
Setting up libnsl2:amd64 (1.3.0-2) ...
Setting up libc-devtools (2.36-9+deb12u13) ...
Setting up gpg-wks-client (2.2.40-1.1+deb12u1) ...
Setting up libfile-fcntllock-perl (0.22-4+b1) ...
Setting up libalgorithm-diff-perl (1.201-1) ...
Setting up libpython3.11-stdlib:amd64 (3.11.2-6+deb12u6) ...
Setting up gcc (4:12.2.0-3) ...
Setting up dpkg-dev (1.21.22) ...
Setting up liberror-perl (0.17029-2) ...
Setting up git (1:2.39.5-0+deb12u2) ...
Setting up libnsl-dev:amd64 (1.3.0-2) ...
Setting up gnupg (2.2.40-1.1+deb12u1) ...
Setting up libc6-dev:amd64 (2.36-9+deb12u13) ...
Setting up git-lfs (3.3.0-1+deb12u1) ...
Setting up libalgorithm-diff-xs-perl:amd64 (0.04-8+b1) ...
Setting up libpython3-stdlib:amd64 (3.11.2-1+b1) ...
Setting up libalgorithm-merge-perl (0.08-5) ...
Setting up python3.11 (3.11.2-6+deb12u6) ...
Setting up libpython3.11:amd64 (3.11.2-6+deb12u6) ...
Setting up libstdc++-12-dev:amd64 (12.2.0-14+deb12u1) ...
Setting up python3 (3.11.2-1+b1) ...
running python rtupdate hooks for python3.11...
running python post-rtupdate hooks for python3.11...
Setting up libexpat1-dev:amd64 (2.5.0-1+deb12u2) ...
Setting up zlib1g-dev:amd64 (1:1.2.13.dfsg-1) ...
Setting up python3-lib2to3 (3.11.2-3) ...
Setting up g++-12 (12.2.0-14+deb12u1) ...
Setting up python3-pkg-resources (66.1.1-1+deb12u2) ...
Setting up python3-distutils (3.11.2-3) ...
Setting up python3-setuptools (66.1.1-1+deb12u2) ...
Setting up python3-wheel (0.38.4-2) ...
Setting up libpython3.11-dev:amd64 (3.11.2-6+deb12u6) ...
Setting up python3-pip (23.0.1+dfsg-1) ...
Setting up g++ (4:12.2.0-3) ...
update-alternatives: using /usr/bin/g++ to provide /usr/bin/c++ (c++) in auto mode
Setting up build-essential (12.9) ...
Setting up libpython3-dev:amd64 (3.11.2-1+b1) ...
Setting up python3.11-dev (3.11.2-6+deb12u6) ...
Setting up python3-dev (3.11.2-1+b1) ...
Processing triggers for libc-bin (2.36-9+deb12u13) ...
Processing triggers for ca-certificates (20230311+deb12u1) ...
Updating certificates in /etc/ssl/certs...
0 added, 0 removed; done.
Running hooks in /etc/ca-certificates/update.d...
done.
STEP 5/8: COPY . .
STEP 6/8: RUN yarn install --immutable
! Corepack is about to download https://registry.yarnpkg.com/yarn/-/yarn-1.22.22.tgz
yarn install v1.22.22
info No lockfile found.
[1/4] Resolving packages...
[2/4] Fetching packages...
[3/4] Linking dependencies...
[4/4] Building fresh packages...
success Saved lockfile.
Done in 0.02s.
STEP 7/8: RUN npm run package
npm error code ENOENT
npm error syscall open
npm error path /usr/src/app/package.json
npm error errno -2
npm error enoent Could not read package.json: Error: ENOENT: no such file or directory, open '/usr/src/app/package.json'
npm error enoent This is related to npm not being able to find a file.
npm error enoent
npm error A complete log of this run can be found in: /root/.npm/_logs/2025-11-05T13_02_26_019Z-debug-0.log
subprocess exited with status 254
subprocess exited with status 254
Error: building at STEP "RUN npm run package": exit status 254


STEP-PUSH

2025/11/05 13:02:26 Skipping step because a previous step failed


STEP-SBOM-SYFT-GENERATE

2025/11/05 13:02:26 Skipping step because a previous step failed


STEP-PREPARE-SBOMS

2025/11/05 13:02:27 Skipping step because a previous step failed


STEP-UPLOAD-SBOM

2025/11/05 13:02:27 Skipping step because a previous step failed


vscode-ansible-on-pull-request-hzqqm-show-summary

STEP-APPSTUDIO-SUMMARY


Build Summary:

Build repository: https://github.com/ansible/vscode-ansible?rev=da032a67562c37d150c0228654c9a8b7bbaec5a6

End Summary
