2025-11-18T07:04:53.240435+00:00 WARNING 'ansible_navigator.image_manager.puller._log_message' Image inspection failed, image assumed to be corrupted or missing
2025-11-18T07:04:53.241161+00:00 WARNING 'ansible_navigator.image_manager.puller._log_message' stdout: 
2025-11-18T07:04:53.241193+00:00 WARNING 'ansible_navigator.image_manager.puller._log_message' stderr: Cannot connect to Podman. Please verify your connection to the Linux system using `podman system connection list`, or try `podman machine init` and `podman machine start` to manage a new Linux VM
Error: unable to connect to Podman socket: failed to connect: dial tcp 127.0.0.1:65392: connect: connection refused

2025-11-18T07:04:53.268058+00:00 ERROR 'ansible_navigator.image_manager.puller._log_message' Execution environment pull failed
2025-11-18T07:45:09.369204+00:00 INFO 'ansible_navigator.setup_logger' New ansible-navigator instance, logging initialized
2025-11-18T07:45:09.369608+00:00 INFO 'ansible_navigator.setup_logger' New ansible-runner instance, logging initialized
2025-11-18T07:45:09.369635+00:00 DEBUG 'ansible_navigator.main' Django==5.1.8 
2025-11-18T07:45:09.369650+00:00 DEBUG 'ansible_navigator.main' Jinja2==3.1.6 
2025-11-18T07:45:09.369661+00:00 DEBUG 'ansible_navigator.main' MarkupSafe==3.0.3 
2025-11-18T07:45:09.369671+00:00 DEBUG 'ansible_navigator.main' Parsley==1.3 
2025-11-18T07:45:09.369680+00:00 DEBUG 'ansible_navigator.main' PyYAML==6.0.3 
2025-11-18T07:45:09.369690+00:00 DEBUG 'ansible_navigator.main' Pygments==2.19.1 
2025-11-18T07:45:09.369701+00:00 DEBUG 'ansible_navigator.main' Werkzeug==3.1.1 
2025-11-18T07:45:09.369712+00:00 DEBUG 'ansible_navigator.main' ansible-builder==3.1.1 
2025-11-18T07:45:09.369721+00:00 DEBUG 'ansible_navigator.main' ansible-compat==25.8.2 
2025-11-18T07:45:09.369731+00:00 DEBUG 'ansible_navigator.main' ansible-core==2.19.3 
2025-11-18T07:45:09.369739+00:00 DEBUG 'ansible_navigator.main' ansible-creator==25.10.0 
2025-11-18T07:45:09.369747+00:00 DEBUG 'ansible_navigator.main' ansible-dev-environment==25.8.0 
2025-11-18T07:45:09.369758+00:00 DEBUG 'ansible_navigator.main' ansible-dev-tools==25.9.0 
2025-11-18T07:45:09.369768+00:00 DEBUG 'ansible_navigator.main' ansible-lint==25.9.2 
2025-11-18T07:45:09.369776+00:00 DEBUG 'ansible_navigator.main' ansible-navigator==25.9.0 
2025-11-18T07:45:09.369785+00:00 DEBUG 'ansible_navigator.main' ansible-runner==2.4.2 
2025-11-18T07:45:09.369793+00:00 DEBUG 'ansible_navigator.main' ansible-sign==0.1.2 
2025-11-18T07:45:09.369801+00:00 DEBUG 'ansible_navigator.main' asgiref==3.8.1 /Users/anshukla/.pyenv/versions/3.13.2/lib/python3.13/site-packages/asgiref/__init__.py
2025-11-18T07:45:09.369809+00:00 DEBUG 'ansible_navigator.main' astroid==3.3.9 /Users/anshukla/.pyenv/versions/3.13.2/lib/python3.13/site-packages/astroid/__init__.py
2025-11-18T07:45:09.369819+00:00 DEBUG 'ansible_navigator.main' attrs==25.4.0 /Users/anshukla/.pyenv/versions/3.13.2/lib/python3.13/site-packages/attrs/__init__.py
2025-11-18T07:45:09.369827+00:00 DEBUG 'ansible_navigator.main' bindep==2.13.0 /Users/anshukla/.pyenv/versions/3.13.2/lib/python3.13/site-packages/bindep/__init__.py
2025-11-18T07:45:09.369834+00:00 DEBUG 'ansible_navigator.main' black==25.9.0 /Users/anshukla/.pyenv/versions/3.13.2/lib/python3.13/site-packages/black/__init__.cpython-313-darwin.so
2025-11-18T07:45:09.369842+00:00 DEBUG 'ansible_navigator.main' bracex==2.6 /Users/anshukla/.pyenv/versions/3.13.2/lib/python3.13/site-packages/bracex/__init__.py
2025-11-18T07:45:09.369849+00:00 DEBUG 'ansible_navigator.main' cachetools==5.5.2 /Users/anshukla/.pyenv/versions/3.13.2/lib/python3.13/site-packages/cachetools/__init__.py
2025-11-18T07:45:09.369856+00:00 DEBUG 'ansible_navigator.main' certifi==2025.1.31 /Users/anshukla/.pyenv/versions/3.13.2/lib/python3.13/site-packages/certifi/__init__.py
2025-11-18T07:45:09.369864+00:00 DEBUG 'ansible_navigator.main' cffi==2.0.0 /Users/anshukla/.pyenv/versions/3.13.2/lib/python3.13/site-packages/cffi/__init__.py
2025-11-18T07:45:09.369871+00:00 DEBUG 'ansible_navigator.main' cfgv==3.4.0 /Users/anshukla/.pyenv/versions/3.13.2/lib/python3.13/site-packages/cfgv.py
2025-11-18T07:45:09.369883+00:00 DEBUG 'ansible_navigator.main' chardet==5.2.0 /Users/anshukla/.pyenv/versions/3.13.2/lib/python3.13/site-packages/chardet/__init__.py
2025-11-18T07:45:09.369891+00:00 DEBUG 'ansible_navigator.main' charset-normalizer==3.4.1 
2025-11-18T07:45:09.369899+00:00 DEBUG 'ansible_navigator.main' click-help-colors==0.9.4 
2025-11-18T07:45:09.369905+00:00 DEBUG 'ansible_navigator.main' click==8.3.0 /Users/anshukla/.pyenv/versions/3.13.2/lib/python3.13/site-packages/click/__init__.py
2025-11-18T07:45:09.369912+00:00 DEBUG 'ansible_navigator.main' colorama==0.4.6 /Users/anshukla/.pyenv/versions/3.13.2/lib/python3.13/site-packages/colorama/__init__.py
2025-11-18T07:45:09.369920+00:00 DEBUG 'ansible_navigator.main' coverage==7.8.0 /Users/anshukla/.pyenv/versions/3.13.2/lib/python3.13/site-packages/coverage/__init__.py
2025-11-18T07:45:09.369927+00:00 DEBUG 'ansible_navigator.main' cryptography==46.0.3 /Users/anshukla/.pyenv/versions/3.13.2/lib/python3.13/site-packages/cryptography/__init__.py
2025-11-18T07:45:09.369933+00:00 DEBUG 'ansible_navigator.main' dill==0.3.9 /Users/anshukla/.pyenv/versions/3.13.2/lib/python3.13/site-packages/dill/__init__.py
2025-11-18T07:45:09.369940+00:00 DEBUG 'ansible_navigator.main' distlib==0.3.9 /Users/anshukla/.local/lib/python3.13/site-packages/distlib/__init__.py
2025-11-18T07:45:09.369950+00:00 DEBUG 'ansible_navigator.main' distro==1.9.0 /Users/anshukla/.pyenv/versions/3.13.2/lib/python3.13/site-packages/distro/__init__.py
2025-11-18T07:45:09.369958+00:00 DEBUG 'ansible_navigator.main' django-stubs-ext==5.1.3 
2025-11-18T07:45:09.369965+00:00 DEBUG 'ansible_navigator.main' django-stubs==5.1.3 None
2025-11-18T07:45:09.369972+00:00 DEBUG 'ansible_navigator.main' docstring_parser_fork==0.0.12 
2025-11-18T07:45:09.369979+00:00 DEBUG 'ansible_navigator.main' enrich==1.2.7 /Users/anshukla/.pyenv/versions/3.13.2/lib/python3.13/site-packages/enrich/__init__.py
2025-11-18T07:45:09.369986+00:00 DEBUG 'ansible_navigator.main' execnet==2.1.1 /Users/anshukla/.pyenv/versions/3.13.2/lib/python3.13/site-packages/execnet/__init__.py
2025-11-18T07:45:09.369993+00:00 DEBUG 'ansible_navigator.main' filelock==3.20.0 /Users/anshukla/.pyenv/versions/3.13.2/lib/python3.13/site-packages/filelock/__init__.py
2025-11-18T07:45:09.370000+00:00 DEBUG 'ansible_navigator.main' gunicorn==23.0.0 /Users/anshukla/.pyenv/versions/3.13.2/lib/python3.13/site-packages/gunicorn/__init__.py
2025-11-18T07:45:09.370006+00:00 DEBUG 'ansible_navigator.main' identify==2.6.9 /Users/anshukla/.pyenv/versions/3.13.2/lib/python3.13/site-packages/identify/__init__.py
2025-11-18T07:45:09.370013+00:00 DEBUG 'ansible_navigator.main' idna==3.10 /Users/anshukla/.pyenv/versions/3.13.2/lib/python3.13/site-packages/idna/__init__.py
2025-11-18T07:45:09.370021+00:00 DEBUG 'ansible_navigator.main' importlib_metadata==8.7.0 /Users/anshukla/.pyenv/versions/3.13.2/lib/python3.13/site-packages/importlib_metadata/__init__.py
2025-11-18T07:45:09.370028+00:00 DEBUG 'ansible_navigator.main' iniconfig==2.1.0 /Users/anshukla/.pyenv/versions/3.13.2/lib/python3.13/site-packages/iniconfig/__init__.py
2025-11-18T07:45:09.370040+00:00 DEBUG 'ansible_navigator.main' isodate==0.7.2 /Users/anshukla/.pyenv/versions/3.13.2/lib/python3.13/site-packages/isodate/__init__.py
2025-11-18T07:45:09.370048+00:00 DEBUG 'ansible_navigator.main' isort==6.0.1 /Users/anshukla/.pyenv/versions/3.13.2/lib/python3.13/site-packages/isort/__init__.py
2025-11-18T07:45:09.370056+00:00 DEBUG 'ansible_navigator.main' jsonschema-path==0.3.4 
2025-11-18T07:45:09.370062+00:00 DEBUG 'ansible_navigator.main' jsonschema-specifications==2025.9.1 
2025-11-18T07:45:09.370069+00:00 DEBUG 'ansible_navigator.main' jsonschema==4.25.1 /Users/anshukla/.pyenv/versions/3.13.2/lib/python3.13/site-packages/jsonschema/__init__.py
2025-11-18T07:45:09.370076+00:00 DEBUG 'ansible_navigator.main' lazy-object-proxy==1.10.0 
2025-11-18T07:45:09.370083+00:00 DEBUG 'ansible_navigator.main' libtmux==0.46.1 /Users/anshukla/.pyenv/versions/3.13.2/lib/python3.13/site-packages/libtmux/__init__.py
2025-11-18T07:45:09.370100+00:00 DEBUG 'ansible_navigator.main' lockfile==0.12.2 /Users/anshukla/.pyenv/versions/3.13.2/lib/python3.13/site-packages/lockfile/__init__.py
2025-11-18T07:45:09.370109+00:00 DEBUG 'ansible_navigator.main' markdown-it-py==3.0.0 
2025-11-18T07:45:09.370116+00:00 DEBUG 'ansible_navigator.main' mccabe==0.7.0 /Users/anshukla/.pyenv/versions/3.13.2/lib/python3.13/site-packages/mccabe.py
2025-11-18T07:45:09.370123+00:00 DEBUG 'ansible_navigator.main' mdurl==0.1.2 /Users/anshukla/.pyenv/versions/3.13.2/lib/python3.13/site-packages/mdurl/__init__.py
2025-11-18T07:45:09.370131+00:00 DEBUG 'ansible_navigator.main' molecule==25.4.0 /Users/anshukla/.pyenv/versions/3.13.2/lib/python3.13/site-packages/molecule/__init__.py
2025-11-18T07:45:09.370138+00:00 DEBUG 'ansible_navigator.main' more-itertools==10.6.0 
2025-11-18T07:45:09.370145+00:00 DEBUG 'ansible_navigator.main' mypy==1.15.0 /Users/anshukla/.pyenv/versions/3.13.2/lib/python3.13/site-packages/mypy/__init__.cpython-313-darwin.so
2025-11-18T07:45:09.370152+00:00 DEBUG 'ansible_navigator.main' mypy_extensions==1.1.0 /Users/anshukla/.pyenv/versions/3.13.2/lib/python3.13/site-packages/mypy_extensions.py
2025-11-18T07:45:09.370161+00:00 DEBUG 'ansible_navigator.main' nodeenv==1.9.1 /Users/anshukla/.pyenv/versions/3.13.2/lib/python3.13/site-packages/nodeenv.py
2025-11-18T07:45:09.370168+00:00 DEBUG 'ansible_navigator.main' onigurumacffi==1.4.1 /Users/anshukla/.pyenv/versions/3.13.2/lib/python3.13/site-packages/onigurumacffi.py
2025-11-18T07:45:09.370176+00:00 DEBUG 'ansible_navigator.main' openapi-core==0.19.5 
2025-11-18T07:45:09.370183+00:00 DEBUG 'ansible_navigator.main' openapi-schema-validator==0.6.3 
2025-11-18T07:45:09.370190+00:00 DEBUG 'ansible_navigator.main' openapi-spec-validator==0.7.1 
2025-11-18T07:45:09.370197+00:00 DEBUG 'ansible_navigator.main' packaging==25.0 /Users/anshukla/.pyenv/versions/3.13.2/lib/python3.13/site-packages/packaging/__init__.py
2025-11-18T07:45:09.370203+00:00 DEBUG 'ansible_navigator.main' parse==1.20.2 /Users/anshukla/.pyenv/versions/3.13.2/lib/python3.13/site-packages/parse.py
2025-11-18T07:45:09.370210+00:00 DEBUG 'ansible_navigator.main' pathable==0.4.4 /Users/anshukla/.pyenv/versions/3.13.2/lib/python3.13/site-packages/pathable/__init__.py
2025-11-18T07:45:09.370216+00:00 DEBUG 'ansible_navigator.main' pathspec==0.12.1 /Users/anshukla/.pyenv/versions/3.13.2/lib/python3.13/site-packages/pathspec/__init__.py
2025-11-18T07:45:09.370223+00:00 DEBUG 'ansible_navigator.main' pbr==6.1.1 /Users/anshukla/.pyenv/versions/3.13.2/lib/python3.13/site-packages/pbr/__init__.py
2025-11-18T07:45:09.370229+00:00 DEBUG 'ansible_navigator.main' pexpect==4.9.0 /Users/anshukla/.pyenv/versions/3.13.2/lib/python3.13/site-packages/pexpect/__init__.py
2025-11-18T07:45:09.370236+00:00 DEBUG 'ansible_navigator.main' pip==24.3.1 /Users/anshukla/.pyenv/versions/3.13.2/lib/python3.13/site-packages/pip/__init__.py
2025-11-18T07:45:09.370243+00:00 DEBUG 'ansible_navigator.main' platformdirs==4.5.0 /Users/anshukla/.pyenv/versions/3.13.2/lib/python3.13/site-packages/platformdirs/__init__.py
2025-11-18T07:45:09.370249+00:00 DEBUG 'ansible_navigator.main' pluggy==1.5.0 /Users/anshukla/.pyenv/versions/3.13.2/lib/python3.13/site-packages/pluggy/__init__.py
2025-11-18T07:45:09.370256+00:00 DEBUG 'ansible_navigator.main' pre_commit==4.2.0 /Users/anshukla/.pyenv/versions/3.13.2/lib/python3.13/site-packages/pre_commit/__init__.py
2025-11-18T07:45:09.370263+00:00 DEBUG 'ansible_navigator.main' ptyprocess==0.7.0 /Users/anshukla/.pyenv/versions/3.13.2/lib/python3.13/site-packages/ptyprocess/__init__.py
2025-11-18T07:45:09.370269+00:00 DEBUG 'ansible_navigator.main' pycparser==2.23 /Users/anshukla/.pyenv/versions/3.13.2/lib/python3.13/site-packages/pycparser/__init__.py
2025-11-18T07:45:09.370276+00:00 DEBUG 'ansible_navigator.main' pydoclint==0.6.5 /Users/anshukla/.pyenv/versions/3.13.2/lib/python3.13/site-packages/pydoclint/__init__.py
2025-11-18T07:45:09.370283+00:00 DEBUG 'ansible_navigator.main' pylint==3.3.6 /Users/anshukla/.pyenv/versions/3.13.2/lib/python3.13/site-packages/pylint/__init__.py
2025-11-18T07:45:09.370292+00:00 DEBUG 'ansible_navigator.main' pyproject-api==1.9.0 
2025-11-18T07:45:09.370299+00:00 DEBUG 'ansible_navigator.main' pytest-ansible==25.8.0 
2025-11-18T07:45:09.370307+00:00 DEBUG 'ansible_navigator.main' pytest-instafail==0.5.0 
2025-11-18T07:45:09.370314+00:00 DEBUG 'ansible_navigator.main' pytest-plus==0.8.1 
2025-11-18T07:45:09.370321+00:00 DEBUG 'ansible_navigator.main' pytest-sugar==1.1.1 
2025-11-18T07:45:09.370328+00:00 DEBUG 'ansible_navigator.main' pytest-xdist==3.6.1 
2025-11-18T07:45:09.370335+00:00 DEBUG 'ansible_navigator.main' pytest==8.3.5 /Users/anshukla/.pyenv/versions/3.13.2/lib/python3.13/site-packages/pytest/__init__.py
2025-11-18T07:45:09.370341+00:00 DEBUG 'ansible_navigator.main' python-daemon==3.1.2 
2025-11-18T07:45:09.370348+00:00 DEBUG 'ansible_navigator.main' python-gnupg==0.5.4 
2025-11-18T07:45:09.370355+00:00 DEBUG 'ansible_navigator.main' pytokens==0.2.0 /Users/anshukla/.pyenv/versions/3.13.2/lib/python3.13/site-packages/pytokens/__init__.py
2025-11-18T07:45:09.370362+00:00 DEBUG 'ansible_navigator.main' referencing==0.37.0 /Users/anshukla/.pyenv/versions/3.13.2/lib/python3.13/site-packages/referencing/__init__.py
2025-11-18T07:45:09.370368+00:00 DEBUG 'ansible_navigator.main' requests==2.32.3 /Users/anshukla/.pyenv/versions/3.13.2/lib/python3.13/site-packages/requests/__init__.py
2025-11-18T07:45:09.370376+00:00 DEBUG 'ansible_navigator.main' resolvelib==1.2.1 /Users/anshukla/.pyenv/versions/3.13.2/lib/python3.13/site-packages/resolvelib/__init__.py
2025-11-18T07:45:09.370385+00:00 DEBUG 'ansible_navigator.main' rfc3339-validator==0.1.4 
2025-11-18T07:45:09.370393+00:00 DEBUG 'ansible_navigator.main' rich==14.0.0 /Users/anshukla/.pyenv/versions/3.13.2/lib/python3.13/site-packages/rich/__init__.py
2025-11-18T07:45:09.370400+00:00 DEBUG 'ansible_navigator.main' rpds-py==0.27.1 
2025-11-18T07:45:09.370407+00:00 DEBUG 'ansible_navigator.main' ruamel.yaml.clib==0.2.14 
2025-11-18T07:45:09.370414+00:00 DEBUG 'ansible_navigator.main' ruamel.yaml==0.18.15 /Users/anshukla/.pyenv/versions/3.13.2/lib/python3.13/site-packages/ruamel/yaml/__init__.py
2025-11-18T07:45:09.370421+00:00 DEBUG 'ansible_navigator.main' ruff==0.11.2 /Users/anshukla/.pyenv/versions/3.13.2/lib/python3.13/site-packages/ruff/__init__.py
2025-11-18T07:45:09.370427+00:00 DEBUG 'ansible_navigator.main' setuptools==80.9.0 /Users/anshukla/.pyenv/versions/3.13.2/lib/python3.13/site-packages/setuptools/__init__.py
2025-11-18T07:45:09.370434+00:00 DEBUG 'ansible_navigator.main' six==1.17.0 /Users/anshukla/.pyenv/versions/3.13.2/lib/python3.13/site-packages/six.py
2025-11-18T07:45:09.370444+00:00 DEBUG 'ansible_navigator.main' sqlparse==0.5.3 /Users/anshukla/.pyenv/versions/3.13.2/lib/python3.13/site-packages/sqlparse/__init__.py
2025-11-18T07:45:09.370453+00:00 DEBUG 'ansible_navigator.main' stevedore==5.4.1 /Users/anshukla/.local/lib/python3.13/site-packages/stevedore/__init__.py
2025-11-18T07:45:09.370460+00:00 DEBUG 'ansible_navigator.main' subprocess-tee==0.4.2 
2025-11-18T07:45:09.370467+00:00 DEBUG 'ansible_navigator.main' tenacity==9.1.2 /Users/anshukla/.pyenv/versions/3.13.2/lib/python3.13/site-packages/tenacity/__init__.py
2025-11-18T07:45:09.370473+00:00 DEBUG 'ansible_navigator.main' termcolor==3.2.0 /Users/anshukla/.pyenv/versions/3.13.2/lib/python3.13/site-packages/termcolor/__init__.py
2025-11-18T07:45:09.370480+00:00 DEBUG 'ansible_navigator.main' toml-sort==0.24.2 
2025-11-18T07:45:09.370486+00:00 DEBUG 'ansible_navigator.main' tomlkit==0.13.2 /Users/anshukla/.pyenv/versions/3.13.2/lib/python3.13/site-packages/tomlkit/__init__.py
2025-11-18T07:45:09.370497+00:00 DEBUG 'ansible_navigator.main' tox-ansible==25.8.0 
2025-11-18T07:45:09.370506+00:00 DEBUG 'ansible_navigator.main' tox==4.25.0 /Users/anshukla/.pyenv/versions/3.13.2/lib/python3.13/site-packages/tox/__init__.py
2025-11-18T07:45:09.370512+00:00 DEBUG 'ansible_navigator.main' types-PyYAML==6.0.12.20250402 
2025-11-18T07:45:09.370519+00:00 DEBUG 'ansible_navigator.main' types-requests==2.32.0.20250328 
2025-11-18T07:45:09.370529+00:00 DEBUG 'ansible_navigator.main' typing_extensions==4.13.0 /Users/anshukla/.pyenv/versions/3.13.2/lib/python3.13/site-packages/typing_extensions.py
2025-11-18T07:45:09.370536+00:00 DEBUG 'ansible_navigator.main' tzdata==2025.2 /Users/anshukla/.pyenv/versions/3.13.2/lib/python3.13/site-packages/tzdata/__init__.py
2025-11-18T07:45:09.370545+00:00 DEBUG 'ansible_navigator.main' urllib3==2.3.0 /Users/anshukla/.pyenv/versions/3.13.2/lib/python3.13/site-packages/urllib3/__init__.py
2025-11-18T07:45:09.370554+00:00 DEBUG 'ansible_navigator.main' uv==0.8.14 /Users/anshukla/.pyenv/versions/3.13.2/lib/python3.13/site-packages/uv/__init__.py
2025-11-18T07:45:09.370561+00:00 DEBUG 'ansible_navigator.main' virtualenv-clone==0.5.7 
2025-11-18T07:45:09.370568+00:00 DEBUG 'ansible_navigator.main' virtualenv==20.30.0 /Users/anshukla/.local/lib/python3.13/site-packages/virtualenv/__init__.py
2025-11-18T07:45:09.370574+00:00 DEBUG 'ansible_navigator.main' virtualenvwrapper==6.1.1 None
2025-11-18T07:45:09.370581+00:00 DEBUG 'ansible_navigator.main' wcmatch==10.1 /Users/anshukla/.pyenv/versions/3.13.2/lib/python3.13/site-packages/wcmatch/__init__.py
2025-11-18T07:45:09.370590+00:00 DEBUG 'ansible_navigator.main' yamllint==1.37.1 /Users/anshukla/.pyenv/versions/3.13.2/lib/python3.13/site-packages/yamllint/__init__.py
2025-11-18T07:45:09.370600+00:00 DEBUG 'ansible_navigator.main' zipp==3.23.0 /Users/anshukla/.pyenv/versions/3.13.2/lib/python3.13/site-packages/zipp/__init__.py
2025-11-18T07:45:09.370606+00:00 DEBUG 'ansible_navigator.main' Default collection_doc_cache_path set to: /Users/anshukla/.cache/ansible-navigator/collection_doc_cache.db
2025-11-18T07:45:09.370613+00:00 DEBUG 'ansible_navigator.main' EDITOR environment variable not set
2025-11-18T07:45:09.370620+00:00 DEBUG 'ansible_navigator.main' Default editor_command set to: vi +{line_number} {filename}
2025-11-18T07:45:09.370626+00:00 DEBUG 'ansible_navigator.main' No config file set by ANSIBLE_NAVIGATOR_CONFIG
2025-11-18T07:45:09.370633+00:00 DEBUG 'ansible_navigator.main' Looking in /Users/anshukla/.ansible-navigator
2025-11-18T07:45:09.370641+00:00 DEBUG 'ansible_navigator.main' Looking for '/Users/anshukla/.ansible-navigator.yml', '/Users/anshukla/.ansible-navigator.yaml' and '/Users/anshukla/.ansible-navigator.json'
2025-11-18T07:45:09.370648+00:00 DEBUG 'ansible_navigator.main' Found 0: 
2025-11-18T07:45:09.370654+00:00 DEBUG 'ansible_navigator.main' Looking in /Users/anshukla/rehat_project/vscode-ansible/examples/ansible-navigator
2025-11-18T07:45:09.370661+00:00 DEBUG 'ansible_navigator.main' Looking for '/Users/anshukla/rehat_project/vscode-ansible/examples/ansible-navigator.yml', '/Users/anshukla/rehat_project/vscode-ansible/examples/ansible-navigator.yaml' and '/Users/anshukla/rehat_project/vscode-ansible/examples/ansible-navigator.json'
2025-11-18T07:45:09.370669+00:00 DEBUG 'ansible_navigator.main' Found 0: 
2025-11-18T07:45:09.370677+00:00 DEBUG 'ansible_navigator.main' All found 0: 
2025-11-18T07:45:09.370683+00:00 DEBUG 'ansible_navigator.main' Using: None
2025-11-18T07:45:09.370691+00:00 DEBUG 'ansible_navigator.main' No valid settings file found, using all default values for settings.
2025-11-18T07:45:09.370700+00:00 DEBUG 'ansible_navigator.main' Command provided: 'run playbooks/play1.yml -m stdout-minimal'
2025-11-18T07:45:09.370710+00:00 DEBUG 'ansible_navigator.main' EE support enabled: using current working directory for 'ansible.cfg'
2025-11-18T07:45:09.370718+00:00 INFO 'ansible_navigator.main' EE support enabled: found 'ansible.cfg' in current working directory.
2025-11-18T07:45:09.370724+00:00 DEBUG 'ansible_navigator.main' Completed post processing for ansible_runner_artifact_dir. (changed=False)
2025-11-18T07:45:09.370731+00:00 DEBUG 'ansible_navigator.main' Completed post processing for ansible_runner_rotate_artifacts_count. (changed=False)
2025-11-18T07:45:09.370738+00:00 DEBUG 'ansible_navigator.main' Completed post processing for ansible_runner_timeout. (changed=False)
2025-11-18T07:45:09.370747+00:00 DEBUG 'ansible_navigator.main' Completed post processing for cmdline. (changed=False)
2025-11-18T07:45:09.370753+00:00 DEBUG 'ansible_navigator.main' Completed post processing for collection_doc_cache_path. (changed=False)
2025-11-18T07:45:09.370760+00:00 DEBUG 'ansible_navigator.main' Completed post processing for config. (changed=False)
2025-11-18T07:45:09.370766+00:00 DEBUG 'ansible_navigator.main' Completed post processing for config. (changed=False)
2025-11-18T07:45:09.370773+00:00 DEBUG 'ansible_navigator.main' Completed post processing for container_engine. (changed=True)
2025-11-18T07:45:09.370780+00:00 DEBUG 'ansible_navigator.main'  before: 'auto'
2025-11-18T07:45:09.370786+00:00 DEBUG 'ansible_navigator.main'  after: 'podman'
2025-11-18T07:45:09.370793+00:00 DEBUG 'ansible_navigator.main' Completed post processing for container_options. (changed=False)
2025-11-18T07:45:09.370799+00:00 DEBUG 'ansible_navigator.main' Completed post processing for display_color. (changed=False)
2025-11-18T07:45:09.370806+00:00 DEBUG 'ansible_navigator.main' Completed post processing for enable_prompts. (changed=False)
2025-11-18T07:45:09.370812+00:00 DEBUG 'ansible_navigator.main' Completed post processing for execution_environment. (changed=False)
2025-11-18T07:45:09.370819+00:00 DEBUG 'ansible_navigator.main' Completed post processing for execution_environment_image. (changed=False)
2025-11-18T07:45:09.370826+00:00 DEBUG 'ansible_navigator.main' Completed post processing for help_builder. (changed=False)
2025-11-18T07:45:09.370832+00:00 DEBUG 'ansible_navigator.main' Completed post processing for help_config. (changed=False)
2025-11-18T07:45:09.370839+00:00 DEBUG 'ansible_navigator.main' Completed post processing for help_doc. (changed=False)
2025-11-18T07:45:09.370846+00:00 DEBUG 'ansible_navigator.main' Completed post processing for help_inventory. (changed=False)
2025-11-18T07:45:09.370853+00:00 DEBUG 'ansible_navigator.main' Completed post processing for help_playbook. (changed=False)
2025-11-18T07:45:09.370861+00:00 DEBUG 'ansible_navigator.main' Completed post processing for images_details. (changed=False)
2025-11-18T07:45:09.370870+00:00 DEBUG 'ansible_navigator.main' Completed post processing for inventory. (changed=True)
2025-11-18T07:45:09.370879+00:00 DEBUG 'ansible_navigator.main'  before: 'Not set'
2025-11-18T07:45:09.370885+00:00 DEBUG 'ansible_navigator.main'  after: '['/Users/anshukla/rehat_project/vscode-ansible/examples/inventory']'
2025-11-18T07:45:09.370892+00:00 DEBUG 'ansible_navigator.main' Completed post processing for inventory_column. (changed=False)
2025-11-18T07:45:09.370898+00:00 DEBUG 'ansible_navigator.main' Completed post processing for log_file. (changed=False)
2025-11-18T07:45:09.370907+00:00 DEBUG 'ansible_navigator.main' Completed post processing for pass_environment_variable. (changed=False)
2025-11-18T07:45:09.370917+00:00 DEBUG 'ansible_navigator.main' Completed post processing for playbook. (changed=True)
2025-11-18T07:45:09.370924+00:00 DEBUG 'ansible_navigator.main'  before: 'playbooks/play1.yml'
2025-11-18T07:45:09.370930+00:00 DEBUG 'ansible_navigator.main'  after: '/Users/anshukla/rehat_project/vscode-ansible/examples/playbooks/play1.yml'
2025-11-18T07:45:09.370937+00:00 DEBUG 'ansible_navigator.main' Completed post processing for playbook_artifact_replay. (changed=False)
2025-11-18T07:45:09.370943+00:00 DEBUG 'ansible_navigator.main' Completed post processing for playbook_artifact_save_as. (changed=False)
2025-11-18T07:45:09.370950+00:00 DEBUG 'ansible_navigator.main' Completed post processing for plugin_name. (changed=False)
2025-11-18T07:45:09.370956+00:00 DEBUG 'ansible_navigator.main' Completed post processing for pull_arguments. (changed=False)
2025-11-18T07:45:09.370967+00:00 DEBUG 'ansible_navigator.main' Completed post processing for set_environment_variable. (changed=False)
2025-11-18T07:45:09.370975+00:00 DEBUG 'ansible_navigator.main' Completed post processing for settings_effective. (changed=False)
2025-11-18T07:45:09.370982+00:00 DEBUG 'ansible_navigator.main' Completed post processing for settings_sample. (changed=False)
2025-11-18T07:45:09.370990+00:00 DEBUG 'ansible_navigator.main' Completed post processing for settings_schema. (changed=False)
2025-11-18T07:45:09.370997+00:00 DEBUG 'ansible_navigator.main' Completed post processing for settings_sources. (changed=False)
2025-11-18T07:45:09.371004+00:00 DEBUG 'ansible_navigator.main' Completed post processing for time_zone. (changed=False)
2025-11-18T07:45:09.371010+00:00 DEBUG 'ansible_navigator.main' Completed post processing for execution_environment_volume_mounts. (changed=False)
2025-11-18T07:45:09.371017+00:00 DEBUG 'ansible_navigator.main' Completed post processing for mode. (changed=False)
2025-11-18T07:45:09.371023+00:00 DEBUG 'ansible_navigator.main' Completed post processing for playbook_artifact_enable. (changed=False)
2025-11-18T07:45:09.371031+00:00 WARNING 'ansible_navigator.main' Configuration errors encountered, rolling back to previous configuration.
2025-11-18T07:45:09.371037+00:00 DEBUG 'ansible_navigator.main' Prior to rollback: ansible_runner_artifact_dir = 'Not set' (Constants/Not set)
2025-11-18T07:45:09.371044+00:00 DEBUG 'ansible_navigator.main' Prior to rollback: ansible_runner_rotate_artifacts_count = 'Not set' (Constants/Not set)
2025-11-18T07:45:09.371050+00:00 DEBUG 'ansible_navigator.main' Prior to rollback: ansible_runner_timeout = 'Not set' (Constants/Not set)
2025-11-18T07:45:09.371057+00:00 DEBUG 'ansible_navigator.main' Prior to rollback: ansible_runner_write_job_events = 'False' (bool/Defaults)
2025-11-18T07:45:09.371063+00:00 DEBUG 'ansible_navigator.main' Prior to rollback: app = 'run' (str/Command line)
2025-11-18T07:45:09.371070+00:00 DEBUG 'ansible_navigator.main' Prior to rollback: cmdline = 'Not set' (Constants/Not set)
2025-11-18T07:45:09.371076+00:00 DEBUG 'ansible_navigator.main' Prior to rollback: collection_doc_cache_path = '/Users/anshukla/.cache/ansible-navigator/collection_doc_cache.db' (str/Defaults)
2025-11-18T07:45:09.371083+00:00 DEBUG 'ansible_navigator.main' Prior to rollback: config = 'Not set' (Constants/Not set)
2025-11-18T07:45:09.371089+00:00 DEBUG 'ansible_navigator.main' Prior to rollback: container_engine = 'podman' (str/Automatically determined)
2025-11-18T07:45:09.371096+00:00 DEBUG 'ansible_navigator.main' Prior to rollback: container_options = 'Not set' (Constants/Not set)
2025-11-18T07:45:09.371103+00:00 DEBUG 'ansible_navigator.main' Prior to rollback: display_color = 'True' (bool/Defaults)
2025-11-18T07:45:09.371111+00:00 DEBUG 'ansible_navigator.main' Prior to rollback: editor_command = 'vi +{line_number} {filename}' (str/Defaults)
2025-11-18T07:45:09.371119+00:00 DEBUG 'ansible_navigator.main' Prior to rollback: editor_console = 'True' (bool/Defaults)
2025-11-18T07:45:09.371126+00:00 DEBUG 'ansible_navigator.main' Prior to rollback: enable_prompts = 'False' (bool/Defaults)
2025-11-18T07:45:09.371132+00:00 DEBUG 'ansible_navigator.main' Prior to rollback: exec_command = '/bin/bash' (str/Defaults)
2025-11-18T07:45:09.371139+00:00 DEBUG 'ansible_navigator.main' Prior to rollback: exec_shell = 'True' (bool/Defaults)
2025-11-18T07:45:09.371145+00:00 DEBUG 'ansible_navigator.main' Prior to rollback: execution_environment = 'True' (bool/Defaults)
2025-11-18T07:45:09.371152+00:00 DEBUG 'ansible_navigator.main' Prior to rollback: execution_environment_image = 'ghcr.io/ansible/community-ansible-dev-tools:latest' (str/Defaults)
2025-11-18T07:45:09.371158+00:00 DEBUG 'ansible_navigator.main' Prior to rollback: execution_environment_volume_mounts = 'Not set' (Constants/Not set)
2025-11-18T07:45:09.371165+00:00 DEBUG 'ansible_navigator.main' Prior to rollback: format = 'yaml' (str/Defaults)
2025-11-18T07:45:09.371171+00:00 DEBUG 'ansible_navigator.main' Prior to rollback: help_builder = 'False' (bool/Defaults)
2025-11-18T07:45:09.371178+00:00 DEBUG 'ansible_navigator.main' Prior to rollback: help_config = 'False' (bool/Defaults)
2025-11-18T07:45:09.371184+00:00 DEBUG 'ansible_navigator.main' Prior to rollback: help_doc = 'False' (bool/Defaults)
2025-11-18T07:45:09.371194+00:00 DEBUG 'ansible_navigator.main' Prior to rollback: help_inventory = 'False' (bool/Defaults)
2025-11-18T07:45:09.371200+00:00 DEBUG 'ansible_navigator.main' Prior to rollback: help_playbook = 'False' (bool/Defaults)
2025-11-18T07:45:09.371207+00:00 DEBUG 'ansible_navigator.main' Prior to rollback: images_details = '['everything']' (list/Defaults)
2025-11-18T07:45:09.371213+00:00 DEBUG 'ansible_navigator.main' Prior to rollback: inventory = '['/Users/anshukla/rehat_project/vscode-ansible/examples/inventory']' (list/Ansible configuration file)
2025-11-18T07:45:09.371220+00:00 DEBUG 'ansible_navigator.main' Prior to rollback: inventory_column = 'Not set' (Constants/Not set)
2025-11-18T07:45:09.371227+00:00 DEBUG 'ansible_navigator.main' Prior to rollback: lint_config = 'Not set' (Constants/Not set)
2025-11-18T07:45:09.371233+00:00 DEBUG 'ansible_navigator.main' Prior to rollback: lintables = 'Not set' (Constants/Not set)
2025-11-18T07:45:09.371240+00:00 DEBUG 'ansible_navigator.main' Prior to rollback: log_append = 'True' (bool/Defaults)
2025-11-18T07:45:09.371246+00:00 DEBUG 'ansible_navigator.main' Prior to rollback: log_file = '/Users/anshukla/rehat_project/vscode-ansible/examples/ansible-navigator.log' (str/Defaults)
2025-11-18T07:45:09.371253+00:00 DEBUG 'ansible_navigator.main' Prior to rollback: log_level = 'warning' (str/Defaults)
2025-11-18T07:45:09.371260+00:00 DEBUG 'ansible_navigator.main' Prior to rollback: mode = 'stdout-minimal' (str/Command line)
2025-11-18T07:45:09.371266+00:00 DEBUG 'ansible_navigator.main' Prior to rollback: osc4 = 'True' (bool/Defaults)
2025-11-18T07:45:09.371273+00:00 DEBUG 'ansible_navigator.main' Prior to rollback: pass_environment_variable = 'Not set' (Constants/Not set)
2025-11-18T07:45:09.371280+00:00 DEBUG 'ansible_navigator.main' Prior to rollback: playbook = '/Users/anshukla/rehat_project/vscode-ansible/examples/playbooks/play1.yml' (str/Command line)
2025-11-18T07:45:09.371287+00:00 DEBUG 'ansible_navigator.main' Prior to rollback: playbook_artifact_enable = 'True' (bool/Defaults)
2025-11-18T07:45:09.371294+00:00 DEBUG 'ansible_navigator.main' Prior to rollback: playbook_artifact_replay = 'Not set' (Constants/Not set)
2025-11-18T07:45:09.371301+00:00 DEBUG 'ansible_navigator.main' Prior to rollback: playbook_artifact_save_as = '{playbook_dir}/{playbook_name}-artifact-{time_stamp}.json' (str/Defaults)
2025-11-18T07:45:09.371308+00:00 DEBUG 'ansible_navigator.main' Prior to rollback: plugin_name = 'Not set' (Constants/Not set)
2025-11-18T07:45:09.371314+00:00 DEBUG 'ansible_navigator.main' Prior to rollback: plugin_type = 'module' (str/Defaults)
2025-11-18T07:45:09.371321+00:00 DEBUG 'ansible_navigator.main' Prior to rollback: pull_arguments = 'Not set' (Constants/Not set)
2025-11-18T07:45:09.371328+00:00 DEBUG 'ansible_navigator.main' Prior to rollback: pull_policy = 'tag' (str/Defaults)
2025-11-18T07:45:09.371334+00:00 DEBUG 'ansible_navigator.main' Prior to rollback: set_environment_variable = 'Not set' (Constants/Not set)
2025-11-18T07:45:09.371341+00:00 DEBUG 'ansible_navigator.main' Prior to rollback: settings_effective = 'False' (bool/Defaults)
2025-11-18T07:45:09.371352+00:00 DEBUG 'ansible_navigator.main' Prior to rollback: settings_sample = 'False' (bool/Defaults)
2025-11-18T07:45:09.371361+00:00 DEBUG 'ansible_navigator.main' Prior to rollback: settings_schema = 'json' (str/Defaults)
2025-11-18T07:45:09.371367+00:00 DEBUG 'ansible_navigator.main' Prior to rollback: settings_sources = 'False' (bool/Defaults)
2025-11-18T07:45:09.371375+00:00 DEBUG 'ansible_navigator.main' Prior to rollback: time_zone = 'UTC' (str/Defaults)
2025-11-18T07:45:09.371382+00:00 DEBUG 'ansible_navigator.main' Prior to rollback: workdir = '/Users/anshukla/rehat_project/vscode-ansible/examples' (str/Defaults)
2025-11-18T07:45:09.371389+00:00 DEBUG 'ansible_navigator.main' After rollback: ansible_runner_artifact_dir = 'Not set' (Constants/Not set)
2025-11-18T07:45:09.371395+00:00 DEBUG 'ansible_navigator.main' After rollback: ansible_runner_rotate_artifacts_count = 'Not set' (Constants/Not set)
2025-11-18T07:45:09.371415+00:00 DEBUG 'ansible_navigator.main' After rollback: ansible_runner_timeout = 'Not set' (Constants/Not set)
2025-11-18T07:45:09.371423+00:00 DEBUG 'ansible_navigator.main' After rollback: ansible_runner_write_job_events = 'Not set' (Constants/Not set)
2025-11-18T07:45:09.371430+00:00 DEBUG 'ansible_navigator.main' After rollback: app = 'Not set' (Constants/Not set)
2025-11-18T07:45:09.371437+00:00 DEBUG 'ansible_navigator.main' After rollback: cmdline = 'Not set' (Constants/Not set)
2025-11-18T07:45:09.371444+00:00 DEBUG 'ansible_navigator.main' After rollback: collection_doc_cache_path = 'Not set' (Constants/Not set)
2025-11-18T07:45:09.371450+00:00 DEBUG 'ansible_navigator.main' After rollback: config = 'Not set' (Constants/Not set)
2025-11-18T07:45:09.371460+00:00 DEBUG 'ansible_navigator.main' After rollback: container_engine = 'Not set' (Constants/Not set)
2025-11-18T07:45:09.371468+00:00 DEBUG 'ansible_navigator.main' After rollback: container_options = 'Not set' (Constants/Not set)
2025-11-18T07:45:09.371475+00:00 DEBUG 'ansible_navigator.main' After rollback: display_color = 'Not set' (Constants/Not set)
2025-11-18T07:45:09.371482+00:00 DEBUG 'ansible_navigator.main' After rollback: editor_command = 'Not set' (Constants/Not set)
2025-11-18T07:45:09.371488+00:00 DEBUG 'ansible_navigator.main' After rollback: editor_console = 'Not set' (Constants/Not set)
2025-11-18T07:45:09.371495+00:00 DEBUG 'ansible_navigator.main' After rollback: enable_prompts = 'Not set' (Constants/Not set)
2025-11-18T07:45:09.371503+00:00 DEBUG 'ansible_navigator.main' After rollback: exec_command = 'Not set' (Constants/Not set)
2025-11-18T07:45:09.371513+00:00 DEBUG 'ansible_navigator.main' After rollback: exec_shell = 'Not set' (Constants/Not set)
2025-11-18T07:45:09.371520+00:00 DEBUG 'ansible_navigator.main' After rollback: execution_environment = 'Not set' (Constants/Not set)
2025-11-18T07:45:09.371526+00:00 DEBUG 'ansible_navigator.main' After rollback: execution_environment_image = 'Not set' (Constants/Not set)
2025-11-18T07:45:09.371533+00:00 DEBUG 'ansible_navigator.main' After rollback: execution_environment_volume_mounts = 'Not set' (Constants/Not set)
2025-11-18T07:45:09.371539+00:00 DEBUG 'ansible_navigator.main' After rollback: format = 'Not set' (Constants/Not set)
2025-11-18T07:45:09.371546+00:00 DEBUG 'ansible_navigator.main' After rollback: help_builder = 'Not set' (Constants/Not set)
2025-11-18T07:45:09.371552+00:00 DEBUG 'ansible_navigator.main' After rollback: help_config = 'Not set' (Constants/Not set)
2025-11-18T07:45:09.371559+00:00 DEBUG 'ansible_navigator.main' After rollback: help_doc = 'Not set' (Constants/Not set)
2025-11-18T07:45:09.371565+00:00 DEBUG 'ansible_navigator.main' After rollback: help_inventory = 'Not set' (Constants/Not set)
2025-11-18T07:45:09.371572+00:00 DEBUG 'ansible_navigator.main' After rollback: help_playbook = 'Not set' (Constants/Not set)
2025-11-18T07:45:09.371578+00:00 DEBUG 'ansible_navigator.main' After rollback: images_details = 'Not set' (Constants/Not set)
2025-11-18T07:45:09.371587+00:00 DEBUG 'ansible_navigator.main' After rollback: inventory = 'Not set' (Constants/Not set)
2025-11-18T07:45:09.371596+00:00 DEBUG 'ansible_navigator.main' After rollback: inventory_column = 'Not set' (Constants/Not set)
2025-11-18T07:45:09.371602+00:00 DEBUG 'ansible_navigator.main' After rollback: lint_config = 'Not set' (Constants/Not set)
2025-11-18T07:45:09.371609+00:00 DEBUG 'ansible_navigator.main' After rollback: lintables = 'Not set' (Constants/Not set)
2025-11-18T07:45:09.371615+00:00 DEBUG 'ansible_navigator.main' After rollback: log_append = 'Not set' (Constants/Not set)
2025-11-18T07:45:09.371622+00:00 DEBUG 'ansible_navigator.main' After rollback: log_file = 'Not set' (Constants/Not set)
2025-11-18T07:45:09.371628+00:00 DEBUG 'ansible_navigator.main' After rollback: log_level = 'Not set' (Constants/Not set)
2025-11-18T07:45:09.371635+00:00 DEBUG 'ansible_navigator.main' After rollback: mode = 'Not set' (Constants/Not set)
2025-11-18T07:45:09.371644+00:00 DEBUG 'ansible_navigator.main' After rollback: osc4 = 'Not set' (Constants/Not set)
2025-11-18T07:45:09.371651+00:00 DEBUG 'ansible_navigator.main' After rollback: pass_environment_variable = 'Not set' (Constants/Not set)
2025-11-18T07:45:09.371657+00:00 DEBUG 'ansible_navigator.main' After rollback: playbook = 'Not set' (Constants/Not set)
2025-11-18T07:45:09.371664+00:00 DEBUG 'ansible_navigator.main' After rollback: playbook_artifact_enable = 'Not set' (Constants/Not set)
2025-11-18T07:45:09.371672+00:00 DEBUG 'ansible_navigator.main' After rollback: playbook_artifact_replay = 'Not set' (Constants/Not set)
2025-11-18T07:45:09.371678+00:00 DEBUG 'ansible_navigator.main' After rollback: playbook_artifact_save_as = 'Not set' (Constants/Not set)
2025-11-18T07:45:09.371685+00:00 DEBUG 'ansible_navigator.main' After rollback: plugin_name = 'Not set' (Constants/Not set)
2025-11-18T07:45:09.371692+00:00 DEBUG 'ansible_navigator.main' After rollback: plugin_type = 'Not set' (Constants/Not set)
2025-11-18T07:45:09.371698+00:00 DEBUG 'ansible_navigator.main' After rollback: pull_arguments = 'Not set' (Constants/Not set)
2025-11-18T07:45:09.371706+00:00 DEBUG 'ansible_navigator.main' After rollback: pull_policy = 'Not set' (Constants/Not set)
2025-11-18T07:45:09.371713+00:00 DEBUG 'ansible_navigator.main' After rollback: set_environment_variable = 'Not set' (Constants/Not set)
2025-11-18T07:45:09.371721+00:00 DEBUG 'ansible_navigator.main' After rollback: settings_effective = 'Not set' (Constants/Not set)
2025-11-18T07:45:09.371730+00:00 DEBUG 'ansible_navigator.main' After rollback: settings_sample = 'Not set' (Constants/Not set)
2025-11-18T07:45:09.371740+00:00 DEBUG 'ansible_navigator.main' After rollback: settings_schema = 'Not set' (Constants/Not set)
2025-11-18T07:45:09.371746+00:00 DEBUG 'ansible_navigator.main' After rollback: settings_sources = 'Not set' (Constants/Not set)
2025-11-18T07:45:09.371752+00:00 DEBUG 'ansible_navigator.main' After rollback: time_zone = 'Not set' (Constants/Not set)
2025-11-18T07:45:09.371759+00:00 DEBUG 'ansible_navigator.main' After rollback: workdir = 'Not set' (Constants/Not set)
2025-11-18T07:45:09.371770+00:00 DEBUG 'ansible_navigator.main' Configuration rollback complete.
2025-11-18T07:45:09.371778+00:00 DEBUG 'ansible_navigator.main' Collection doc cache not mounted
2025-11-18T07:45:09.371789+00:00 WARNING 'ansible_navigator.main' Issues were found while applying the settings.
2025-11-18T07:45:09.371798+00:00 INFO 'ansible_navigator.main' Command provided: 'run playbooks/play1.yml -m stdout-minimal'
2025-11-18T07:45:09.371810+00:00 ERROR 'ansible_navigator.main' The setting 'mode' must be one of 'stdout' or 'interactive', but set as 'stdout-minimal'. (Command line)
2025-11-18T07:45:09.371818+00:00 INFO 'ansible_navigator.main' Try again with '-m stdout' or '-m interactive'
2025-11-18T07:45:09.371826+00:00 INFO 'ansible_navigator.main' Configuration failed, using default log file location. (/Users/anshukla/rehat_project/vscode-ansible/examples/ansible-navigator.log) Log level set to debug
2025-11-18T07:45:09.371839+00:00 INFO 'ansible_navigator.main' Review the hints and log file to see what went wrong.
2025-11-18T09:05:48.392801+00:00 INFO 'ansible_navigator.setup_logger' New ansible-navigator instance, logging initialized
2025-11-18T09:05:48.393372+00:00 INFO 'ansible_navigator.setup_logger' New ansible-runner instance, logging initialized
2025-11-18T09:05:48.393408+00:00 DEBUG 'ansible_navigator.main' Django==5.1.8 
2025-11-18T09:05:48.393427+00:00 DEBUG 'ansible_navigator.main' Jinja2==3.1.6 
2025-11-18T09:05:48.393442+00:00 DEBUG 'ansible_navigator.main' MarkupSafe==3.0.3 
2025-11-18T09:05:48.393454+00:00 DEBUG 'ansible_navigator.main' Parsley==1.3 
2025-11-18T09:05:48.393467+00:00 DEBUG 'ansible_navigator.main' PyYAML==6.0.3 
2025-11-18T09:05:48.393478+00:00 DEBUG 'ansible_navigator.main' Pygments==2.19.1 
2025-11-18T09:05:48.393489+00:00 DEBUG 'ansible_navigator.main' Werkzeug==3.1.1 
2025-11-18T09:05:48.393499+00:00 DEBUG 'ansible_navigator.main' ansible-builder==3.1.1 
2025-11-18T09:05:48.393519+00:00 DEBUG 'ansible_navigator.main' ansible-compat==25.8.2 
2025-11-18T09:05:48.393528+00:00 DEBUG 'ansible_navigator.main' ansible-core==2.19.3 
2025-11-18T09:05:48.393536+00:00 DEBUG 'ansible_navigator.main' ansible-creator==25.10.0 
2025-11-18T09:05:48.393545+00:00 DEBUG 'ansible_navigator.main' ansible-dev-environment==25.8.0 
2025-11-18T09:05:48.393555+00:00 DEBUG 'ansible_navigator.main' ansible-dev-tools==25.9.0 
2025-11-18T09:05:48.393563+00:00 DEBUG 'ansible_navigator.main' ansible-lint==25.9.2 
2025-11-18T09:05:48.393573+00:00 DEBUG 'ansible_navigator.main' ansible-navigator==25.9.0 
2025-11-18T09:05:48.393583+00:00 DEBUG 'ansible_navigator.main' ansible-runner==2.4.2 
2025-11-18T09:05:48.393591+00:00 DEBUG 'ansible_navigator.main' ansible-sign==0.1.2 
2025-11-18T09:05:48.393599+00:00 DEBUG 'ansible_navigator.main' asgiref==3.8.1 /Users/anshukla/.pyenv/versions/3.13.2/lib/python3.13/site-packages/asgiref/__init__.py
2025-11-18T09:05:48.393608+00:00 DEBUG 'ansible_navigator.main' astroid==3.3.9 /Users/anshukla/.pyenv/versions/3.13.2/lib/python3.13/site-packages/astroid/__init__.py
2025-11-18T09:05:48.393615+00:00 DEBUG 'ansible_navigator.main' attrs==25.4.0 /Users/anshukla/.pyenv/versions/3.13.2/lib/python3.13/site-packages/attrs/__init__.py
2025-11-18T09:05:48.393623+00:00 DEBUG 'ansible_navigator.main' bindep==2.13.0 /Users/anshukla/.pyenv/versions/3.13.2/lib/python3.13/site-packages/bindep/__init__.py
2025-11-18T09:05:48.393631+00:00 DEBUG 'ansible_navigator.main' black==25.9.0 /Users/anshukla/.pyenv/versions/3.13.2/lib/python3.13/site-packages/black/__init__.cpython-313-darwin.so
2025-11-18T09:05:48.393639+00:00 DEBUG 'ansible_navigator.main' bracex==2.6 /Users/anshukla/.pyenv/versions/3.13.2/lib/python3.13/site-packages/bracex/__init__.py
2025-11-18T09:05:48.393647+00:00 DEBUG 'ansible_navigator.main' cachetools==5.5.2 /Users/anshukla/.pyenv/versions/3.13.2/lib/python3.13/site-packages/cachetools/__init__.py
2025-11-18T09:05:48.393655+00:00 DEBUG 'ansible_navigator.main' certifi==2025.1.31 /Users/anshukla/.pyenv/versions/3.13.2/lib/python3.13/site-packages/certifi/__init__.py
2025-11-18T09:05:48.393663+00:00 DEBUG 'ansible_navigator.main' cffi==2.0.0 /Users/anshukla/.pyenv/versions/3.13.2/lib/python3.13/site-packages/cffi/__init__.py
2025-11-18T09:05:48.393670+00:00 DEBUG 'ansible_navigator.main' cfgv==3.4.0 /Users/anshukla/.pyenv/versions/3.13.2/lib/python3.13/site-packages/cfgv.py
2025-11-18T09:05:48.393678+00:00 DEBUG 'ansible_navigator.main' chardet==5.2.0 /Users/anshukla/.pyenv/versions/3.13.2/lib/python3.13/site-packages/chardet/__init__.py
2025-11-18T09:05:48.393686+00:00 DEBUG 'ansible_navigator.main' charset-normalizer==3.4.1 
2025-11-18T09:05:48.393696+00:00 DEBUG 'ansible_navigator.main' click-help-colors==0.9.4 
2025-11-18T09:05:48.393703+00:00 DEBUG 'ansible_navigator.main' click==8.3.0 /Users/anshukla/.pyenv/versions/3.13.2/lib/python3.13/site-packages/click/__init__.py
2025-11-18T09:05:48.393711+00:00 DEBUG 'ansible_navigator.main' colorama==0.4.6 /Users/anshukla/.pyenv/versions/3.13.2/lib/python3.13/site-packages/colorama/__init__.py
2025-11-18T09:05:48.393719+00:00 DEBUG 'ansible_navigator.main' coverage==7.8.0 /Users/anshukla/.pyenv/versions/3.13.2/lib/python3.13/site-packages/coverage/__init__.py
2025-11-18T09:05:48.393727+00:00 DEBUG 'ansible_navigator.main' cryptography==46.0.3 /Users/anshukla/.pyenv/versions/3.13.2/lib/python3.13/site-packages/cryptography/__init__.py
2025-11-18T09:05:48.393735+00:00 DEBUG 'ansible_navigator.main' dill==0.3.9 /Users/anshukla/.pyenv/versions/3.13.2/lib/python3.13/site-packages/dill/__init__.py
2025-11-18T09:05:48.393745+00:00 DEBUG 'ansible_navigator.main' distlib==0.3.9 /Users/anshukla/.local/lib/python3.13/site-packages/distlib/__init__.py
2025-11-18T09:05:48.393753+00:00 DEBUG 'ansible_navigator.main' distro==1.9.0 /Users/anshukla/.pyenv/versions/3.13.2/lib/python3.13/site-packages/distro/__init__.py
2025-11-18T09:05:48.393762+00:00 DEBUG 'ansible_navigator.main' django-stubs-ext==5.1.3 
2025-11-18T09:05:48.393776+00:00 DEBUG 'ansible_navigator.main' django-stubs==5.1.3 None
2025-11-18T09:05:48.393786+00:00 DEBUG 'ansible_navigator.main' docstring_parser_fork==0.0.12 
2025-11-18T09:05:48.393796+00:00 DEBUG 'ansible_navigator.main' enrich==1.2.7 /Users/anshukla/.pyenv/versions/3.13.2/lib/python3.13/site-packages/enrich/__init__.py
2025-11-18T09:05:48.393804+00:00 DEBUG 'ansible_navigator.main' execnet==2.1.1 /Users/anshukla/.pyenv/versions/3.13.2/lib/python3.13/site-packages/execnet/__init__.py
2025-11-18T09:05:48.393812+00:00 DEBUG 'ansible_navigator.main' filelock==3.20.0 /Users/anshukla/.pyenv/versions/3.13.2/lib/python3.13/site-packages/filelock/__init__.py
2025-11-18T09:05:48.393819+00:00 DEBUG 'ansible_navigator.main' gunicorn==23.0.0 /Users/anshukla/.pyenv/versions/3.13.2/lib/python3.13/site-packages/gunicorn/__init__.py
2025-11-18T09:05:48.393828+00:00 DEBUG 'ansible_navigator.main' identify==2.6.9 /Users/anshukla/.pyenv/versions/3.13.2/lib/python3.13/site-packages/identify/__init__.py
2025-11-18T09:05:48.393838+00:00 DEBUG 'ansible_navigator.main' idna==3.10 /Users/anshukla/.pyenv/versions/3.13.2/lib/python3.13/site-packages/idna/__init__.py
2025-11-18T09:05:48.393848+00:00 DEBUG 'ansible_navigator.main' importlib_metadata==8.7.0 /Users/anshukla/.pyenv/versions/3.13.2/lib/python3.13/site-packages/importlib_metadata/__init__.py
2025-11-18T09:05:48.393858+00:00 DEBUG 'ansible_navigator.main' iniconfig==2.1.0 /Users/anshukla/.pyenv/versions/3.13.2/lib/python3.13/site-packages/iniconfig/__init__.py
2025-11-18T09:05:48.393902+00:00 DEBUG 'ansible_navigator.main' isodate==0.7.2 /Users/anshukla/.pyenv/versions/3.13.2/lib/python3.13/site-packages/isodate/__init__.py
2025-11-18T09:05:48.393961+00:00 DEBUG 'ansible_navigator.main' isort==6.0.1 /Users/anshukla/.pyenv/versions/3.13.2/lib/python3.13/site-packages/isort/__init__.py
2025-11-18T09:05:48.394000+00:00 DEBUG 'ansible_navigator.main' jsonschema-path==0.3.4 
2025-11-18T09:05:48.394040+00:00 DEBUG 'ansible_navigator.main' jsonschema-specifications==2025.9.1 
2025-11-18T09:05:48.394082+00:00 DEBUG 'ansible_navigator.main' jsonschema==4.25.1 /Users/anshukla/.pyenv/versions/3.13.2/lib/python3.13/site-packages/jsonschema/__init__.py
2025-11-18T09:05:48.394121+00:00 DEBUG 'ansible_navigator.main' lazy-object-proxy==1.10.0 
2025-11-18T09:05:48.394156+00:00 DEBUG 'ansible_navigator.main' libtmux==0.46.1 /Users/anshukla/.pyenv/versions/3.13.2/lib/python3.13/site-packages/libtmux/__init__.py
2025-11-18T09:05:48.394185+00:00 DEBUG 'ansible_navigator.main' lockfile==0.12.2 /Users/anshukla/.pyenv/versions/3.13.2/lib/python3.13/site-packages/lockfile/__init__.py
2025-11-18T09:05:48.394202+00:00 DEBUG 'ansible_navigator.main' markdown-it-py==3.0.0 
2025-11-18T09:05:48.394213+00:00 DEBUG 'ansible_navigator.main' mccabe==0.7.0 /Users/anshukla/.pyenv/versions/3.13.2/lib/python3.13/site-packages/mccabe.py
2025-11-18T09:05:48.394222+00:00 DEBUG 'ansible_navigator.main' mdurl==0.1.2 /Users/anshukla/.pyenv/versions/3.13.2/lib/python3.13/site-packages/mdurl/__init__.py
2025-11-18T09:05:48.394230+00:00 DEBUG 'ansible_navigator.main' molecule==25.4.0 /Users/anshukla/.pyenv/versions/3.13.2/lib/python3.13/site-packages/molecule/__init__.py
2025-11-18T09:05:48.394238+00:00 DEBUG 'ansible_navigator.main' more-itertools==10.6.0 
2025-11-18T09:05:48.394246+00:00 DEBUG 'ansible_navigator.main' mypy==1.15.0 /Users/anshukla/.pyenv/versions/3.13.2/lib/python3.13/site-packages/mypy/__init__.cpython-313-darwin.so
2025-11-18T09:05:48.394256+00:00 DEBUG 'ansible_navigator.main' mypy_extensions==1.1.0 /Users/anshukla/.pyenv/versions/3.13.2/lib/python3.13/site-packages/mypy_extensions.py
2025-11-18T09:05:48.394266+00:00 DEBUG 'ansible_navigator.main' nodeenv==1.9.1 /Users/anshukla/.pyenv/versions/3.13.2/lib/python3.13/site-packages/nodeenv.py
2025-11-18T09:05:48.394275+00:00 DEBUG 'ansible_navigator.main' onigurumacffi==1.4.1 /Users/anshukla/.pyenv/versions/3.13.2/lib/python3.13/site-packages/onigurumacffi.py
2025-11-18T09:05:48.394284+00:00 DEBUG 'ansible_navigator.main' openapi-core==0.19.5 
2025-11-18T09:05:48.394298+00:00 DEBUG 'ansible_navigator.main' openapi-schema-validator==0.6.3 
2025-11-18T09:05:48.394307+00:00 DEBUG 'ansible_navigator.main' openapi-spec-validator==0.7.1 
2025-11-18T09:05:48.394315+00:00 DEBUG 'ansible_navigator.main' packaging==25.0 /Users/anshukla/.pyenv/versions/3.13.2/lib/python3.13/site-packages/packaging/__init__.py
2025-11-18T09:05:48.394323+00:00 DEBUG 'ansible_navigator.main' parse==1.20.2 /Users/anshukla/.pyenv/versions/3.13.2/lib/python3.13/site-packages/parse.py
2025-11-18T09:05:48.394331+00:00 DEBUG 'ansible_navigator.main' pathable==0.4.4 /Users/anshukla/.pyenv/versions/3.13.2/lib/python3.13/site-packages/pathable/__init__.py
2025-11-18T09:05:48.394341+00:00 DEBUG 'ansible_navigator.main' pathspec==0.12.1 /Users/anshukla/.pyenv/versions/3.13.2/lib/python3.13/site-packages/pathspec/__init__.py
2025-11-18T09:05:48.394351+00:00 DEBUG 'ansible_navigator.main' pbr==6.1.1 /Users/anshukla/.pyenv/versions/3.13.2/lib/python3.13/site-packages/pbr/__init__.py
2025-11-18T09:05:48.394359+00:00 DEBUG 'ansible_navigator.main' pexpect==4.9.0 /Users/anshukla/.pyenv/versions/3.13.2/lib/python3.13/site-packages/pexpect/__init__.py
2025-11-18T09:05:48.394369+00:00 DEBUG 'ansible_navigator.main' pip==24.3.1 /Users/anshukla/.pyenv/versions/3.13.2/lib/python3.13/site-packages/pip/__init__.py
2025-11-18T09:05:48.394378+00:00 DEBUG 'ansible_navigator.main' platformdirs==4.5.0 /Users/anshukla/.pyenv/versions/3.13.2/lib/python3.13/site-packages/platformdirs/__init__.py
2025-11-18T09:05:48.394388+00:00 DEBUG 'ansible_navigator.main' pluggy==1.5.0 /Users/anshukla/.pyenv/versions/3.13.2/lib/python3.13/site-packages/pluggy/__init__.py
2025-11-18T09:05:48.394395+00:00 DEBUG 'ansible_navigator.main' pre_commit==4.2.0 /Users/anshukla/.pyenv/versions/3.13.2/lib/python3.13/site-packages/pre_commit/__init__.py
2025-11-18T09:05:48.394403+00:00 DEBUG 'ansible_navigator.main' ptyprocess==0.7.0 /Users/anshukla/.pyenv/versions/3.13.2/lib/python3.13/site-packages/ptyprocess/__init__.py
2025-11-18T09:05:48.394423+00:00 DEBUG 'ansible_navigator.main' pycparser==2.23 /Users/anshukla/.pyenv/versions/3.13.2/lib/python3.13/site-packages/pycparser/__init__.py
2025-11-18T09:05:48.394469+00:00 DEBUG 'ansible_navigator.main' pydoclint==0.6.5 /Users/anshukla/.pyenv/versions/3.13.2/lib/python3.13/site-packages/pydoclint/__init__.py
2025-11-18T09:05:48.394500+00:00 DEBUG 'ansible_navigator.main' pylint==3.3.6 /Users/anshukla/.pyenv/versions/3.13.2/lib/python3.13/site-packages/pylint/__init__.py
2025-11-18T09:05:48.394515+00:00 DEBUG 'ansible_navigator.main' pyproject-api==1.9.0 
2025-11-18T09:05:48.394528+00:00 DEBUG 'ansible_navigator.main' pytest-ansible==25.8.0 
2025-11-18T09:05:48.394538+00:00 DEBUG 'ansible_navigator.main' pytest-instafail==0.5.0 
2025-11-18T09:05:48.394547+00:00 DEBUG 'ansible_navigator.main' pytest-plus==0.8.1 
2025-11-18T09:05:48.394558+00:00 DEBUG 'ansible_navigator.main' pytest-sugar==1.1.1 
2025-11-18T09:05:48.394568+00:00 DEBUG 'ansible_navigator.main' pytest-xdist==3.6.1 
2025-11-18T09:05:48.394578+00:00 DEBUG 'ansible_navigator.main' pytest==8.3.5 /Users/anshukla/.pyenv/versions/3.13.2/lib/python3.13/site-packages/pytest/__init__.py
2025-11-18T09:05:48.394589+00:00 DEBUG 'ansible_navigator.main' python-daemon==3.1.2 
2025-11-18T09:05:48.394597+00:00 DEBUG 'ansible_navigator.main' python-gnupg==0.5.4 
2025-11-18T09:05:48.394605+00:00 DEBUG 'ansible_navigator.main' pytokens==0.2.0 /Users/anshukla/.pyenv/versions/3.13.2/lib/python3.13/site-packages/pytokens/__init__.py
2025-11-18T09:05:48.394614+00:00 DEBUG 'ansible_navigator.main' referencing==0.37.0 /Users/anshukla/.pyenv/versions/3.13.2/lib/python3.13/site-packages/referencing/__init__.py
2025-11-18T09:05:48.394622+00:00 DEBUG 'ansible_navigator.main' requests==2.32.3 /Users/anshukla/.pyenv/versions/3.13.2/lib/python3.13/site-packages/requests/__init__.py
2025-11-18T09:05:48.394632+00:00 DEBUG 'ansible_navigator.main' resolvelib==1.2.1 /Users/anshukla/.pyenv/versions/3.13.2/lib/python3.13/site-packages/resolvelib/__init__.py
2025-11-18T09:05:48.394642+00:00 DEBUG 'ansible_navigator.main' rfc3339-validator==0.1.4 
2025-11-18T09:05:48.394657+00:00 DEBUG 'ansible_navigator.main' rich==14.0.0 /Users/anshukla/.pyenv/versions/3.13.2/lib/python3.13/site-packages/rich/__init__.py
2025-11-18T09:05:48.394667+00:00 DEBUG 'ansible_navigator.main' rpds-py==0.27.1 
2025-11-18T09:05:48.394677+00:00 DEBUG 'ansible_navigator.main' ruamel.yaml.clib==0.2.14 
2025-11-18T09:05:48.394686+00:00 DEBUG 'ansible_navigator.main' ruamel.yaml==0.18.15 /Users/anshukla/.pyenv/versions/3.13.2/lib/python3.13/site-packages/ruamel/yaml/__init__.py
2025-11-18T09:05:48.394694+00:00 DEBUG 'ansible_navigator.main' ruff==0.11.2 /Users/anshukla/.pyenv/versions/3.13.2/lib/python3.13/site-packages/ruff/__init__.py
2025-11-18T09:05:48.394702+00:00 DEBUG 'ansible_navigator.main' setuptools==80.9.0 /Users/anshukla/.pyenv/versions/3.13.2/lib/python3.13/site-packages/setuptools/__init__.py
2025-11-18T09:05:48.394714+00:00 DEBUG 'ansible_navigator.main' six==1.17.0 /Users/anshukla/.pyenv/versions/3.13.2/lib/python3.13/site-packages/six.py
2025-11-18T09:05:48.394722+00:00 DEBUG 'ansible_navigator.main' sqlparse==0.5.3 /Users/anshukla/.pyenv/versions/3.13.2/lib/python3.13/site-packages/sqlparse/__init__.py
2025-11-18T09:05:48.394733+00:00 DEBUG 'ansible_navigator.main' stevedore==5.4.1 /Users/anshukla/.local/lib/python3.13/site-packages/stevedore/__init__.py
2025-11-18T09:05:48.394743+00:00 DEBUG 'ansible_navigator.main' subprocess-tee==0.4.2 
2025-11-18T09:05:48.394754+00:00 DEBUG 'ansible_navigator.main' tenacity==9.1.2 /Users/anshukla/.pyenv/versions/3.13.2/lib/python3.13/site-packages/tenacity/__init__.py
2025-11-18T09:05:48.394764+00:00 DEBUG 'ansible_navigator.main' termcolor==3.2.0 /Users/anshukla/.pyenv/versions/3.13.2/lib/python3.13/site-packages/termcolor/__init__.py
2025-11-18T09:05:48.394772+00:00 DEBUG 'ansible_navigator.main' toml-sort==0.24.2 
2025-11-18T09:05:48.394780+00:00 DEBUG 'ansible_navigator.main' tomlkit==0.13.2 /Users/anshukla/.pyenv/versions/3.13.2/lib/python3.13/site-packages/tomlkit/__init__.py
2025-11-18T09:05:48.394788+00:00 DEBUG 'ansible_navigator.main' tox-ansible==25.8.0 
2025-11-18T09:05:48.394798+00:00 DEBUG 'ansible_navigator.main' tox==4.25.0 /Users/anshukla/.pyenv/versions/3.13.2/lib/python3.13/site-packages/tox/__init__.py
2025-11-18T09:05:48.394808+00:00 DEBUG 'ansible_navigator.main' types-PyYAML==6.0.12.20250402 
2025-11-18T09:05:48.394818+00:00 DEBUG 'ansible_navigator.main' types-requests==2.32.0.20250328 
2025-11-18T09:05:48.394828+00:00 DEBUG 'ansible_navigator.main' typing_extensions==4.13.0 /Users/anshukla/.pyenv/versions/3.13.2/lib/python3.13/site-packages/typing_extensions.py
2025-11-18T09:05:48.394837+00:00 DEBUG 'ansible_navigator.main' tzdata==2025.2 /Users/anshukla/.pyenv/versions/3.13.2/lib/python3.13/site-packages/tzdata/__init__.py
2025-11-18T09:05:48.394847+00:00 DEBUG 'ansible_navigator.main' urllib3==2.3.0 /Users/anshukla/.pyenv/versions/3.13.2/lib/python3.13/site-packages/urllib3/__init__.py
2025-11-18T09:05:48.394855+00:00 DEBUG 'ansible_navigator.main' uv==0.8.14 /Users/anshukla/.pyenv/versions/3.13.2/lib/python3.13/site-packages/uv/__init__.py
2025-11-18T09:05:48.394863+00:00 DEBUG 'ansible_navigator.main' virtualenv-clone==0.5.7 
2025-11-18T09:05:48.394872+00:00 DEBUG 'ansible_navigator.main' virtualenv==20.30.0 /Users/anshukla/.local/lib/python3.13/site-packages/virtualenv/__init__.py
2025-11-18T09:05:48.394882+00:00 DEBUG 'ansible_navigator.main' virtualenvwrapper==6.1.1 None
2025-11-18T09:05:48.394892+00:00 DEBUG 'ansible_navigator.main' wcmatch==10.1 /Users/anshukla/.pyenv/versions/3.13.2/lib/python3.13/site-packages/wcmatch/__init__.py
2025-11-18T09:05:48.394902+00:00 DEBUG 'ansible_navigator.main' yamllint==1.37.1 /Users/anshukla/.pyenv/versions/3.13.2/lib/python3.13/site-packages/yamllint/__init__.py
2025-11-18T09:05:48.394911+00:00 DEBUG 'ansible_navigator.main' zipp==3.23.0 /Users/anshukla/.pyenv/versions/3.13.2/lib/python3.13/site-packages/zipp/__init__.py
2025-11-18T09:05:48.394920+00:00 DEBUG 'ansible_navigator.main' Default collection_doc_cache_path set to: /Users/anshukla/.cache/ansible-navigator/collection_doc_cache.db
2025-11-18T09:05:48.394933+00:00 DEBUG 'ansible_navigator.main' EDITOR environment variable not set
2025-11-18T09:05:48.394942+00:00 DEBUG 'ansible_navigator.main' Default editor_command set to: vi +{line_number} {filename}
2025-11-18T09:05:48.394975+00:00 DEBUG 'ansible_navigator.main' No config file set by ANSIBLE_NAVIGATOR_CONFIG
2025-11-18T09:05:48.395024+00:00 DEBUG 'ansible_navigator.main' Looking in /Users/anshukla/.ansible-navigator
2025-11-18T09:05:48.395069+00:00 DEBUG 'ansible_navigator.main' Looking for '/Users/anshukla/.ansible-navigator.yml', '/Users/anshukla/.ansible-navigator.yaml' and '/Users/anshukla/.ansible-navigator.json'
2025-11-18T09:05:48.395082+00:00 DEBUG 'ansible_navigator.main' Found 0: 
2025-11-18T09:05:48.395093+00:00 DEBUG 'ansible_navigator.main' Looking in /Users/anshukla/rehat_project/vscode-ansible/examples/ansible-navigator
2025-11-18T09:05:48.395103+00:00 DEBUG 'ansible_navigator.main' Looking for '/Users/anshukla/rehat_project/vscode-ansible/examples/ansible-navigator.yml', '/Users/anshukla/rehat_project/vscode-ansible/examples/ansible-navigator.yaml' and '/Users/anshukla/rehat_project/vscode-ansible/examples/ansible-navigator.json'
2025-11-18T09:05:48.395113+00:00 DEBUG 'ansible_navigator.main' Found 0: 
2025-11-18T09:05:48.395121+00:00 DEBUG 'ansible_navigator.main' All found 0: 
2025-11-18T09:05:48.395129+00:00 DEBUG 'ansible_navigator.main' Using: None
2025-11-18T09:05:48.395137+00:00 DEBUG 'ansible_navigator.main' No valid settings file found, using all default values for settings.
2025-11-18T09:05:48.395145+00:00 DEBUG 'ansible_navigator.main' Command provided: 'run playbooks/play1.yml -m stdout-minimal'
2025-11-18T09:05:48.395154+00:00 DEBUG 'ansible_navigator.main' EE support enabled: using current working directory for 'ansible.cfg'
2025-11-18T09:05:48.395164+00:00 INFO 'ansible_navigator.main' EE support enabled: found 'ansible.cfg' in current working directory.
2025-11-18T09:05:48.395261+00:00 DEBUG 'ansible_navigator.main' Completed post processing for ansible_runner_artifact_dir. (changed=False)
2025-11-18T09:05:48.395274+00:00 DEBUG 'ansible_navigator.main' Completed post processing for ansible_runner_rotate_artifacts_count. (changed=False)
2025-11-18T09:05:48.395308+00:00 DEBUG 'ansible_navigator.main' Completed post processing for ansible_runner_timeout. (changed=False)
2025-11-18T09:05:48.395345+00:00 DEBUG 'ansible_navigator.main' Completed post processing for cmdline. (changed=False)
2025-11-18T09:05:48.395379+00:00 DEBUG 'ansible_navigator.main' Completed post processing for collection_doc_cache_path. (changed=False)
2025-11-18T09:05:48.395408+00:00 DEBUG 'ansible_navigator.main' Completed post processing for config. (changed=False)
2025-11-18T09:05:48.395431+00:00 DEBUG 'ansible_navigator.main' Completed post processing for config. (changed=False)
2025-11-18T09:05:48.395460+00:00 DEBUG 'ansible_navigator.main' Completed post processing for container_engine. (changed=True)
2025-11-18T09:05:48.395475+00:00 DEBUG 'ansible_navigator.main'  before: 'auto'
2025-11-18T09:05:48.395486+00:00 DEBUG 'ansible_navigator.main'  after: 'podman'
2025-11-18T09:05:48.395497+00:00 DEBUG 'ansible_navigator.main' Completed post processing for container_options. (changed=False)
2025-11-18T09:05:48.395507+00:00 DEBUG 'ansible_navigator.main' Completed post processing for display_color. (changed=False)
2025-11-18T09:05:48.395531+00:00 DEBUG 'ansible_navigator.main' Completed post processing for enable_prompts. (changed=False)
2025-11-18T09:05:48.395561+00:00 DEBUG 'ansible_navigator.main' Completed post processing for execution_environment. (changed=False)
2025-11-18T09:05:48.395582+00:00 DEBUG 'ansible_navigator.main' Completed post processing for execution_environment_image. (changed=False)
2025-11-18T09:05:48.395604+00:00 DEBUG 'ansible_navigator.main' Completed post processing for help_builder. (changed=False)
2025-11-18T09:05:48.395624+00:00 DEBUG 'ansible_navigator.main' Completed post processing for help_config. (changed=False)
2025-11-18T09:05:48.395656+00:00 DEBUG 'ansible_navigator.main' Completed post processing for help_doc. (changed=False)
2025-11-18T09:05:48.395676+00:00 DEBUG 'ansible_navigator.main' Completed post processing for help_inventory. (changed=False)
2025-11-18T09:05:48.395696+00:00 DEBUG 'ansible_navigator.main' Completed post processing for help_playbook. (changed=False)
2025-11-18T09:05:48.395742+00:00 DEBUG 'ansible_navigator.main' Completed post processing for images_details. (changed=False)
2025-11-18T09:05:48.395762+00:00 DEBUG 'ansible_navigator.main' Completed post processing for inventory. (changed=True)
2025-11-18T09:05:48.395773+00:00 DEBUG 'ansible_navigator.main'  before: 'Not set'
2025-11-18T09:05:48.395782+00:00 DEBUG 'ansible_navigator.main'  after: '['/Users/anshukla/rehat_project/vscode-ansible/examples/inventory']'
2025-11-18T09:05:48.395790+00:00 DEBUG 'ansible_navigator.main' Completed post processing for inventory_column. (changed=False)
2025-11-18T09:05:48.395798+00:00 DEBUG 'ansible_navigator.main' Completed post processing for log_file. (changed=False)
2025-11-18T09:05:48.395807+00:00 DEBUG 'ansible_navigator.main' Completed post processing for pass_environment_variable. (changed=False)
2025-11-18T09:05:48.395817+00:00 DEBUG 'ansible_navigator.main' Completed post processing for playbook. (changed=True)
2025-11-18T09:05:48.395825+00:00 DEBUG 'ansible_navigator.main'  before: 'playbooks/play1.yml'
2025-11-18T09:05:48.395834+00:00 DEBUG 'ansible_navigator.main'  after: '/Users/anshukla/rehat_project/vscode-ansible/examples/playbooks/play1.yml'
2025-11-18T09:05:48.395844+00:00 DEBUG 'ansible_navigator.main' Completed post processing for playbook_artifact_replay. (changed=False)
2025-11-18T09:05:48.395854+00:00 DEBUG 'ansible_navigator.main' Completed post processing for playbook_artifact_save_as. (changed=False)
2025-11-18T09:05:48.395861+00:00 DEBUG 'ansible_navigator.main' Completed post processing for plugin_name. (changed=False)
2025-11-18T09:05:48.395868+00:00 DEBUG 'ansible_navigator.main' Completed post processing for pull_arguments. (changed=False)
2025-11-18T09:05:48.395876+00:00 DEBUG 'ansible_navigator.main' Completed post processing for set_environment_variable. (changed=False)
2025-11-18T09:05:48.395914+00:00 DEBUG 'ansible_navigator.main' Completed post processing for settings_effective. (changed=False)
2025-11-18T09:05:48.395939+00:00 DEBUG 'ansible_navigator.main' Completed post processing for settings_sample. (changed=False)
2025-11-18T09:05:48.395948+00:00 DEBUG 'ansible_navigator.main' Completed post processing for settings_schema. (changed=False)
2025-11-18T09:05:48.395956+00:00 DEBUG 'ansible_navigator.main' Completed post processing for settings_sources. (changed=False)
2025-11-18T09:05:48.395963+00:00 DEBUG 'ansible_navigator.main' Completed post processing for time_zone. (changed=False)
2025-11-18T09:05:48.395971+00:00 DEBUG 'ansible_navigator.main' Completed post processing for execution_environment_volume_mounts. (changed=False)
2025-11-18T09:05:48.395978+00:00 DEBUG 'ansible_navigator.main' Completed post processing for mode. (changed=False)
2025-11-18T09:05:48.395987+00:00 DEBUG 'ansible_navigator.main' Completed post processing for playbook_artifact_enable. (changed=False)
2025-11-18T09:05:48.395998+00:00 WARNING 'ansible_navigator.main' Configuration errors encountered, rolling back to previous configuration.
2025-11-18T09:05:48.396051+00:00 DEBUG 'ansible_navigator.main' Prior to rollback: ansible_runner_artifact_dir = 'Not set' (Constants/Not set)
2025-11-18T09:05:48.396067+00:00 DEBUG 'ansible_navigator.main' Prior to rollback: ansible_runner_rotate_artifacts_count = 'Not set' (Constants/Not set)
2025-11-18T09:05:48.396079+00:00 DEBUG 'ansible_navigator.main' Prior to rollback: ansible_runner_timeout = 'Not set' (Constants/Not set)
2025-11-18T09:05:48.396088+00:00 DEBUG 'ansible_navigator.main' Prior to rollback: ansible_runner_write_job_events = 'False' (bool/Defaults)
2025-11-18T09:05:48.396098+00:00 DEBUG 'ansible_navigator.main' Prior to rollback: app = 'run' (str/Command line)
2025-11-18T09:05:48.396113+00:00 DEBUG 'ansible_navigator.main' Prior to rollback: cmdline = 'Not set' (Constants/Not set)
2025-11-18T09:05:48.396123+00:00 DEBUG 'ansible_navigator.main' Prior to rollback: collection_doc_cache_path = '/Users/anshukla/.cache/ansible-navigator/collection_doc_cache.db' (str/Defaults)
2025-11-18T09:05:48.396133+00:00 DEBUG 'ansible_navigator.main' Prior to rollback: config = 'Not set' (Constants/Not set)
2025-11-18T09:05:48.396142+00:00 DEBUG 'ansible_navigator.main' Prior to rollback: container_engine = 'podman' (str/Automatically determined)
2025-11-18T09:05:48.396150+00:00 DEBUG 'ansible_navigator.main' Prior to rollback: container_options = 'Not set' (Constants/Not set)
2025-11-18T09:05:48.396158+00:00 DEBUG 'ansible_navigator.main' Prior to rollback: display_color = 'True' (bool/Defaults)
2025-11-18T09:05:48.396168+00:00 DEBUG 'ansible_navigator.main' Prior to rollback: editor_command = 'vi +{line_number} {filename}' (str/Defaults)
2025-11-18T09:05:48.396177+00:00 DEBUG 'ansible_navigator.main' Prior to rollback: editor_console = 'True' (bool/Defaults)
2025-11-18T09:05:48.396186+00:00 DEBUG 'ansible_navigator.main' Prior to rollback: enable_prompts = 'False' (bool/Defaults)
2025-11-18T09:05:48.396196+00:00 DEBUG 'ansible_navigator.main' Prior to rollback: exec_command = '/bin/bash' (str/Defaults)
2025-11-18T09:05:48.396205+00:00 DEBUG 'ansible_navigator.main' Prior to rollback: exec_shell = 'True' (bool/Defaults)
2025-11-18T09:05:48.396215+00:00 DEBUG 'ansible_navigator.main' Prior to rollback: execution_environment = 'True' (bool/Defaults)
2025-11-18T09:05:48.396223+00:00 DEBUG 'ansible_navigator.main' Prior to rollback: execution_environment_image = 'ghcr.io/ansible/community-ansible-dev-tools:latest' (str/Defaults)
2025-11-18T09:05:48.396231+00:00 DEBUG 'ansible_navigator.main' Prior to rollback: execution_environment_volume_mounts = 'Not set' (Constants/Not set)
2025-11-18T09:05:48.396239+00:00 DEBUG 'ansible_navigator.main' Prior to rollback: format = 'yaml' (str/Defaults)
2025-11-18T09:05:48.396247+00:00 DEBUG 'ansible_navigator.main' Prior to rollback: help_builder = 'False' (bool/Defaults)
2025-11-18T09:05:48.396254+00:00 DEBUG 'ansible_navigator.main' Prior to rollback: help_config = 'False' (bool/Defaults)
2025-11-18T09:05:48.396262+00:00 DEBUG 'ansible_navigator.main' Prior to rollback: help_doc = 'False' (bool/Defaults)
2025-11-18T09:05:48.396270+00:00 DEBUG 'ansible_navigator.main' Prior to rollback: help_inventory = 'False' (bool/Defaults)
2025-11-18T09:05:48.396278+00:00 DEBUG 'ansible_navigator.main' Prior to rollback: help_playbook = 'False' (bool/Defaults)
2025-11-18T09:05:48.396287+00:00 DEBUG 'ansible_navigator.main' Prior to rollback: images_details = '['everything']' (list/Defaults)
2025-11-18T09:05:48.396295+00:00 DEBUG 'ansible_navigator.main' Prior to rollback: inventory = '['/Users/anshukla/rehat_project/vscode-ansible/examples/inventory']' (list/Ansible configuration file)
2025-11-18T09:05:48.396303+00:00 DEBUG 'ansible_navigator.main' Prior to rollback: inventory_column = 'Not set' (Constants/Not set)
2025-11-18T09:05:48.396311+00:00 DEBUG 'ansible_navigator.main' Prior to rollback: lint_config = 'Not set' (Constants/Not set)
2025-11-18T09:05:48.396319+00:00 DEBUG 'ansible_navigator.main' Prior to rollback: lintables = 'Not set' (Constants/Not set)
2025-11-18T09:05:48.396327+00:00 DEBUG 'ansible_navigator.main' Prior to rollback: log_append = 'True' (bool/Defaults)
2025-11-18T09:05:48.396334+00:00 DEBUG 'ansible_navigator.main' Prior to rollback: log_file = '/Users/anshukla/rehat_project/vscode-ansible/examples/ansible-navigator.log' (str/Defaults)
2025-11-18T09:05:48.396345+00:00 DEBUG 'ansible_navigator.main' Prior to rollback: log_level = 'warning' (str/Defaults)
2025-11-18T09:05:48.396353+00:00 DEBUG 'ansible_navigator.main' Prior to rollback: mode = 'stdout-minimal' (str/Command line)
2025-11-18T09:05:48.396362+00:00 DEBUG 'ansible_navigator.main' Prior to rollback: osc4 = 'True' (bool/Defaults)
2025-11-18T09:05:48.396375+00:00 DEBUG 'ansible_navigator.main' Prior to rollback: pass_environment_variable = 'Not set' (Constants/Not set)
2025-11-18T09:05:48.396385+00:00 DEBUG 'ansible_navigator.main' Prior to rollback: playbook = '/Users/anshukla/rehat_project/vscode-ansible/examples/playbooks/play1.yml' (str/Command line)
2025-11-18T09:05:48.396392+00:00 DEBUG 'ansible_navigator.main' Prior to rollback: playbook_artifact_enable = 'True' (bool/Defaults)
2025-11-18T09:05:48.396402+00:00 DEBUG 'ansible_navigator.main' Prior to rollback: playbook_artifact_replay = 'Not set' (Constants/Not set)
2025-11-18T09:05:48.396410+00:00 DEBUG 'ansible_navigator.main' Prior to rollback: playbook_artifact_save_as = '{playbook_dir}/{playbook_name}-artifact-{time_stamp}.json' (str/Defaults)
2025-11-18T09:05:48.396417+00:00 DEBUG 'ansible_navigator.main' Prior to rollback: plugin_name = 'Not set' (Constants/Not set)
2025-11-18T09:05:48.396425+00:00 DEBUG 'ansible_navigator.main' Prior to rollback: plugin_type = 'module' (str/Defaults)
2025-11-18T09:05:48.396435+00:00 DEBUG 'ansible_navigator.main' Prior to rollback: pull_arguments = 'Not set' (Constants/Not set)
2025-11-18T09:05:48.396443+00:00 DEBUG 'ansible_navigator.main' Prior to rollback: pull_policy = 'tag' (str/Defaults)
2025-11-18T09:05:48.396453+00:00 DEBUG 'ansible_navigator.main' Prior to rollback: set_environment_variable = 'Not set' (Constants/Not set)
2025-11-18T09:05:48.396463+00:00 DEBUG 'ansible_navigator.main' Prior to rollback: settings_effective = 'False' (bool/Defaults)
2025-11-18T09:05:48.396473+00:00 DEBUG 'ansible_navigator.main' Prior to rollback: settings_sample = 'False' (bool/Defaults)
2025-11-18T09:05:48.396481+00:00 DEBUG 'ansible_navigator.main' Prior to rollback: settings_schema = 'json' (str/Defaults)
2025-11-18T09:05:48.396491+00:00 DEBUG 'ansible_navigator.main' Prior to rollback: settings_sources = 'False' (bool/Defaults)
2025-11-18T09:05:48.396499+00:00 DEBUG 'ansible_navigator.main' Prior to rollback: time_zone = 'UTC' (str/Defaults)
2025-11-18T09:05:48.396507+00:00 DEBUG 'ansible_navigator.main' Prior to rollback: workdir = '/Users/anshukla/rehat_project/vscode-ansible/examples' (str/Defaults)
2025-11-18T09:05:48.396515+00:00 DEBUG 'ansible_navigator.main' After rollback: ansible_runner_artifact_dir = 'Not set' (Constants/Not set)
2025-11-18T09:05:48.396551+00:00 DEBUG 'ansible_navigator.main' After rollback: ansible_runner_rotate_artifacts_count = 'Not set' (Constants/Not set)
2025-11-18T09:05:48.396582+00:00 DEBUG 'ansible_navigator.main' After rollback: ansible_runner_timeout = 'Not set' (Constants/Not set)
2025-11-18T09:05:48.396596+00:00 DEBUG 'ansible_navigator.main' After rollback: ansible_runner_write_job_events = 'Not set' (Constants/Not set)
2025-11-18T09:05:48.396609+00:00 DEBUG 'ansible_navigator.main' After rollback: app = 'Not set' (Constants/Not set)
2025-11-18T09:05:48.396621+00:00 DEBUG 'ansible_navigator.main' After rollback: cmdline = 'Not set' (Constants/Not set)
2025-11-18T09:05:48.396632+00:00 DEBUG 'ansible_navigator.main' After rollback: collection_doc_cache_path = 'Not set' (Constants/Not set)
2025-11-18T09:05:48.396642+00:00 DEBUG 'ansible_navigator.main' After rollback: config = 'Not set' (Constants/Not set)
2025-11-18T09:05:48.396652+00:00 DEBUG 'ansible_navigator.main' After rollback: container_engine = 'Not set' (Constants/Not set)
2025-11-18T09:05:48.396661+00:00 DEBUG 'ansible_navigator.main' After rollback: container_options = 'Not set' (Constants/Not set)
2025-11-18T09:05:48.396670+00:00 DEBUG 'ansible_navigator.main' After rollback: display_color = 'Not set' (Constants/Not set)
2025-11-18T09:05:48.396679+00:00 DEBUG 'ansible_navigator.main' After rollback: editor_command = 'Not set' (Constants/Not set)
2025-11-18T09:05:48.396689+00:00 DEBUG 'ansible_navigator.main' After rollback: editor_console = 'Not set' (Constants/Not set)
2025-11-18T09:05:48.396699+00:00 DEBUG 'ansible_navigator.main' After rollback: enable_prompts = 'Not set' (Constants/Not set)
2025-11-18T09:05:48.396708+00:00 DEBUG 'ansible_navigator.main' After rollback: exec_command = 'Not set' (Constants/Not set)
2025-11-18T09:05:48.396717+00:00 DEBUG 'ansible_navigator.main' After rollback: exec_shell = 'Not set' (Constants/Not set)
2025-11-18T09:05:48.396727+00:00 DEBUG 'ansible_navigator.main' After rollback: execution_environment = 'Not set' (Constants/Not set)
2025-11-18T09:05:48.396737+00:00 DEBUG 'ansible_navigator.main' After rollback: execution_environment_image = 'Not set' (Constants/Not set)
2025-11-18T09:05:48.396744+00:00 DEBUG 'ansible_navigator.main' After rollback: execution_environment_volume_mounts = 'Not set' (Constants/Not set)
2025-11-18T09:05:48.396752+00:00 DEBUG 'ansible_navigator.main' After rollback: format = 'Not set' (Constants/Not set)
2025-11-18T09:05:48.396761+00:00 DEBUG 'ansible_navigator.main' After rollback: help_builder = 'Not set' (Constants/Not set)
2025-11-18T09:05:48.396771+00:00 DEBUG 'ansible_navigator.main' After rollback: help_config = 'Not set' (Constants/Not set)
2025-11-18T09:05:48.396778+00:00 DEBUG 'ansible_navigator.main' After rollback: help_doc = 'Not set' (Constants/Not set)
2025-11-18T09:05:48.396788+00:00 DEBUG 'ansible_navigator.main' After rollback: help_inventory = 'Not set' (Constants/Not set)
2025-11-18T09:05:48.396796+00:00 DEBUG 'ansible_navigator.main' After rollback: help_playbook = 'Not set' (Constants/Not set)
2025-11-18T09:05:48.396804+00:00 DEBUG 'ansible_navigator.main' After rollback: images_details = 'Not set' (Constants/Not set)
2025-11-18T09:05:48.396811+00:00 DEBUG 'ansible_navigator.main' After rollback: inventory = 'Not set' (Constants/Not set)
2025-11-18T09:05:48.396820+00:00 DEBUG 'ansible_navigator.main' After rollback: inventory_column = 'Not set' (Constants/Not set)
2025-11-18T09:05:48.396828+00:00 DEBUG 'ansible_navigator.main' After rollback: lint_config = 'Not set' (Constants/Not set)
2025-11-18T09:05:48.396836+00:00 DEBUG 'ansible_navigator.main' After rollback: lintables = 'Not set' (Constants/Not set)
2025-11-18T09:05:48.396843+00:00 DEBUG 'ansible_navigator.main' After rollback: log_append = 'Not set' (Constants/Not set)
2025-11-18T09:05:48.396853+00:00 DEBUG 'ansible_navigator.main' After rollback: log_file = 'Not set' (Constants/Not set)
2025-11-18T09:05:48.396861+00:00 DEBUG 'ansible_navigator.main' After rollback: log_level = 'Not set' (Constants/Not set)
2025-11-18T09:05:48.396869+00:00 DEBUG 'ansible_navigator.main' After rollback: mode = 'Not set' (Constants/Not set)
2025-11-18T09:05:48.396877+00:00 DEBUG 'ansible_navigator.main' After rollback: osc4 = 'Not set' (Constants/Not set)
2025-11-18T09:05:48.396885+00:00 DEBUG 'ansible_navigator.main' After rollback: pass_environment_variable = 'Not set' (Constants/Not set)
2025-11-18T09:05:48.396893+00:00 DEBUG 'ansible_navigator.main' After rollback: playbook = 'Not set' (Constants/Not set)
2025-11-18T09:05:48.396900+00:00 DEBUG 'ansible_navigator.main' After rollback: playbook_artifact_enable = 'Not set' (Constants/Not set)
2025-11-18T09:05:48.396908+00:00 DEBUG 'ansible_navigator.main' After rollback: playbook_artifact_replay = 'Not set' (Constants/Not set)
2025-11-18T09:05:48.396915+00:00 DEBUG 'ansible_navigator.main' After rollback: playbook_artifact_save_as = 'Not set' (Constants/Not set)
2025-11-18T09:05:48.396923+00:00 DEBUG 'ansible_navigator.main' After rollback: plugin_name = 'Not set' (Constants/Not set)
2025-11-18T09:05:48.396931+00:00 DEBUG 'ansible_navigator.main' After rollback: plugin_type = 'Not set' (Constants/Not set)
2025-11-18T09:05:48.396939+00:00 DEBUG 'ansible_navigator.main' After rollback: pull_arguments = 'Not set' (Constants/Not set)
2025-11-18T09:05:48.396947+00:00 DEBUG 'ansible_navigator.main' After rollback: pull_policy = 'Not set' (Constants/Not set)
2025-11-18T09:05:48.396954+00:00 DEBUG 'ansible_navigator.main' After rollback: set_environment_variable = 'Not set' (Constants/Not set)
2025-11-18T09:05:48.396962+00:00 DEBUG 'ansible_navigator.main' After rollback: settings_effective = 'Not set' (Constants/Not set)
2025-11-18T09:05:48.396969+00:00 DEBUG 'ansible_navigator.main' After rollback: settings_sample = 'Not set' (Constants/Not set)
2025-11-18T09:05:48.396977+00:00 DEBUG 'ansible_navigator.main' After rollback: settings_schema = 'Not set' (Constants/Not set)
2025-11-18T09:05:48.396984+00:00 DEBUG 'ansible_navigator.main' After rollback: settings_sources = 'Not set' (Constants/Not set)
2025-11-18T09:05:48.396991+00:00 DEBUG 'ansible_navigator.main' After rollback: time_zone = 'Not set' (Constants/Not set)
2025-11-18T09:05:48.396999+00:00 DEBUG 'ansible_navigator.main' After rollback: workdir = 'Not set' (Constants/Not set)
2025-11-18T09:05:48.397007+00:00 DEBUG 'ansible_navigator.main' Configuration rollback complete.
2025-11-18T09:05:48.397015+00:00 DEBUG 'ansible_navigator.main' Collection doc cache not mounted
2025-11-18T09:05:48.397028+00:00 WARNING 'ansible_navigator.main' Issues were found while applying the settings.
2025-11-18T09:05:48.397038+00:00 INFO 'ansible_navigator.main' Command provided: 'run playbooks/play1.yml -m stdout-minimal'
2025-11-18T09:05:48.397049+00:00 ERROR 'ansible_navigator.main' The setting 'mode' must be one of 'stdout' or 'interactive', but set as 'stdout-minimal'. (Command line)
2025-11-18T09:05:48.397058+00:00 INFO 'ansible_navigator.main' Try again with '-m stdout' or '-m interactive'
2025-11-18T09:05:48.397067+00:00 INFO 'ansible_navigator.main' Configuration failed, using default log file location. (/Users/anshukla/rehat_project/vscode-ansible/examples/ansible-navigator.log) Log level set to debug
2025-11-18T09:05:48.397076+00:00 INFO 'ansible_navigator.main' Review the hints and log file to see what went wrong.
2025-11-18T09:05:54.367557+00:00 WARNING 'ansible_navigator.image_manager.puller._log_message' Image inspection failed, image assumed to be corrupted or missing
2025-11-18T09:05:54.368052+00:00 WARNING 'ansible_navigator.image_manager.puller._log_message' stdout: 
2025-11-18T09:05:54.368083+00:00 WARNING 'ansible_navigator.image_manager.puller._log_message' stderr: Cannot connect to Podman. Please verify your connection to the Linux system using `podman system connection list`, or try `podman machine init` and `podman machine start` to manage a new Linux VM
Error: unable to connect to Podman socket: failed to connect: dial tcp 127.0.0.1:65392: connect: connection refused

2025-11-18T09:05:54.393912+00:00 ERROR 'ansible_navigator.image_manager.puller._log_message' Execution environment pull failed
