2025-11-19T05:13:51.191970+00:00 WARNING 'ansible_navigator.image_manager.puller._log_message' Image inspection failed, image assumed to be corrupted or missing
2025-11-19T05:13:51.192472+00:00 WARNING 'ansible_navigator.image_manager.puller._log_message' stdout: 
2025-11-19T05:13:51.192508+00:00 WARNING 'ansible_navigator.image_manager.puller._log_message' stderr: Cannot connect to Podman. Please verify your connection to the Linux system using `podman system connection list`, or try `podman machine init` and `podman machine start` to manage a new Linux VM
Error: unable to connect to Podman socket: failed to connect: dial tcp 127.0.0.1:65392: connect: connection refused

2025-11-19T05:13:51.212414+00:00 ERROR 'ansible_navigator.image_manager.puller._log_message' Execution environment pull failed
2025-11-19T05:13:52.312378+00:00 CRITICAL 'ansible_navigator.actions.run_playbook._handle_message' Unhandled message from runner queue, discarded: {'event': 'verbose', 'uuid': '853d528f-9e3f-4e5f-a6c0-8d80a2258bcf', 'counter': 1, 'stdout': '[WARNING]: No inventory was parsed, only implicit localhost is available', 'start_line': 0, 'end_line': 1, 'runner_ident': 'adccf3e6-b2c1-46d6-9559-dcbcdfbf3e49', 'created': '2025-11-19T05:13:52.302661+00:00'}
2025-11-19T05:13:52.312656+00:00 CRITICAL 'ansible_navigator.actions.run_playbook._handle_message' Unhandled message from runner queue, discarded: {'event': 'verbose', 'uuid': '7b986e09-9d07-478d-9d2d-5281dba03b1f', 'counter': 2, 'stdout': "[WARNING]: provided hosts list is empty, only localhost is available. Note that the implicit localhost does not match 'all'", 'start_line': 1, 'end_line': 2, 'runner_ident': 'adccf3e6-b2c1-46d6-9559-dcbcdfbf3e49', 'created': '2025-11-19T05:13:52.305874+00:00'}
2025-11-19T05:13:53.024784+00:00 WARNING 'ansible_navigator.image_manager.puller._log_message' Image inspection failed, image assumed to be corrupted or missing
2025-11-19T05:13:53.025238+00:00 WARNING 'ansible_navigator.image_manager.puller._log_message' stdout: 
2025-11-19T05:13:53.025274+00:00 WARNING 'ansible_navigator.image_manager.puller._log_message' stderr: Cannot connect to Podman. Please verify your connection to the Linux system using `podman system connection list`, or try `podman machine init` and `podman machine start` to manage a new Linux VM
Error: unable to connect to Podman socket: failed to connect: dial tcp 127.0.0.1:65392: connect: connection refused

2025-11-19T05:13:53.043164+00:00 ERROR 'ansible_navigator.image_manager.puller._log_message' Execution environment pull failed
2025-11-19T05:13:53.949104+00:00 CRITICAL 'ansible_navigator.actions.run_playbook._handle_message' Unhandled message from runner queue, discarded: {'event': 'verbose', 'uuid': '37c6b188-0c88-4ed0-ba71-6747e50b946b', 'counter': 1, 'stdout': '[WARNING]: No inventory was parsed, only implicit localhost is available', 'start_line': 0, 'end_line': 1, 'runner_ident': 'bc1e7bd3-d0f9-4cc5-8852-76c590416172', 'created': '2025-11-19T05:13:53.947100+00:00'}
2025-11-19T05:13:53.959715+00:00 CRITICAL 'ansible_navigator.actions.run_playbook._handle_message' Unhandled message from runner queue, discarded: {'event': 'verbose', 'uuid': '572744f7-76fa-428e-baba-a732cad26758', 'counter': 2, 'stdout': "[WARNING]: provided hosts list is empty, only localhost is available. Note that the implicit localhost does not match 'all'", 'start_line': 1, 'end_line': 2, 'runner_ident': 'bc1e7bd3-d0f9-4cc5-8852-76c590416172', 'created': '2025-11-19T05:13:53.949408+00:00'}
2025-11-19T05:13:54.650230+00:00 WARNING 'ansible_navigator.image_manager.puller._log_message' Image inspection failed, image assumed to be corrupted or missing
2025-11-19T05:13:54.650650+00:00 WARNING 'ansible_navigator.image_manager.puller._log_message' stdout: 
2025-11-19T05:13:54.650683+00:00 WARNING 'ansible_navigator.image_manager.puller._log_message' stderr: Cannot connect to Podman. Please verify your connection to the Linux system using `podman system connection list`, or try `podman machine init` and `podman machine start` to manage a new Linux VM
Error: unable to connect to Podman socket: failed to connect: dial tcp 127.0.0.1:65392: connect: connection refused

2025-11-19T05:13:54.670542+00:00 ERROR 'ansible_navigator.image_manager.puller._log_message' Execution environment pull failed
2025-11-19T05:13:55.616469+00:00 CRITICAL 'ansible_navigator.actions.run_playbook._handle_message' Unhandled message from runner queue, discarded: {'event': 'verbose', 'uuid': '631a511b-ce7a-4074-b8eb-fa4a2cfeb2e8', 'counter': 1, 'stdout': '[WARNING]: No inventory was parsed, only implicit localhost is available', 'start_line': 0, 'end_line': 1, 'runner_ident': '3a20b0c2-b3cb-4031-ba3c-c545a6a2ef44', 'created': '2025-11-19T05:13:55.615434+00:00'}
2025-11-19T05:13:55.629287+00:00 CRITICAL 'ansible_navigator.actions.run_playbook._handle_message' Unhandled message from runner queue, discarded: {'event': 'verbose', 'uuid': 'bf3bd5ad-fd6a-4c10-9286-ff186f67a624', 'counter': 2, 'stdout': "[WARNING]: provided hosts list is empty, only localhost is available. Note that the implicit localhost does not match 'all'", 'start_line': 1, 'end_line': 2, 'runner_ident': '3a20b0c2-b3cb-4031-ba3c-c545a6a2ef44', 'created': '2025-11-19T05:13:55.617870+00:00'}
2025-11-19T05:13:56.310853+00:00 WARNING 'ansible_navigator.image_manager.puller._log_message' Image inspection failed, image assumed to be corrupted or missing
2025-11-19T05:13:56.311264+00:00 WARNING 'ansible_navigator.image_manager.puller._log_message' stdout: 
2025-11-19T05:13:56.311295+00:00 WARNING 'ansible_navigator.image_manager.puller._log_message' stderr: Cannot connect to Podman. Please verify your connection to the Linux system using `podman system connection list`, or try `podman machine init` and `podman machine start` to manage a new Linux VM
Error: unable to connect to Podman socket: failed to connect: dial tcp 127.0.0.1:65392: connect: connection refused

2025-11-19T05:13:56.328991+00:00 ERROR 'ansible_navigator.image_manager.puller._log_message' Execution environment pull failed
2025-11-19T05:13:57.270222+00:00 CRITICAL 'ansible_navigator.actions.run_playbook._handle_message' Unhandled message from runner queue, discarded: {'event': 'verbose', 'uuid': '864d6c6b-cb14-46fa-86ba-26c551bcac31', 'counter': 1, 'stdout': '[WARNING]: No inventory was parsed, only implicit localhost is available', 'start_line': 0, 'end_line': 1, 'runner_ident': '1837573b-a106-4d32-a7e5-98fb4c77537d', 'created': '2025-11-19T05:13:57.267825+00:00'}
2025-11-19T05:13:57.270546+00:00 CRITICAL 'ansible_navigator.actions.run_playbook._handle_message' Unhandled message from runner queue, discarded: {'event': 'verbose', 'uuid': '9b4d851b-4236-4215-a068-fea1dc36eb8f', 'counter': 2, 'stdout': "[WARNING]: provided hosts list is empty, only localhost is available. Note that the implicit localhost does not match 'all'", 'start_line': 1, 'end_line': 2, 'runner_ident': '1837573b-a106-4d32-a7e5-98fb4c77537d', 'created': '2025-11-19T05:13:57.269951+00:00'}
2025-11-19T05:13:57.962209+00:00 WARNING 'ansible_navigator.image_manager.puller._log_message' Image inspection failed, image assumed to be corrupted or missing
2025-11-19T05:13:57.962711+00:00 WARNING 'ansible_navigator.image_manager.puller._log_message' stdout: 
2025-11-19T05:13:57.962765+00:00 WARNING 'ansible_navigator.image_manager.puller._log_message' stderr: Cannot connect to Podman. Please verify your connection to the Linux system using `podman system connection list`, or try `podman machine init` and `podman machine start` to manage a new Linux VM
Error: unable to connect to Podman socket: failed to connect: dial tcp 127.0.0.1:65392: connect: connection refused

2025-11-19T05:13:57.981298+00:00 ERROR 'ansible_navigator.image_manager.puller._log_message' Execution environment pull failed
2025-11-19T05:13:59.097352+00:00 WARNING 'ansible_navigator.image_manager.puller._log_message' Image inspection failed, image assumed to be corrupted or missing
2025-11-19T05:13:59.097772+00:00 WARNING 'ansible_navigator.image_manager.puller._log_message' stdout: 
2025-11-19T05:13:59.097806+00:00 WARNING 'ansible_navigator.image_manager.puller._log_message' stderr: Cannot connect to Podman. Please verify your connection to the Linux system using `podman system connection list`, or try `podman machine init` and `podman machine start` to manage a new Linux VM
Error: unable to connect to Podman socket: failed to connect: dial tcp 127.0.0.1:65392: connect: connection refused

2025-11-19T05:13:59.114646+00:00 ERROR 'ansible_navigator.image_manager.puller._log_message' Execution environment pull failed
2025-11-19T05:14:00.083086+00:00 CRITICAL 'ansible_navigator.actions.run_playbook._handle_message' Unhandled message from runner queue, discarded: {'event': 'verbose', 'uuid': '9bc42363-4150-4606-8543-d5982d4e17ed', 'counter': 1, 'stdout': '[WARNING]: No inventory was parsed, only implicit localhost is available', 'start_line': 0, 'end_line': 1, 'runner_ident': 'c9cda77e-0c3b-4bab-b6c7-49529e4041b8', 'created': '2025-11-19T05:14:00.072845+00:00'}
2025-11-19T05:14:00.083344+00:00 CRITICAL 'ansible_navigator.actions.run_playbook._handle_message' Unhandled message from runner queue, discarded: {'event': 'verbose', 'uuid': 'f72c8748-54fc-4464-891d-e085210bd736', 'counter': 2, 'stdout': "[WARNING]: provided hosts list is empty, only localhost is available. Note that the implicit localhost does not match 'all'", 'start_line': 1, 'end_line': 2, 'runner_ident': 'c9cda77e-0c3b-4bab-b6c7-49529e4041b8', 'created': '2025-11-19T05:14:00.075340+00:00'}
2025-11-19T05:14:00.781698+00:00 WARNING 'ansible_navigator.image_manager.puller._log_message' Image inspection failed, image assumed to be corrupted or missing
2025-11-19T05:14:00.782120+00:00 WARNING 'ansible_navigator.image_manager.puller._log_message' stdout: 
2025-11-19T05:14:00.782151+00:00 WARNING 'ansible_navigator.image_manager.puller._log_message' stderr: Cannot connect to Podman. Please verify your connection to the Linux system using `podman system connection list`, or try `podman machine init` and `podman machine start` to manage a new Linux VM
Error: unable to connect to Podman socket: failed to connect: dial tcp 127.0.0.1:65392: connect: connection refused

2025-11-19T05:14:00.801340+00:00 ERROR 'ansible_navigator.image_manager.puller._log_message' Execution environment pull failed
2025-11-19T05:14:01.770524+00:00 CRITICAL 'ansible_navigator.actions.run_playbook._handle_message' Unhandled message from runner queue, discarded: {'event': 'verbose', 'uuid': '10183d8e-16db-45b8-acfd-8497d0072bc4', 'counter': 1, 'stdout': '[WARNING]: No inventory was parsed, only implicit localhost is available', 'start_line': 0, 'end_line': 1, 'runner_ident': '67896bf1-c880-451f-922d-6470c35a238f', 'created': '2025-11-19T05:14:01.765931+00:00'}
2025-11-19T05:14:01.770738+00:00 CRITICAL 'ansible_navigator.actions.run_playbook._handle_message' Unhandled message from runner queue, discarded: {'event': 'verbose', 'uuid': '47bd93be-2405-4f14-91b3-c3a90013af9a', 'counter': 2, 'stdout': "[WARNING]: provided hosts list is empty, only localhost is available. Note that the implicit localhost does not match 'all'", 'start_line': 1, 'end_line': 2, 'runner_ident': '67896bf1-c880-451f-922d-6470c35a238f', 'created': '2025-11-19T05:14:01.768380+00:00'}
2025-11-19T05:14:02.425436+00:00 WARNING 'ansible_navigator.image_manager.puller._log_message' Image inspection failed, image assumed to be corrupted or missing
2025-11-19T05:14:02.425883+00:00 WARNING 'ansible_navigator.image_manager.puller._log_message' stdout: 
2025-11-19T05:14:02.425919+00:00 WARNING 'ansible_navigator.image_manager.puller._log_message' stderr: Cannot connect to Podman. Please verify your connection to the Linux system using `podman system connection list`, or try `podman machine init` and `podman machine start` to manage a new Linux VM
Error: unable to connect to Podman socket: failed to connect: dial tcp 127.0.0.1:65392: connect: connection refused

2025-11-19T05:14:02.443308+00:00 ERROR 'ansible_navigator.image_manager.puller._log_message' Execution environment pull failed
2025-11-19T05:14:03.403848+00:00 CRITICAL 'ansible_navigator.actions.run_playbook._handle_message' Unhandled message from runner queue, discarded: {'event': 'verbose', 'uuid': 'ea06dbbc-d1d1-4187-870e-97c209b1e138', 'counter': 1, 'stdout': '[WARNING]: No inventory was parsed, only implicit localhost is available', 'start_line': 0, 'end_line': 1, 'runner_ident': '426a128f-5a79-4f95-9e43-89cc89b1f363', 'created': '2025-11-19T05:14:03.397767+00:00'}
2025-11-19T05:14:03.404087+00:00 CRITICAL 'ansible_navigator.actions.run_playbook._handle_message' Unhandled message from runner queue, discarded: {'event': 'verbose', 'uuid': '3377cdf3-8320-4919-9bd9-e1084e28b87f', 'counter': 2, 'stdout': "[WARNING]: provided hosts list is empty, only localhost is available. Note that the implicit localhost does not match 'all'", 'start_line': 1, 'end_line': 2, 'runner_ident': '426a128f-5a79-4f95-9e43-89cc89b1f363', 'created': '2025-11-19T05:14:03.400128+00:00'}
2025-11-19T05:14:04.064257+00:00 WARNING 'ansible_navigator.image_manager.puller._log_message' Image inspection failed, image assumed to be corrupted or missing
2025-11-19T05:14:04.064671+00:00 WARNING 'ansible_navigator.image_manager.puller._log_message' stdout: 
2025-11-19T05:14:04.064701+00:00 WARNING 'ansible_navigator.image_manager.puller._log_message' stderr: Cannot connect to Podman. Please verify your connection to the Linux system using `podman system connection list`, or try `podman machine init` and `podman machine start` to manage a new Linux VM
Error: unable to connect to Podman socket: failed to connect: dial tcp 127.0.0.1:65392: connect: connection refused

2025-11-19T05:14:04.081458+00:00 ERROR 'ansible_navigator.image_manager.puller._log_message' Execution environment pull failed
2025-11-19T05:14:05.088836+00:00 CRITICAL 'ansible_navigator.actions.run_playbook._handle_message' Unhandled message from runner queue, discarded: {'event': 'verbose', 'uuid': 'b6b786f2-71c5-4a0a-a3bd-b76cfe2def9b', 'counter': 1, 'stdout': '[WARNING]: No inventory was parsed, only implicit localhost is available', 'start_line': 0, 'end_line': 1, 'runner_ident': '1c8f4265-0876-461f-b0b6-31f36bef470c', 'created': '2025-11-19T05:14:05.085326+00:00'}
2025-11-19T05:14:05.089072+00:00 CRITICAL 'ansible_navigator.actions.run_playbook._handle_message' Unhandled message from runner queue, discarded: {'event': 'verbose', 'uuid': '47ee0f4c-d91c-48fc-8032-e67f3dbeb142', 'counter': 2, 'stdout': "[WARNING]: provided hosts list is empty, only localhost is available. Note that the implicit localhost does not match 'all'", 'start_line': 1, 'end_line': 2, 'runner_ident': '1c8f4265-0876-461f-b0b6-31f36bef470c', 'created': '2025-11-19T05:14:05.087648+00:00'}
